<?xml version="1.0" encoding="UTF-8"?>
<testsuite name="by.akimova.educationSystem.EducationSystemApplicationTests" tests="1" skipped="0" failures="0" errors="0" timestamp="2022-01-13T10:55:35" hostname="DESKTOP-75BC30H" time="0.311">
  <properties/>
  <testcase name="contextLoads()" classname="by.akimova.educationSystem.EducationSystemApplicationTests" time="0.311"/>
  <system-out><![CDATA[13:55:29.457 [Test worker] DEBUG org.springframework.test.context.BootstrapUtils - Instantiating CacheAwareContextLoaderDelegate from class [org.springframework.test.context.cache.DefaultCacheAwareContextLoaderDelegate]
13:55:29.470 [Test worker] DEBUG org.springframework.test.context.BootstrapUtils - Instantiating BootstrapContext using constructor [public org.springframework.test.context.support.DefaultBootstrapContext(java.lang.Class,org.springframework.test.context.CacheAwareContextLoaderDelegate)]
13:55:29.495 [Test worker] DEBUG org.springframework.test.context.BootstrapUtils - Instantiating TestContextBootstrapper for test class [by.akimova.educationSystem.EducationSystemApplicationTests] from class [org.springframework.boot.test.context.SpringBootTestContextBootstrapper]
13:55:29.503 [Test worker] INFO org.springframework.boot.test.context.SpringBootTestContextBootstrapper - Neither @ContextConfiguration nor @ContextHierarchy found for test class [by.akimova.educationSystem.EducationSystemApplicationTests], using SpringBootContextLoader
13:55:29.506 [Test worker] DEBUG org.springframework.test.context.support.AbstractContextLoader - Did not detect default resource location for test class [by.akimova.educationSystem.EducationSystemApplicationTests]: class path resource [by/akimova/educationSystem/EducationSystemApplicationTests-context.xml] does not exist
13:55:29.506 [Test worker] DEBUG org.springframework.test.context.support.AbstractContextLoader - Did not detect default resource location for test class [by.akimova.educationSystem.EducationSystemApplicationTests]: class path resource [by/akimova/educationSystem/EducationSystemApplicationTestsContext.groovy] does not exist
13:55:29.506 [Test worker] INFO org.springframework.test.context.support.AbstractContextLoader - Could not detect default resource locations for test class [by.akimova.educationSystem.EducationSystemApplicationTests]: no resource found for suffixes {-context.xml, Context.groovy}.
13:55:29.507 [Test worker] INFO org.springframework.test.context.support.AnnotationConfigContextLoaderUtils - Could not detect default configuration classes for test class [by.akimova.educationSystem.EducationSystemApplicationTests]: EducationSystemApplicationTests does not declare any static, non-private, non-final, nested classes annotated with @Configuration.
13:55:29.542 [Test worker] DEBUG org.springframework.test.context.support.ActiveProfilesUtils - Could not find an 'annotation declaring class' for annotation type [org.springframework.test.context.ActiveProfiles] and class [by.akimova.educationSystem.EducationSystemApplicationTests]
13:55:29.592 [Test worker] DEBUG org.springframework.context.annotation.ClassPathScanningCandidateComponentProvider - Identified candidate component class: file [C:\Users\505Dell\project\educationSystem\build\classes\java\main\by\akimova\educationSystem\EducationSystemApplication.class]
13:55:29.593 [Test worker] INFO org.springframework.boot.test.context.SpringBootTestContextBootstrapper - Found @SpringBootConfiguration by.akimova.educationSystem.EducationSystemApplication for test class by.akimova.educationSystem.EducationSystemApplicationTests
13:55:29.687 [Test worker] DEBUG org.springframework.boot.test.context.SpringBootTestContextBootstrapper - @TestExecutionListeners is not present for class [by.akimova.educationSystem.EducationSystemApplicationTests]: using defaults.
13:55:29.687 [Test worker] INFO org.springframework.boot.test.context.SpringBootTestContextBootstrapper - Loaded default TestExecutionListener class names from location [META-INF/spring.factories]: [org.springframework.boot.test.autoconfigure.restdocs.RestDocsTestExecutionListener, org.springframework.boot.test.autoconfigure.web.client.MockRestServiceServerResetTestExecutionListener, org.springframework.boot.test.autoconfigure.web.servlet.MockMvcPrintOnlyOnFailureTestExecutionListener, org.springframework.boot.test.autoconfigure.web.servlet.WebDriverTestExecutionListener, org.springframework.boot.test.autoconfigure.webservices.client.MockWebServiceServerTestExecutionListener, org.springframework.boot.test.mock.mockito.MockitoTestExecutionListener, org.springframework.boot.test.mock.mockito.ResetMocksTestExecutionListener, org.springframework.test.context.web.ServletTestExecutionListener, org.springframework.test.context.support.DirtiesContextBeforeModesTestExecutionListener, org.springframework.test.context.event.ApplicationEventsTestExecutionListener, org.springframework.test.context.support.DependencyInjectionTestExecutionListener, org.springframework.test.context.support.DirtiesContextTestExecutionListener, org.springframework.test.context.transaction.TransactionalTestExecutionListener, org.springframework.test.context.jdbc.SqlScriptsTestExecutionListener, org.springframework.test.context.event.EventPublishingTestExecutionListener]
13:55:29.703 [Test worker] INFO org.springframework.boot.test.context.SpringBootTestContextBootstrapper - Using TestExecutionListeners: [org.springframework.test.context.web.ServletTestExecutionListener@10650953, org.springframework.test.context.support.DirtiesContextBeforeModesTestExecutionListener@659eef7, org.springframework.test.context.event.ApplicationEventsTestExecutionListener@162be91c, org.springframework.boot.test.mock.mockito.MockitoTestExecutionListener@2488b073, org.springframework.boot.test.autoconfigure.SpringBootDependencyInjectionTestExecutionListener@1c9f0a20, org.springframework.test.context.support.DirtiesContextTestExecutionListener@55787112, org.springframework.test.context.transaction.TransactionalTestExecutionListener@1cd201a8, org.springframework.test.context.jdbc.SqlScriptsTestExecutionListener@7db82169, org.springframework.test.context.event.EventPublishingTestExecutionListener@1992eaf4, org.springframework.boot.test.autoconfigure.restdocs.RestDocsTestExecutionListener@f74e835, org.springframework.boot.test.autoconfigure.web.client.MockRestServiceServerResetTestExecutionListener@3276732, org.springframework.boot.test.autoconfigure.web.servlet.MockMvcPrintOnlyOnFailureTestExecutionListener@3f28bd56, org.springframework.boot.test.autoconfigure.web.servlet.WebDriverTestExecutionListener@31e3250d, org.springframework.boot.test.autoconfigure.webservices.client.MockWebServiceServerTestExecutionListener@19fe4644, org.springframework.boot.test.mock.mockito.ResetMocksTestExecutionListener@21d8bcbe]
13:55:29.706 [Test worker] DEBUG org.springframework.test.context.support.AbstractDirtiesContextTestExecutionListener - Before test class: context [DefaultTestContext@132ddbab testClass = EducationSystemApplicationTests, testInstance = [null], testMethod = [null], testException = [null], mergedContextConfiguration = [WebMergedContextConfiguration@297ea53a testClass = EducationSystemApplicationTests, locations = '{}', classes = '{class by.akimova.educationSystem.EducationSystemApplication}', contextInitializerClasses = '[]', activeProfiles = '{}', propertySourceLocations = '{}', propertySourceProperties = '{org.springframework.boot.test.context.SpringBootTestContextBootstrapper=true}', contextCustomizers = set[org.springframework.boot.test.autoconfigure.actuate.metrics.MetricsExportContextCustomizerFactory$DisableMetricExportContextCustomizer@336f1079, org.springframework.boot.test.autoconfigure.properties.PropertyMappingContextCustomizer@0, org.springframework.boot.test.autoconfigure.web.servlet.WebDriverContextCustomizerFactory$Customizer@40db2a24, org.springframework.boot.test.context.filter.ExcludeFilterContextCustomizer@7f132176, org.springframework.boot.test.json.DuplicateJsonObjectContextCustomizerFactory$DuplicateJsonObjectContextCustomizer@6ed3f258, org.springframework.boot.test.mock.mockito.MockitoContextCustomizer@0, org.springframework.boot.test.web.client.TestRestTemplateContextCustomizer@53de625d, org.springframework.boot.test.context.SpringBootTestArgs@1, org.springframework.boot.test.context.SpringBootTestWebEnvironment@31e5415e], resourceBasePath = 'src/main/webapp', contextLoader = 'org.springframework.boot.test.context.SpringBootContextLoader', parent = [null]], attributes = map['org.springframework.test.context.web.ServletTestExecutionListener.activateListener' -> true]], class annotated with @DirtiesContext [false] with mode [null].
13:55:29.744 [Test worker] DEBUG org.springframework.boot.ApplicationServletEnvironment - Activating profiles []
13:55:29.745 [Test worker] DEBUG org.springframework.test.context.support.TestPropertySourceUtils - Adding inlined properties to environment: {spring.jmx.enabled=false, org.springframework.boot.test.context.SpringBootTestContextBootstrapper=true}

  .   ____          _            __ _ _
 /\\ / ___'_ __ _ _(_)_ __  __ _ \ \ \ \
( ( )\___ | '_ | '_| | '_ \/ _` | \ \ \ \
 \\/  ___)| |_)| | | | | || (_| |  ) ) ) )
  '  |____| .__|_| |_|_| |_\__, | / / / /
 =========|_|==============|___/=/_/_/_/
 :: Spring Boot ::                (v2.6.2)

educationSystem 2022-01-13 13:55:30.037 [,] [Test worker] INFO b.a.e.EducationSystemApplicationTests - Starting EducationSystemApplicationTests using Java 17.0.1 on DESKTOP-75BC30H with PID 16124 (started by 505Dell in C:\Users\505Dell\project\educationSystem)
educationSystem 2022-01-13 13:55:30.038 [,] [Test worker] DEBUG b.a.e.EducationSystemApplicationTests - Running with Spring Boot v2.6.2, Spring v5.3.14
educationSystem 2022-01-13 13:55:30.038 [,] [Test worker] INFO b.a.e.EducationSystemApplicationTests - The following profiles are active: dev
educationSystem 2022-01-13 13:55:30.039 [,] [Test worker] DEBUG o.s.boot.SpringApplication - Loading source class by.akimova.educationSystem.EducationSystemApplication
educationSystem 2022-01-13 13:55:30.075 [,] [Test worker] DEBUG o.s.w.c.s.GenericWebApplicationContext - Refreshing org.springframework.web.context.support.GenericWebApplicationContext@66bfd864
educationSystem 2022-01-13 13:55:30.098 [,] [Test worker] DEBUG o.s.b.f.s.DefaultListableBeanFactory - Creating shared instance of singleton bean 'org.springframework.context.annotation.internalConfigurationAnnotationProcessor'
educationSystem 2022-01-13 13:55:30.112 [,] [Test worker] DEBUG o.s.b.f.s.DefaultListableBeanFactory - Creating shared instance of singleton bean 'org.springframework.boot.autoconfigure.internalCachingMetadataReaderFactory'
educationSystem 2022-01-13 13:55:30.167 [,] [Test worker] DEBUG o.s.c.a.ClassPathBeanDefinitionScanner - Identified candidate component class: file [C:\Users\505Dell\project\educationSystem\build\classes\java\main\by\akimova\educationSystem\controller\UserController.class]
educationSystem 2022-01-13 13:55:30.179 [,] [Test worker] DEBUG o.s.c.a.ClassPathBeanDefinitionScanner - Ignored because not a concrete top-level class: file [C:\Users\505Dell\project\educationSystem\build\classes\java\main\by\akimova\educationSystem\repository\UserRepo.class]
educationSystem 2022-01-13 13:55:30.183 [,] [Test worker] DEBUG o.s.c.a.ClassPathBeanDefinitionScanner - Identified candidate component class: file [C:\Users\505Dell\project\educationSystem\build\classes\java\main\by\akimova\educationSystem\service\impl\UserServiceImpl.class]
educationSystem 2022-01-13 13:55:30.662 [,] [Test worker] INFO o.s.d.r.c.RepositoryConfigurationDelegate - Bootstrapping Spring Data JPA repositories in DEFAULT mode.
educationSystem 2022-01-13 13:55:30.673 [,] [Test worker] DEBUG o.s.b.f.s.DefaultListableBeanFactory - Creating shared instance of singleton bean 'org.springframework.boot.autoconfigure.AutoConfigurationPackages'
educationSystem 2022-01-13 13:55:30.673 [,] [Test worker] DEBUG o.s.b.a.AutoConfigurationPackages - @EnableAutoConfiguration was declared on a class in the package 'by.akimova.educationSystem'. Automatic @Repository and @Entity scanning is enabled.
educationSystem 2022-01-13 13:55:30.675 [,] [Test worker] DEBUG o.s.d.r.c.RepositoryConfigurationDelegate - Scanning for JPA repositories in packages by.akimova.educationSystem.
educationSystem 2022-01-13 13:55:30.688 [,] [Test worker] DEBUG o.s.d.r.c.RepositoryComponentProvider - Identified candidate component class: file [C:\Users\505Dell\project\educationSystem\build\classes\java\main\by\akimova\educationSystem\repository\UserRepo.class]
educationSystem 2022-01-13 13:55:30.724 [,] [Test worker] DEBUG o.s.c.a.ClassPathScanningCandidateComponentProvider - Identified candidate component class: file [C:\Users\505Dell\project\educationSystem\build\classes\java\main\by\akimova\educationSystem\service\impl\UserServiceImpl.class]
educationSystem 2022-01-13 13:55:30.736 [,] [Test worker] INFO o.s.d.r.c.RepositoryConfigurationDelegate - Finished Spring Data repository scanning in 60 ms. Found 1 JPA repository interfaces.
educationSystem 2022-01-13 13:55:30.893 [,] [Test worker] DEBUG o.s.b.f.s.DefaultListableBeanFactory - Creating shared instance of singleton bean 'propertySourcesPlaceholderConfigurer'
educationSystem 2022-01-13 13:55:30.897 [,] [Test worker] DEBUG o.s.b.f.s.DefaultListableBeanFactory - Creating shared instance of singleton bean 'org.springframework.boot.test.mock.mockito.MockitoPostProcessor'
educationSystem 2022-01-13 13:55:30.902 [,] [Test worker] DEBUG o.s.b.f.s.DefaultListableBeanFactory - Creating shared instance of singleton bean 'emBeanDefinitionRegistrarPostProcessor'
educationSystem 2022-01-13 13:55:30.902 [,] [Test worker] DEBUG o.s.b.f.s.DefaultListableBeanFactory - Creating shared instance of singleton bean 'org.springframework.boot.sql.init.dependency.DatabaseInitializationDependencyConfigurer$DependsOnDatabaseInitializationPostProcessor'
educationSystem 2022-01-13 13:55:30.939 [,] [Test worker] DEBUG o.s.b.f.s.DefaultListableBeanFactory - Creating shared instance of singleton bean 'org.springframework.context.event.internalEventListenerProcessor'
educationSystem 2022-01-13 13:55:30.940 [,] [Test worker] DEBUG o.s.b.f.s.DefaultListableBeanFactory - Creating shared instance of singleton bean 'preserveErrorControllerTargetClassPostProcessor'
educationSystem 2022-01-13 13:55:30.941 [,] [Test worker] DEBUG o.s.b.f.s.DefaultListableBeanFactory - Creating shared instance of singleton bean 'org.springframework.context.event.internalEventListenerFactory'
educationSystem 2022-01-13 13:55:30.941 [,] [Test worker] DEBUG o.s.b.f.s.DefaultListableBeanFactory - Creating shared instance of singleton bean 'org.springframework.transaction.config.internalTransactionalEventListenerFactory'
educationSystem 2022-01-13 13:55:30.943 [,] [Test worker] DEBUG o.s.b.f.s.DefaultListableBeanFactory - Creating shared instance of singleton bean 'org.springframework.boot.test.mock.mockito.MockitoPostProcessor$SpyPostProcessor'
educationSystem 2022-01-13 13:55:30.944 [,] [Test worker] DEBUG o.s.b.f.s.DefaultListableBeanFactory - Creating shared instance of singleton bean 'org.springframework.context.annotation.internalAutowiredAnnotationProcessor'
educationSystem 2022-01-13 13:55:30.945 [,] [Test worker] DEBUG o.s.b.f.s.DefaultListableBeanFactory - Creating shared instance of singleton bean 'org.springframework.context.annotation.internalCommonAnnotationProcessor'
educationSystem 2022-01-13 13:55:30.948 [,] [Test worker] DEBUG o.s.b.f.s.DefaultListableBeanFactory - Creating shared instance of singleton bean 'org.springframework.context.annotation.internalPersistenceAnnotationProcessor'
educationSystem 2022-01-13 13:55:30.949 [,] [Test worker] DEBUG o.s.b.f.s.DefaultListableBeanFactory - Creating shared instance of singleton bean 'org.springframework.boot.context.properties.ConfigurationPropertiesBindingPostProcessor'
educationSystem 2022-01-13 13:55:30.949 [,] [Test worker] DEBUG o.s.b.f.s.DefaultListableBeanFactory - Creating shared instance of singleton bean 'org.springframework.boot.context.internalConfigurationPropertiesBinder'
educationSystem 2022-01-13 13:55:30.949 [,] [Test worker] DEBUG o.s.b.f.s.DefaultListableBeanFactory - Creating shared instance of singleton bean 'org.springframework.boot.context.internalConfigurationPropertiesBinderFactory'
educationSystem 2022-01-13 13:55:30.951 [,] [Test worker] DEBUG o.s.b.f.s.DefaultListableBeanFactory - Creating shared instance of singleton bean 'org.springframework.aop.config.internalAutoProxyCreator'
educationSystem 2022-01-13 13:55:30.973 [,] [Test worker] DEBUG o.s.b.f.s.DefaultListableBeanFactory - Creating shared instance of singleton bean 'persistenceExceptionTranslationPostProcessor'
educationSystem 2022-01-13 13:55:30.981 [,] [Test worker] DEBUG o.s.b.f.s.DefaultListableBeanFactory - Autowiring by type from bean name 'persistenceExceptionTranslationPostProcessor' via factory method to bean named 'environment'
educationSystem 2022-01-13 13:55:30.988 [,] [Test worker] DEBUG o.s.b.f.s.DefaultListableBeanFactory - Creating shared instance of singleton bean 'webServerFactoryCustomizerBeanPostProcessor'
educationSystem 2022-01-13 13:55:30.991 [,] [Test worker] DEBUG o.s.b.f.s.DefaultListableBeanFactory - Creating shared instance of singleton bean 'errorPageRegistrarBeanPostProcessor'
educationSystem 2022-01-13 13:55:30.995 [,] [Test worker] DEBUG o.s.b.f.s.DefaultListableBeanFactory - Creating shared instance of singleton bean 'projectingArgumentResolverBeanPostProcessor'
educationSystem 2022-01-13 13:55:30.996 [,] [Test worker] DEBUG o.s.b.f.s.DefaultListableBeanFactory - Creating shared instance of singleton bean 'org.springframework.transaction.config.internalTransactionAdvisor'
educationSystem 2022-01-13 13:55:30.997 [,] [Test worker] DEBUG o.s.b.f.s.DefaultListableBeanFactory - Creating shared instance of singleton bean 'org.springframework.transaction.annotation.ProxyTransactionManagementConfiguration'
educationSystem 2022-01-13 13:55:31.005 [,] [Test worker] DEBUG o.s.b.f.s.DefaultListableBeanFactory - Creating shared instance of singleton bean 'transactionAttributeSource'
educationSystem 2022-01-13 13:55:31.009 [,] [Test worker] DEBUG o.s.b.f.s.DefaultListableBeanFactory - Creating shared instance of singleton bean 'transactionInterceptor'
educationSystem 2022-01-13 13:55:31.009 [,] [Test worker] DEBUG o.s.b.f.s.DefaultListableBeanFactory - Autowiring by type from bean name 'transactionInterceptor' via factory method to bean named 'transactionAttributeSource'
educationSystem 2022-01-13 13:55:31.017 [,] [Test worker] DEBUG o.s.b.f.s.DefaultListableBeanFactory - Autowiring by type from bean name 'org.springframework.transaction.config.internalTransactionAdvisor' via factory method to bean named 'transactionAttributeSource'
educationSystem 2022-01-13 13:55:31.017 [,] [Test worker] DEBUG o.s.b.f.s.DefaultListableBeanFactory - Autowiring by type from bean name 'org.springframework.transaction.config.internalTransactionAdvisor' via factory method to bean named 'transactionInterceptor'
educationSystem 2022-01-13 13:55:31.042 [,] [Test worker] DEBUG o.s.u.c.s.UiApplicationContextUtils - Unable to locate ThemeSource with name 'themeSource': using default [org.springframework.ui.context.support.ResourceBundleThemeSource@60990e5c]
educationSystem 2022-01-13 13:55:31.043 [,] [Test worker] DEBUG o.s.b.f.s.DefaultListableBeanFactory - Creating shared instance of singleton bean 'liquibase'
educationSystem 2022-01-13 13:55:31.043 [,] [Test worker] DEBUG o.s.b.f.s.DefaultListableBeanFactory - Creating shared instance of singleton bean 'org.springframework.boot.autoconfigure.liquibase.LiquibaseAutoConfiguration$LiquibaseConfiguration'
educationSystem 2022-01-13 13:55:31.043 [,] [Test worker] DEBUG o.s.b.f.s.DefaultListableBeanFactory - Creating shared instance of singleton bean 'spring.liquibase-org.springframework.boot.autoconfigure.liquibase.LiquibaseProperties'
educationSystem 2022-01-13 13:55:31.046 [,] [Test worker] DEBUG o.s.b.f.s.DefaultListableBeanFactory - Creating shared instance of singleton bean 'org.springframework.boot.context.properties.BoundConfigurationProperties'
educationSystem 2022-01-13 13:55:31.066 [,] [Test worker] DEBUG o.s.b.f.s.DefaultListableBeanFactory - Autowiring by type from bean name 'org.springframework.boot.autoconfigure.liquibase.LiquibaseAutoConfiguration$LiquibaseConfiguration' via constructor to bean named 'spring.liquibase-org.springframework.boot.autoconfigure.liquibase.LiquibaseProperties'
educationSystem 2022-01-13 13:55:31.074 [,] [Test worker] DEBUG o.s.b.f.s.DefaultListableBeanFactory - Creating shared instance of singleton bean 'dataSource'
educationSystem 2022-01-13 13:55:31.075 [,] [Test worker] DEBUG o.s.b.f.s.DefaultListableBeanFactory - Creating shared instance of singleton bean 'org.springframework.boot.autoconfigure.jdbc.DataSourceConfiguration$Hikari'
educationSystem 2022-01-13 13:55:31.077 [,] [Test worker] DEBUG o.s.b.f.s.DefaultListableBeanFactory - Creating shared instance of singleton bean 'spring.datasource-org.springframework.boot.autoconfigure.jdbc.DataSourceProperties'
educationSystem 2022-01-13 13:55:31.095 [,] [Test worker] DEBUG o.s.b.f.s.DefaultListableBeanFactory - Autowiring by type from bean name 'dataSource' via factory method to bean named 'spring.datasource-org.springframework.boot.autoconfigure.jdbc.DataSourceProperties'
educationSystem 2022-01-13 13:55:31.098 [,] [Test worker] DEBUG com.zaxxer.hikari.HikariConfig - Driver class org.postgresql.Driver found in Thread context class loader jdk.internal.loader.ClassLoaders$AppClassLoader@2a139a55
educationSystem 2022-01-13 13:55:31.162 [,] [Test worker] DEBUG liquibase.configuration - No configuration value for liquibase.hub.apiKey found
educationSystem 2022-01-13 13:55:31.162 [,] [Test worker] DEBUG liquibase.configuration - No configuration value for liquibase.filterLogMessages found
educationSystem 2022-01-13 13:55:31.162 [,] [Test worker] DEBUG liquibase.servicelocator - Loaded liquibase.configuration.AutoloadedConfigurations instance liquibase.GlobalConfiguration
educationSystem 2022-01-13 13:55:31.166 [,] [Test worker] DEBUG liquibase.servicelocator - Loaded liquibase.configuration.AutoloadedConfigurations instance liquibase.integration.commandline.LiquibaseCommandLineConfiguration
educationSystem 2022-01-13 13:55:31.167 [,] [Test worker] DEBUG liquibase.servicelocator - Loaded liquibase.configuration.AutoloadedConfigurations instance liquibase.hub.HubConfiguration
educationSystem 2022-01-13 13:55:31.168 [,] [Test worker] DEBUG liquibase.servicelocator - Loaded liquibase.configuration.AutoloadedConfigurations instance liquibase.logging.core.DefaultLoggerConfiguration
educationSystem 2022-01-13 13:55:31.169 [,] [Test worker] DEBUG liquibase.servicelocator - Loaded liquibase.configuration.AutoloadedConfigurations instance liquibase.parser.ChangeLogParserConfiguration
educationSystem 2022-01-13 13:55:31.171 [,] [Test worker] DEBUG liquibase.servicelocator - Loaded liquibase.configuration.AutoloadedConfigurations instance com.datical.liquibase.ext.config.LiquibaseProConfiguration
educationSystem 2022-01-13 13:55:31.174 [,] [Test worker] DEBUG liquibase.servicelocator - Loaded liquibase.configuration.AutoloadedConfigurations instance com.datical.liquibase.ext.config.SqlplusConfiguration
educationSystem 2022-01-13 13:55:31.174 [,] [Test worker] DEBUG liquibase.configuration - Found ConfigurationDefinitions in liquibase.GlobalConfiguration
educationSystem 2022-01-13 13:55:31.174 [,] [Test worker] DEBUG liquibase.configuration - Found ConfigurationDefinitions in liquibase.integration.commandline.LiquibaseCommandLineConfiguration
educationSystem 2022-01-13 13:55:31.174 [,] [Test worker] DEBUG liquibase.configuration - Found ConfigurationDefinitions in liquibase.hub.HubConfiguration
educationSystem 2022-01-13 13:55:31.174 [,] [Test worker] DEBUG liquibase.configuration - Found ConfigurationDefinitions in liquibase.logging.core.DefaultLoggerConfiguration
educationSystem 2022-01-13 13:55:31.175 [,] [Test worker] DEBUG liquibase.configuration - Found ConfigurationDefinitions in liquibase.parser.ChangeLogParserConfiguration
educationSystem 2022-01-13 13:55:31.175 [,] [Test worker] DEBUG liquibase.configuration - Found ConfigurationDefinitions in com.datical.liquibase.ext.config.LiquibaseProConfiguration
educationSystem 2022-01-13 13:55:31.175 [,] [Test worker] DEBUG liquibase.configuration - Found ConfigurationDefinitions in com.datical.liquibase.ext.config.SqlplusConfiguration
educationSystem 2022-01-13 13:55:31.177 [,] [Test worker] DEBUG liquibase.servicelocator - Loaded liquibase.configuration.ConfigurationValueProvider instance liquibase.configuration.core.DeprecatedConfigurationValueProvider
educationSystem 2022-01-13 13:55:31.178 [,] [Test worker] DEBUG liquibase.servicelocator - Loaded liquibase.configuration.ConfigurationValueProvider instance liquibase.configuration.core.SystemPropertyValueProvider
educationSystem 2022-01-13 13:55:31.179 [,] [Test worker] DEBUG liquibase.servicelocator - Loaded liquibase.configuration.ConfigurationValueProvider instance liquibase.configuration.core.ScopeValueProvider
educationSystem 2022-01-13 13:55:31.180 [,] [Test worker] DEBUG liquibase.servicelocator - Loaded liquibase.configuration.ConfigurationValueProvider instance liquibase.configuration.pro.EnvironmentValueProvider
educationSystem 2022-01-13 13:55:31.309 [,] [Test worker] DEBUG liquibase.servicelocator - Loaded liquibase.license.LicenseService instance liquibase.license.pro.DaticalTrueLicenseService
educationSystem 2022-01-13 13:55:31.310 [,] [Test worker] DEBUG liquibase.configuration - No configuration value for liquibase.pro.licenseKey found
educationSystem 2022-01-13 13:55:31.311 [,] [Test worker] DEBUG liquibase.servicelocator - Loaded liquibase.logging.LogService instance liquibase.logging.core.BufferedLogService
educationSystem 2022-01-13 13:55:31.312 [,] [Test worker] DEBUG liquibase.servicelocator - Loaded liquibase.logging.LogService instance liquibase.logging.core.CompositeLogService
educationSystem 2022-01-13 13:55:31.312 [,] [Test worker] DEBUG liquibase.servicelocator - Loaded liquibase.logging.LogService instance liquibase.logging.core.JavaLogService
educationSystem 2022-01-13 13:55:31.314 [,] [Test worker] DEBUG liquibase.servicelocator - Loaded liquibase.servicelocator.ServiceLocator instance liquibase.servicelocator.StandardServiceLocator
educationSystem 2022-01-13 13:55:31.325 [,] [Test worker] DEBUG liquibase.configuration - No configuration value for liquibase.shouldRun aka should.run found
educationSystem 2022-01-13 13:55:31.325 [,] [Test worker] DEBUG liquibase.configuration - Configuration liquibase.shouldRun is using the default value of true
educationSystem 2022-01-13 13:55:31.326 [,] [Test worker] DEBUG com.zaxxer.hikari.HikariConfig - HikariPool-1 - configuration:
educationSystem 2022-01-13 13:55:31.329 [,] [Test worker] DEBUG com.zaxxer.hikari.HikariConfig - allowPoolSuspension................................false
educationSystem 2022-01-13 13:55:31.329 [,] [Test worker] DEBUG com.zaxxer.hikari.HikariConfig - autoCommit................................true
educationSystem 2022-01-13 13:55:31.329 [,] [Test worker] DEBUG com.zaxxer.hikari.HikariConfig - catalog................................none
educationSystem 2022-01-13 13:55:31.330 [,] [Test worker] DEBUG com.zaxxer.hikari.HikariConfig - connectionInitSql................................none
educationSystem 2022-01-13 13:55:31.330 [,] [Test worker] DEBUG com.zaxxer.hikari.HikariConfig - connectionTestQuery................................none
educationSystem 2022-01-13 13:55:31.330 [,] [Test worker] DEBUG com.zaxxer.hikari.HikariConfig - connectionTimeout................................30000
educationSystem 2022-01-13 13:55:31.330 [,] [Test worker] DEBUG com.zaxxer.hikari.HikariConfig - dataSource................................none
educationSystem 2022-01-13 13:55:31.330 [,] [Test worker] DEBUG com.zaxxer.hikari.HikariConfig - dataSourceClassName................................none
educationSystem 2022-01-13 13:55:31.330 [,] [Test worker] DEBUG com.zaxxer.hikari.HikariConfig - dataSourceJNDI................................none
educationSystem 2022-01-13 13:55:31.331 [,] [Test worker] DEBUG com.zaxxer.hikari.HikariConfig - dataSourceProperties................................{password=<masked>}
educationSystem 2022-01-13 13:55:31.331 [,] [Test worker] DEBUG com.zaxxer.hikari.HikariConfig - driverClassName................................"org.postgresql.Driver"
educationSystem 2022-01-13 13:55:31.331 [,] [Test worker] DEBUG com.zaxxer.hikari.HikariConfig - exceptionOverrideClassName................................none
educationSystem 2022-01-13 13:55:31.331 [,] [Test worker] DEBUG com.zaxxer.hikari.HikariConfig - healthCheckProperties................................{}
educationSystem 2022-01-13 13:55:31.331 [,] [Test worker] DEBUG com.zaxxer.hikari.HikariConfig - healthCheckRegistry................................none
educationSystem 2022-01-13 13:55:31.331 [,] [Test worker] DEBUG com.zaxxer.hikari.HikariConfig - idleTimeout................................600000
educationSystem 2022-01-13 13:55:31.331 [,] [Test worker] DEBUG com.zaxxer.hikari.HikariConfig - initializationFailTimeout................................1
educationSystem 2022-01-13 13:55:31.332 [,] [Test worker] DEBUG com.zaxxer.hikari.HikariConfig - isolateInternalQueries................................false
educationSystem 2022-01-13 13:55:31.332 [,] [Test worker] DEBUG com.zaxxer.hikari.HikariConfig - jdbcUrl................................jdbc:postgresql://localhost:5432/educationsystem
educationSystem 2022-01-13 13:55:31.332 [,] [Test worker] DEBUG com.zaxxer.hikari.HikariConfig - keepaliveTime................................0
educationSystem 2022-01-13 13:55:31.332 [,] [Test worker] DEBUG com.zaxxer.hikari.HikariConfig - leakDetectionThreshold................................0
educationSystem 2022-01-13 13:55:31.332 [,] [Test worker] DEBUG com.zaxxer.hikari.HikariConfig - maxLifetime................................1800000
educationSystem 2022-01-13 13:55:31.332 [,] [Test worker] DEBUG com.zaxxer.hikari.HikariConfig - maximumPoolSize................................10
educationSystem 2022-01-13 13:55:31.332 [,] [Test worker] DEBUG com.zaxxer.hikari.HikariConfig - metricRegistry................................none
educationSystem 2022-01-13 13:55:31.333 [,] [Test worker] DEBUG com.zaxxer.hikari.HikariConfig - metricsTrackerFactory................................none
educationSystem 2022-01-13 13:55:31.333 [,] [Test worker] DEBUG com.zaxxer.hikari.HikariConfig - minimumIdle................................10
educationSystem 2022-01-13 13:55:31.333 [,] [Test worker] DEBUG com.zaxxer.hikari.HikariConfig - password................................<masked>
educationSystem 2022-01-13 13:55:31.333 [,] [Test worker] DEBUG com.zaxxer.hikari.HikariConfig - poolName................................"HikariPool-1"
educationSystem 2022-01-13 13:55:31.333 [,] [Test worker] DEBUG com.zaxxer.hikari.HikariConfig - readOnly................................false
educationSystem 2022-01-13 13:55:31.334 [,] [Test worker] DEBUG com.zaxxer.hikari.HikariConfig - registerMbeans................................false
educationSystem 2022-01-13 13:55:31.334 [,] [Test worker] DEBUG com.zaxxer.hikari.HikariConfig - scheduledExecutor................................none
educationSystem 2022-01-13 13:55:31.334 [,] [Test worker] DEBUG com.zaxxer.hikari.HikariConfig - schema................................none
educationSystem 2022-01-13 13:55:31.334 [,] [Test worker] DEBUG com.zaxxer.hikari.HikariConfig - threadFactory................................internal
educationSystem 2022-01-13 13:55:31.334 [,] [Test worker] DEBUG com.zaxxer.hikari.HikariConfig - transactionIsolation................................default
educationSystem 2022-01-13 13:55:31.335 [,] [Test worker] DEBUG com.zaxxer.hikari.HikariConfig - username................................"root"
educationSystem 2022-01-13 13:55:31.335 [,] [Test worker] DEBUG com.zaxxer.hikari.HikariConfig - validationTimeout................................5000
educationSystem 2022-01-13 13:55:31.335 [,] [Test worker] INFO com.zaxxer.hikari.HikariDataSource - HikariPool-1 - Starting...
educationSystem 2022-01-13 13:55:31.346 [,] [Test worker] DEBUG org.postgresql.Driver - Loading driver configuration via classloader jdk.internal.loader.ClassLoaders$AppClassLoader@2a139a55
educationSystem 2022-01-13 13:55:31.346 [,] [Test worker] DEBUG org.postgresql.Driver - Connecting with URL: jdbc:postgresql://localhost:5432/educationsystem
educationSystem 2022-01-13 13:55:31.353 [,] [Test worker] DEBUG org.postgresql.jdbc.PgConnection - PostgreSQL JDBC Driver 42.3.1
educationSystem 2022-01-13 13:55:31.354 [,] [Test worker] DEBUG org.postgresql.jdbc.PgConnection -   setDefaultFetchSize = 0
educationSystem 2022-01-13 13:55:31.354 [,] [Test worker] DEBUG org.postgresql.jdbc.PgConnection -   setPrepareThreshold = 5
educationSystem 2022-01-13 13:55:31.360 [,] [Test worker] DEBUG o.p.core.v3.ConnectionFactoryImpl - Trying to establish a protocol version 3 connection to localhost:5432
educationSystem 2022-01-13 13:55:31.369 [,] [Test worker] DEBUG o.p.core.v3.ConnectionFactoryImpl - Receive Buffer Size is 65 536
educationSystem 2022-01-13 13:55:31.370 [,] [Test worker] DEBUG o.p.core.v3.ConnectionFactoryImpl - Send Buffer Size is 65 536
educationSystem 2022-01-13 13:55:31.490 [,] [Test worker] DEBUG com.zaxxer.hikari.pool.HikariPool - HikariPool-1 - Added connection org.postgresql.jdbc.PgConnection@6db328f8
educationSystem 2022-01-13 13:55:31.492 [,] [Test worker] INFO com.zaxxer.hikari.HikariDataSource - HikariPool-1 - Start completed.
educationSystem 2022-01-13 13:55:31.514 [,] [Test worker] DEBUG liquibase.servicelocator - Loaded liquibase.database.Database instance liquibase.database.core.CockroachDatabase
educationSystem 2022-01-13 13:55:31.516 [,] [Test worker] DEBUG liquibase.servicelocator - Loaded liquibase.database.Database instance liquibase.database.core.DB2Database
educationSystem 2022-01-13 13:55:31.516 [,] [Test worker] DEBUG liquibase.servicelocator - Loaded liquibase.database.Database instance liquibase.database.core.Db2zDatabase
educationSystem 2022-01-13 13:55:31.518 [,] [Test worker] DEBUG liquibase.servicelocator - Loaded liquibase.database.Database instance liquibase.database.core.DerbyDatabase
educationSystem 2022-01-13 13:55:31.520 [,] [Test worker] DEBUG liquibase.servicelocator - Loaded liquibase.database.Database instance liquibase.database.core.Firebird3Database
educationSystem 2022-01-13 13:55:31.520 [,] [Test worker] DEBUG liquibase.servicelocator - Loaded liquibase.database.Database instance liquibase.database.core.FirebirdDatabase
educationSystem 2022-01-13 13:55:31.522 [,] [Test worker] DEBUG liquibase.servicelocator - Loaded liquibase.database.Database instance liquibase.database.core.H2Database
educationSystem 2022-01-13 13:55:31.524 [,] [Test worker] DEBUG liquibase.servicelocator - Loaded liquibase.database.Database instance liquibase.database.core.HsqlDatabase
educationSystem 2022-01-13 13:55:31.526 [,] [Test worker] DEBUG liquibase.servicelocator - Loaded liquibase.database.Database instance liquibase.database.core.InformixDatabase
educationSystem 2022-01-13 13:55:31.528 [,] [Test worker] DEBUG liquibase.servicelocator - Loaded liquibase.database.Database instance liquibase.database.core.Ingres9Database
educationSystem 2022-01-13 13:55:31.530 [,] [Test worker] DEBUG liquibase.servicelocator - Loaded liquibase.database.Database instance liquibase.database.core.MSSQLDatabase
educationSystem 2022-01-13 13:55:31.533 [,] [Test worker] DEBUG liquibase.servicelocator - Loaded liquibase.database.Database instance liquibase.database.core.MariaDBDatabase
educationSystem 2022-01-13 13:55:31.535 [,] [Test worker] DEBUG liquibase.servicelocator - Loaded liquibase.database.Database instance liquibase.database.core.MockDatabase
educationSystem 2022-01-13 13:55:31.536 [,] [Test worker] DEBUG liquibase.servicelocator - Loaded liquibase.database.Database instance liquibase.database.core.MySQLDatabase
educationSystem 2022-01-13 13:55:31.538 [,] [Test worker] DEBUG liquibase.servicelocator - Loaded liquibase.database.Database instance liquibase.database.core.OracleDatabase
educationSystem 2022-01-13 13:55:31.538 [,] [Test worker] DEBUG liquibase.servicelocator - Loaded liquibase.database.Database instance liquibase.database.core.PostgresDatabase
educationSystem 2022-01-13 13:55:31.541 [,] [Test worker] DEBUG liquibase.servicelocator - Loaded liquibase.database.Database instance liquibase.database.core.SQLiteDatabase
educationSystem 2022-01-13 13:55:31.542 [,] [Test worker] DEBUG liquibase.servicelocator - Loaded liquibase.database.Database instance liquibase.database.core.SybaseASADatabase
educationSystem 2022-01-13 13:55:31.543 [,] [Test worker] DEBUG liquibase.servicelocator - Loaded liquibase.database.Database instance liquibase.database.core.SybaseDatabase
educationSystem 2022-01-13 13:55:31.543 [,] [Test worker] DEBUG liquibase.servicelocator - Loaded liquibase.database.Database instance liquibase.database.core.UnsupportedDatabase
educationSystem 2022-01-13 13:55:31.555 [,] [Test worker] DEBUG liquibase.database - Connected to root@jdbc:postgresql://localhost:5432/educationsystem
educationSystem 2022-01-13 13:55:31.555 [,] [Test worker] DEBUG liquibase.database - Setting auto commit to false from true
educationSystem 2022-01-13 13:55:31.555 [,] [Test worker] DEBUG org.postgresql.jdbc.PgConnection -   setAutoCommit = false
educationSystem 2022-01-13 13:55:31.567 [,] [Test worker] DEBUG liquibase.servicelocator - Loaded liquibase.executor.Executor instance liquibase.executor.jvm.JdbcExecutor
educationSystem 2022-01-13 13:55:31.568 [,] [Test worker] DEBUG liquibase.servicelocator - Loaded liquibase.executor.Executor instance com.datical.liquibase.ext.OracleSqlPlusExecutor
educationSystem 2022-01-13 13:55:31.571 [,] [Test worker] DEBUG liquibase.servicelocator - Loaded liquibase.sqlgenerator.SqlGenerator instance liquibase.sqlgenerator.core.AddAutoIncrementGenerator
educationSystem 2022-01-13 13:55:31.572 [,] [Test worker] DEBUG liquibase.servicelocator - Loaded liquibase.sqlgenerator.SqlGenerator instance liquibase.sqlgenerator.core.AddAutoIncrementGeneratorDB2
educationSystem 2022-01-13 13:55:31.572 [,] [Test worker] DEBUG liquibase.servicelocator - Loaded liquibase.sqlgenerator.SqlGenerator instance liquibase.sqlgenerator.core.AddAutoIncrementGeneratorHsqlH2
educationSystem 2022-01-13 13:55:31.573 [,] [Test worker] DEBUG liquibase.servicelocator - Loaded liquibase.sqlgenerator.SqlGenerator instance liquibase.sqlgenerator.core.AddAutoIncrementGeneratorInformix
educationSystem 2022-01-13 13:55:31.573 [,] [Test worker] DEBUG liquibase.servicelocator - Loaded liquibase.sqlgenerator.SqlGenerator instance liquibase.sqlgenerator.core.AddAutoIncrementGeneratorMySQL
educationSystem 2022-01-13 13:55:31.574 [,] [Test worker] DEBUG liquibase.servicelocator - Loaded liquibase.sqlgenerator.SqlGenerator instance liquibase.sqlgenerator.core.AddAutoIncrementGeneratorSQLite
educationSystem 2022-01-13 13:55:31.574 [,] [Test worker] DEBUG liquibase.servicelocator - Loaded liquibase.sqlgenerator.SqlGenerator instance liquibase.sqlgenerator.core.AddColumnGenerator
educationSystem 2022-01-13 13:55:31.575 [,] [Test worker] DEBUG liquibase.servicelocator - Loaded liquibase.sqlgenerator.SqlGenerator instance liquibase.sqlgenerator.core.AddColumnGeneratorDefaultClauseBeforeNotNull
educationSystem 2022-01-13 13:55:31.575 [,] [Test worker] DEBUG liquibase.servicelocator - Loaded liquibase.sqlgenerator.SqlGenerator instance liquibase.sqlgenerator.core.AddColumnGeneratorSQLite
educationSystem 2022-01-13 13:55:31.576 [,] [Test worker] DEBUG liquibase.servicelocator - Loaded liquibase.sqlgenerator.SqlGenerator instance liquibase.sqlgenerator.core.AddDefaultValueGenerator
educationSystem 2022-01-13 13:55:31.576 [,] [Test worker] DEBUG liquibase.servicelocator - Loaded liquibase.sqlgenerator.SqlGenerator instance liquibase.sqlgenerator.core.AddDefaultValueGeneratorDerby
educationSystem 2022-01-13 13:55:31.577 [,] [Test worker] DEBUG liquibase.servicelocator - Loaded liquibase.sqlgenerator.SqlGenerator instance liquibase.sqlgenerator.core.AddDefaultValueGeneratorInformix
educationSystem 2022-01-13 13:55:31.577 [,] [Test worker] DEBUG liquibase.servicelocator - Loaded liquibase.sqlgenerator.SqlGenerator instance liquibase.sqlgenerator.core.AddDefaultValueGeneratorMSSQL
educationSystem 2022-01-13 13:55:31.577 [,] [Test worker] DEBUG liquibase.servicelocator - Loaded liquibase.sqlgenerator.SqlGenerator instance liquibase.sqlgenerator.core.AddDefaultValueGeneratorMySQL
educationSystem 2022-01-13 13:55:31.578 [,] [Test worker] DEBUG liquibase.servicelocator - Loaded liquibase.sqlgenerator.SqlGenerator instance liquibase.sqlgenerator.core.AddDefaultValueGeneratorOracle
educationSystem 2022-01-13 13:55:31.578 [,] [Test worker] DEBUG liquibase.servicelocator - Loaded liquibase.sqlgenerator.SqlGenerator instance liquibase.sqlgenerator.core.AddDefaultValueGeneratorPostgres
educationSystem 2022-01-13 13:55:31.578 [,] [Test worker] DEBUG liquibase.servicelocator - Loaded liquibase.sqlgenerator.SqlGenerator instance liquibase.sqlgenerator.core.AddDefaultValueGeneratorSQLite
educationSystem 2022-01-13 13:55:31.579 [,] [Test worker] DEBUG liquibase.servicelocator - Loaded liquibase.sqlgenerator.SqlGenerator instance liquibase.sqlgenerator.core.AddDefaultValueGeneratorSybase
educationSystem 2022-01-13 13:55:31.579 [,] [Test worker] DEBUG liquibase.servicelocator - Loaded liquibase.sqlgenerator.SqlGenerator instance liquibase.sqlgenerator.core.AddDefaultValueGeneratorSybaseASA
educationSystem 2022-01-13 13:55:31.580 [,] [Test worker] DEBUG liquibase.servicelocator - Loaded liquibase.sqlgenerator.SqlGenerator instance liquibase.sqlgenerator.core.AddForeignKeyConstraintGenerator
educationSystem 2022-01-13 13:55:31.580 [,] [Test worker] DEBUG liquibase.servicelocator - Loaded liquibase.sqlgenerator.SqlGenerator instance liquibase.sqlgenerator.core.AddPrimaryKeyGenerator
educationSystem 2022-01-13 13:55:31.581 [,] [Test worker] DEBUG liquibase.servicelocator - Loaded liquibase.sqlgenerator.SqlGenerator instance liquibase.sqlgenerator.core.AddPrimaryKeyGeneratorInformix
educationSystem 2022-01-13 13:55:31.582 [,] [Test worker] DEBUG liquibase.servicelocator - Loaded liquibase.sqlgenerator.SqlGenerator instance liquibase.sqlgenerator.core.AddUniqueConstraintGenerator
educationSystem 2022-01-13 13:55:31.582 [,] [Test worker] DEBUG liquibase.servicelocator - Loaded liquibase.sqlgenerator.SqlGenerator instance liquibase.sqlgenerator.core.AddUniqueConstraintGeneratorInformix
educationSystem 2022-01-13 13:55:31.582 [,] [Test worker] DEBUG liquibase.servicelocator - Loaded liquibase.sqlgenerator.SqlGenerator instance liquibase.sqlgenerator.core.AddUniqueConstraintGeneratorTDS
educationSystem 2022-01-13 13:55:31.583 [,] [Test worker] DEBUG liquibase.servicelocator - Loaded liquibase.sqlgenerator.SqlGenerator instance liquibase.sqlgenerator.core.AlterSequenceGenerator
educationSystem 2022-01-13 13:55:31.584 [,] [Test worker] DEBUG liquibase.servicelocator - Loaded liquibase.sqlgenerator.SqlGenerator instance liquibase.sqlgenerator.core.BatchDmlExecutablePreparedStatementGenerator
educationSystem 2022-01-13 13:55:31.584 [,] [Test worker] DEBUG liquibase.servicelocator - Loaded liquibase.sqlgenerator.SqlGenerator instance liquibase.sqlgenerator.core.ClearDatabaseChangeLogTableGenerator
educationSystem 2022-01-13 13:55:31.585 [,] [Test worker] DEBUG liquibase.servicelocator - Loaded liquibase.sqlgenerator.SqlGenerator instance liquibase.sqlgenerator.core.CommentGenerator
educationSystem 2022-01-13 13:55:31.585 [,] [Test worker] DEBUG liquibase.servicelocator - Loaded liquibase.sqlgenerator.SqlGenerator instance liquibase.sqlgenerator.core.CopyRowsGenerator
educationSystem 2022-01-13 13:55:31.586 [,] [Test worker] DEBUG liquibase.servicelocator - Loaded liquibase.sqlgenerator.SqlGenerator instance liquibase.sqlgenerator.core.CreateDatabaseChangeLogLockTableGenerator
educationSystem 2022-01-13 13:55:31.586 [,] [Test worker] DEBUG liquibase.servicelocator - Loaded liquibase.sqlgenerator.SqlGenerator instance liquibase.sqlgenerator.core.CreateDatabaseChangeLogTableGenerator
educationSystem 2022-01-13 13:55:31.587 [,] [Test worker] DEBUG liquibase.servicelocator - Loaded liquibase.sqlgenerator.SqlGenerator instance liquibase.sqlgenerator.core.CreateDatabaseChangeLogTableGeneratorSybase
educationSystem 2022-01-13 13:55:31.587 [,] [Test worker] DEBUG liquibase.servicelocator - Loaded liquibase.sqlgenerator.SqlGenerator instance liquibase.sqlgenerator.core.CreateIndexGenerator
educationSystem 2022-01-13 13:55:31.589 [,] [Test worker] DEBUG liquibase.servicelocator - Loaded liquibase.sqlgenerator.SqlGenerator instance liquibase.sqlgenerator.core.CreateIndexGeneratorFirebird
educationSystem 2022-01-13 13:55:31.589 [,] [Test worker] DEBUG liquibase.servicelocator - Loaded liquibase.sqlgenerator.SqlGenerator instance liquibase.sqlgenerator.core.CreateIndexGeneratorPostgres
educationSystem 2022-01-13 13:55:31.590 [,] [Test worker] DEBUG liquibase.servicelocator - Loaded liquibase.sqlgenerator.SqlGenerator instance liquibase.sqlgenerator.core.CreateProcedureGenerator
educationSystem 2022-01-13 13:55:31.590 [,] [Test worker] DEBUG liquibase.servicelocator - Loaded liquibase.sqlgenerator.SqlGenerator instance liquibase.sqlgenerator.core.CreateSequenceGenerator
educationSystem 2022-01-13 13:55:31.591 [,] [Test worker] DEBUG liquibase.servicelocator - Loaded liquibase.sqlgenerator.SqlGenerator instance liquibase.sqlgenerator.core.CreateTableGenerator
educationSystem 2022-01-13 13:55:31.592 [,] [Test worker] DEBUG liquibase.servicelocator - Loaded liquibase.sqlgenerator.SqlGenerator instance liquibase.sqlgenerator.core.CreateTableGeneratorInformix
educationSystem 2022-01-13 13:55:31.592 [,] [Test worker] DEBUG liquibase.servicelocator - Loaded liquibase.sqlgenerator.SqlGenerator instance liquibase.sqlgenerator.core.CreateViewGenerator
educationSystem 2022-01-13 13:55:31.592 [,] [Test worker] DEBUG liquibase.servicelocator - Loaded liquibase.sqlgenerator.SqlGenerator instance liquibase.sqlgenerator.core.CreateViewGeneratorInformix
educationSystem 2022-01-13 13:55:31.593 [,] [Test worker] DEBUG liquibase.servicelocator - Loaded liquibase.sqlgenerator.SqlGenerator instance liquibase.sqlgenerator.core.DeleteGenerator
educationSystem 2022-01-13 13:55:31.593 [,] [Test worker] DEBUG liquibase.servicelocator - Loaded liquibase.sqlgenerator.SqlGenerator instance liquibase.sqlgenerator.core.DropColumnGenerator
educationSystem 2022-01-13 13:55:31.594 [,] [Test worker] DEBUG liquibase.servicelocator - Loaded liquibase.sqlgenerator.SqlGenerator instance liquibase.sqlgenerator.core.DropDefaultValueGenerator
educationSystem 2022-01-13 13:55:31.594 [,] [Test worker] DEBUG liquibase.servicelocator - Loaded liquibase.sqlgenerator.SqlGenerator instance liquibase.sqlgenerator.core.DropForeignKeyConstraintGenerator
educationSystem 2022-01-13 13:55:31.595 [,] [Test worker] DEBUG liquibase.servicelocator - Loaded liquibase.sqlgenerator.SqlGenerator instance liquibase.sqlgenerator.core.DropIndexGenerator
educationSystem 2022-01-13 13:55:31.595 [,] [Test worker] DEBUG liquibase.servicelocator - Loaded liquibase.sqlgenerator.SqlGenerator instance liquibase.sqlgenerator.core.DropPrimaryKeyGenerator
educationSystem 2022-01-13 13:55:31.596 [,] [Test worker] DEBUG liquibase.servicelocator - Loaded liquibase.sqlgenerator.SqlGenerator instance liquibase.sqlgenerator.core.DropProcedureGenerator
educationSystem 2022-01-13 13:55:31.596 [,] [Test worker] DEBUG liquibase.servicelocator - Loaded liquibase.sqlgenerator.SqlGenerator instance liquibase.sqlgenerator.core.DropSequenceGenerator
educationSystem 2022-01-13 13:55:31.596 [,] [Test worker] DEBUG liquibase.servicelocator - Loaded liquibase.sqlgenerator.SqlGenerator instance liquibase.sqlgenerator.core.DropTableGenerator
educationSystem 2022-01-13 13:55:31.597 [,] [Test worker] DEBUG liquibase.servicelocator - Loaded liquibase.sqlgenerator.SqlGenerator instance liquibase.sqlgenerator.core.DropUniqueConstraintGenerator
educationSystem 2022-01-13 13:55:31.597 [,] [Test worker] DEBUG liquibase.servicelocator - Loaded liquibase.sqlgenerator.SqlGenerator instance liquibase.sqlgenerator.core.DropViewGenerator
educationSystem 2022-01-13 13:55:31.597 [,] [Test worker] DEBUG liquibase.servicelocator - Loaded liquibase.sqlgenerator.SqlGenerator instance liquibase.sqlgenerator.core.GetNextChangeSetSequenceValueGenerator
educationSystem 2022-01-13 13:55:31.597 [,] [Test worker] DEBUG liquibase.servicelocator - Loaded liquibase.sqlgenerator.SqlGenerator instance liquibase.sqlgenerator.core.GetViewDefinitionGenerator
educationSystem 2022-01-13 13:55:31.599 [,] [Test worker] DEBUG liquibase.servicelocator - Loaded liquibase.sqlgenerator.SqlGenerator instance liquibase.sqlgenerator.core.GetViewDefinitionGeneratorDB2
educationSystem 2022-01-13 13:55:31.599 [,] [HikariPool-1 housekeeper] DEBUG com.zaxxer.hikari.pool.HikariPool - HikariPool-1 - Pool stats (total=1, active=1, idle=0, waiting=0)
educationSystem 2022-01-13 13:55:31.599 [,] [HikariPool-1 connection adder] DEBUG org.postgresql.Driver - Connecting with URL: jdbc:postgresql://localhost:5432/educationsystem
educationSystem 2022-01-13 13:55:31.599 [,] [Test worker] DEBUG liquibase.servicelocator - Loaded liquibase.sqlgenerator.SqlGenerator instance liquibase.sqlgenerator.core.GetViewDefinitionGeneratorDerby
educationSystem 2022-01-13 13:55:31.599 [,] [HikariPool-1 connection adder] DEBUG org.postgresql.jdbc.PgConnection - PostgreSQL JDBC Driver 42.3.1
educationSystem 2022-01-13 13:55:31.599 [,] [HikariPool-1 connection adder] DEBUG org.postgresql.jdbc.PgConnection -   setDefaultFetchSize = 0
educationSystem 2022-01-13 13:55:31.599 [,] [HikariPool-1 connection adder] DEBUG org.postgresql.jdbc.PgConnection -   setPrepareThreshold = 5
educationSystem 2022-01-13 13:55:31.599 [,] [HikariPool-1 connection adder] DEBUG o.p.core.v3.ConnectionFactoryImpl - Trying to establish a protocol version 3 connection to localhost:5432
educationSystem 2022-01-13 13:55:31.599 [,] [Test worker] DEBUG liquibase.servicelocator - Loaded liquibase.sqlgenerator.SqlGenerator instance liquibase.sqlgenerator.core.GetViewDefinitionGeneratorFirebird
educationSystem 2022-01-13 13:55:31.600 [,] [Test worker] DEBUG liquibase.servicelocator - Loaded liquibase.sqlgenerator.SqlGenerator instance liquibase.sqlgenerator.core.GetViewDefinitionGeneratorHsql
educationSystem 2022-01-13 13:55:31.600 [,] [HikariPool-1 connection adder] DEBUG o.p.core.v3.ConnectionFactoryImpl - Receive Buffer Size is 65 536
educationSystem 2022-01-13 13:55:31.600 [,] [HikariPool-1 connection adder] DEBUG o.p.core.v3.ConnectionFactoryImpl - Send Buffer Size is 65 536
educationSystem 2022-01-13 13:55:31.601 [,] [Test worker] DEBUG liquibase.servicelocator - Loaded liquibase.sqlgenerator.SqlGenerator instance liquibase.sqlgenerator.core.GetViewDefinitionGeneratorInformix
educationSystem 2022-01-13 13:55:31.602 [,] [Test worker] DEBUG liquibase.servicelocator - Loaded liquibase.sqlgenerator.SqlGenerator instance liquibase.sqlgenerator.core.GetViewDefinitionGeneratorMSSQL
educationSystem 2022-01-13 13:55:31.603 [,] [Test worker] DEBUG liquibase.servicelocator - Loaded liquibase.sqlgenerator.SqlGenerator instance liquibase.sqlgenerator.core.GetViewDefinitionGeneratorOracle
educationSystem 2022-01-13 13:55:31.604 [,] [Test worker] DEBUG liquibase.servicelocator - Loaded liquibase.sqlgenerator.SqlGenerator instance liquibase.sqlgenerator.core.GetViewDefinitionGeneratorPostgres
educationSystem 2022-01-13 13:55:31.604 [,] [Test worker] DEBUG liquibase.servicelocator - Loaded liquibase.sqlgenerator.SqlGenerator instance liquibase.sqlgenerator.core.GetViewDefinitionGeneratorSybase
educationSystem 2022-01-13 13:55:31.605 [,] [Test worker] DEBUG liquibase.servicelocator - Loaded liquibase.sqlgenerator.SqlGenerator instance liquibase.sqlgenerator.core.GetViewDefinitionGeneratorSybaseASA
educationSystem 2022-01-13 13:55:31.606 [,] [Test worker] DEBUG liquibase.servicelocator - Loaded liquibase.sqlgenerator.SqlGenerator instance liquibase.sqlgenerator.core.InitializeDatabaseChangeLogLockTableGenerator
educationSystem 2022-01-13 13:55:31.607 [,] [Test worker] DEBUG liquibase.servicelocator - Loaded liquibase.sqlgenerator.SqlGenerator instance liquibase.sqlgenerator.core.InsertDataChangeGenerator
educationSystem 2022-01-13 13:55:31.608 [,] [Test worker] DEBUG liquibase.servicelocator - Loaded liquibase.sqlgenerator.SqlGenerator instance liquibase.sqlgenerator.core.InsertGenerator
educationSystem 2022-01-13 13:55:31.610 [,] [Test worker] DEBUG liquibase.servicelocator - Loaded liquibase.sqlgenerator.SqlGenerator instance liquibase.sqlgenerator.core.InsertOrUpdateGeneratorDB2
educationSystem 2022-01-13 13:55:31.611 [,] [Test worker] DEBUG liquibase.servicelocator - Loaded liquibase.sqlgenerator.SqlGenerator instance liquibase.sqlgenerator.core.InsertOrUpdateGeneratorH2
educationSystem 2022-01-13 13:55:31.612 [,] [Test worker] DEBUG liquibase.servicelocator - Loaded liquibase.sqlgenerator.SqlGenerator instance liquibase.sqlgenerator.core.InsertOrUpdateGeneratorHsql
educationSystem 2022-01-13 13:55:31.614 [,] [Test worker] DEBUG liquibase.servicelocator - Loaded liquibase.sqlgenerator.SqlGenerator instance liquibase.sqlgenerator.core.InsertOrUpdateGeneratorInformix
educationSystem 2022-01-13 13:55:31.616 [,] [Test worker] DEBUG liquibase.servicelocator - Loaded liquibase.sqlgenerator.SqlGenerator instance liquibase.sqlgenerator.core.InsertOrUpdateGeneratorMSSQL
educationSystem 2022-01-13 13:55:31.618 [,] [Test worker] DEBUG liquibase.servicelocator - Loaded liquibase.sqlgenerator.SqlGenerator instance liquibase.sqlgenerator.core.InsertOrUpdateGeneratorMySQL
educationSystem 2022-01-13 13:55:31.620 [,] [Test worker] DEBUG liquibase.servicelocator - Loaded liquibase.sqlgenerator.SqlGenerator instance liquibase.sqlgenerator.core.InsertOrUpdateGeneratorOracle
educationSystem 2022-01-13 13:55:31.621 [,] [Test worker] DEBUG liquibase.servicelocator - Loaded liquibase.sqlgenerator.SqlGenerator instance liquibase.sqlgenerator.core.InsertOrUpdateGeneratorPostgres
educationSystem 2022-01-13 13:55:31.624 [,] [Test worker] DEBUG liquibase.servicelocator - Loaded liquibase.sqlgenerator.SqlGenerator instance liquibase.sqlgenerator.core.InsertOrUpdateGeneratorSQLite
educationSystem 2022-01-13 13:55:31.624 [,] [HikariPool-1 connection adder] DEBUG com.zaxxer.hikari.pool.HikariPool - HikariPool-1 - Added connection org.postgresql.jdbc.PgConnection@56ce0791
educationSystem 2022-01-13 13:55:31.624 [,] [HikariPool-1 connection adder] DEBUG org.postgresql.Driver - Connecting with URL: jdbc:postgresql://localhost:5432/educationsystem
educationSystem 2022-01-13 13:55:31.625 [,] [HikariPool-1 connection adder] DEBUG org.postgresql.jdbc.PgConnection - PostgreSQL JDBC Driver 42.3.1
educationSystem 2022-01-13 13:55:31.625 [,] [HikariPool-1 connection adder] DEBUG org.postgresql.jdbc.PgConnection -   setDefaultFetchSize = 0
educationSystem 2022-01-13 13:55:31.625 [,] [HikariPool-1 connection adder] DEBUG org.postgresql.jdbc.PgConnection -   setPrepareThreshold = 5
educationSystem 2022-01-13 13:55:31.625 [,] [HikariPool-1 connection adder] DEBUG o.p.core.v3.ConnectionFactoryImpl - Trying to establish a protocol version 3 connection to localhost:5432
educationSystem 2022-01-13 13:55:31.626 [,] [Test worker] DEBUG liquibase.servicelocator - Loaded liquibase.sqlgenerator.SqlGenerator instance liquibase.sqlgenerator.core.InsertOrUpdateGeneratorSybaseASA
educationSystem 2022-01-13 13:55:31.626 [,] [HikariPool-1 connection adder] DEBUG o.p.core.v3.ConnectionFactoryImpl - Receive Buffer Size is 65 536
educationSystem 2022-01-13 13:55:31.627 [,] [HikariPool-1 connection adder] DEBUG o.p.core.v3.ConnectionFactoryImpl - Send Buffer Size is 65 536
educationSystem 2022-01-13 13:55:31.630 [,] [Test worker] DEBUG liquibase.servicelocator - Loaded liquibase.sqlgenerator.SqlGenerator instance liquibase.sqlgenerator.core.InsertSetGenerator
educationSystem 2022-01-13 13:55:31.632 [,] [Test worker] DEBUG liquibase.servicelocator - Loaded liquibase.sqlgenerator.SqlGenerator instance liquibase.sqlgenerator.core.LockDatabaseChangeLogGenerator
educationSystem 2022-01-13 13:55:31.633 [,] [Test worker] DEBUG liquibase.servicelocator - Loaded liquibase.sqlgenerator.SqlGenerator instance liquibase.sqlgenerator.core.MarkChangeSetRanGenerator
educationSystem 2022-01-13 13:55:31.634 [,] [Test worker] DEBUG liquibase.servicelocator - Loaded liquibase.sqlgenerator.SqlGenerator instance liquibase.sqlgenerator.core.ModifyDataTypeGenerator
educationSystem 2022-01-13 13:55:31.635 [,] [Test worker] DEBUG liquibase.servicelocator - Loaded liquibase.sqlgenerator.SqlGenerator instance liquibase.sqlgenerator.core.RawSqlGenerator
educationSystem 2022-01-13 13:55:31.636 [,] [Test worker] DEBUG liquibase.servicelocator - Loaded liquibase.sqlgenerator.SqlGenerator instance liquibase.sqlgenerator.core.ReindexGeneratorSQLite
educationSystem 2022-01-13 13:55:31.636 [,] [Test worker] DEBUG liquibase.servicelocator - Loaded liquibase.sqlgenerator.SqlGenerator instance liquibase.sqlgenerator.core.RemoveChangeSetRanStatusGenerator
educationSystem 2022-01-13 13:55:31.637 [,] [Test worker] DEBUG liquibase.servicelocator - Loaded liquibase.sqlgenerator.SqlGenerator instance liquibase.sqlgenerator.core.RenameColumnGenerator
educationSystem 2022-01-13 13:55:31.638 [,] [Test worker] DEBUG liquibase.servicelocator - Loaded liquibase.sqlgenerator.SqlGenerator instance liquibase.sqlgenerator.core.RenameSequenceGenerator
educationSystem 2022-01-13 13:55:31.639 [,] [Test worker] DEBUG liquibase.servicelocator - Loaded liquibase.sqlgenerator.SqlGenerator instance liquibase.sqlgenerator.core.RenameTableGenerator
educationSystem 2022-01-13 13:55:31.640 [,] [Test worker] DEBUG liquibase.servicelocator - Loaded liquibase.sqlgenerator.SqlGenerator instance liquibase.sqlgenerator.core.RenameViewGenerator
educationSystem 2022-01-13 13:55:31.641 [,] [Test worker] DEBUG liquibase.servicelocator - Loaded liquibase.sqlgenerator.SqlGenerator instance liquibase.sqlgenerator.core.ReorganizeTableGeneratorDB2
educationSystem 2022-01-13 13:55:31.641 [,] [Test worker] DEBUG liquibase.servicelocator - Loaded liquibase.sqlgenerator.SqlGenerator instance liquibase.sqlgenerator.core.RuntimeGenerator
educationSystem 2022-01-13 13:55:31.643 [,] [Test worker] DEBUG liquibase.servicelocator - Loaded liquibase.sqlgenerator.SqlGenerator instance liquibase.sqlgenerator.core.SelectFromDatabaseChangeLogGenerator
educationSystem 2022-01-13 13:55:31.644 [,] [Test worker] DEBUG liquibase.servicelocator - Loaded liquibase.sqlgenerator.SqlGenerator instance liquibase.sqlgenerator.core.SelectFromDatabaseChangeLogLockGenerator
educationSystem 2022-01-13 13:55:31.645 [,] [Test worker] DEBUG liquibase.servicelocator - Loaded liquibase.sqlgenerator.SqlGenerator instance liquibase.sqlgenerator.core.SetColumnRemarksGenerator
educationSystem 2022-01-13 13:55:31.646 [,] [Test worker] DEBUG liquibase.servicelocator - Loaded liquibase.sqlgenerator.SqlGenerator instance liquibase.sqlgenerator.core.SetNullableGenerator
educationSystem 2022-01-13 13:55:31.647 [,] [Test worker] DEBUG liquibase.servicelocator - Loaded liquibase.sqlgenerator.SqlGenerator instance liquibase.sqlgenerator.core.SetTableRemarksGenerator
educationSystem 2022-01-13 13:55:31.648 [,] [Test worker] DEBUG liquibase.servicelocator - Loaded liquibase.sqlgenerator.SqlGenerator instance liquibase.sqlgenerator.core.StoredProcedureGenerator
educationSystem 2022-01-13 13:55:31.650 [,] [Test worker] DEBUG liquibase.servicelocator - Loaded liquibase.sqlgenerator.SqlGenerator instance liquibase.sqlgenerator.core.TableRowCountGenerator
educationSystem 2022-01-13 13:55:31.651 [,] [Test worker] DEBUG liquibase.servicelocator - Loaded liquibase.sqlgenerator.SqlGenerator instance liquibase.sqlgenerator.core.TagDatabaseGenerator
educationSystem 2022-01-13 13:55:31.651 [,] [HikariPool-1 connection adder] DEBUG com.zaxxer.hikari.pool.HikariPool - HikariPool-1 - Added connection org.postgresql.jdbc.PgConnection@13cc932c
educationSystem 2022-01-13 13:55:31.652 [,] [HikariPool-1 connection adder] DEBUG org.postgresql.Driver - Connecting with URL: jdbc:postgresql://localhost:5432/educationsystem
educationSystem 2022-01-13 13:55:31.652 [,] [HikariPool-1 connection adder] DEBUG org.postgresql.jdbc.PgConnection - PostgreSQL JDBC Driver 42.3.1
educationSystem 2022-01-13 13:55:31.652 [,] [HikariPool-1 connection adder] DEBUG org.postgresql.jdbc.PgConnection -   setDefaultFetchSize = 0
educationSystem 2022-01-13 13:55:31.652 [,] [HikariPool-1 connection adder] DEBUG org.postgresql.jdbc.PgConnection -   setPrepareThreshold = 5
educationSystem 2022-01-13 13:55:31.652 [,] [HikariPool-1 connection adder] DEBUG o.p.core.v3.ConnectionFactoryImpl - Trying to establish a protocol version 3 connection to localhost:5432
educationSystem 2022-01-13 13:55:31.652 [,] [Test worker] DEBUG liquibase.servicelocator - Loaded liquibase.sqlgenerator.SqlGenerator instance liquibase.sqlgenerator.core.UnlockDatabaseChangeLogGenerator
educationSystem 2022-01-13 13:55:31.653 [,] [Test worker] DEBUG liquibase.servicelocator - Loaded liquibase.sqlgenerator.SqlGenerator instance liquibase.sqlgenerator.core.UpdateChangeSetChecksumGenerator
educationSystem 2022-01-13 13:55:31.653 [,] [HikariPool-1 connection adder] DEBUG o.p.core.v3.ConnectionFactoryImpl - Receive Buffer Size is 65 536
educationSystem 2022-01-13 13:55:31.653 [,] [HikariPool-1 connection adder] DEBUG o.p.core.v3.ConnectionFactoryImpl - Send Buffer Size is 65 536
educationSystem 2022-01-13 13:55:31.655 [,] [Test worker] DEBUG liquibase.servicelocator - Loaded liquibase.sqlgenerator.SqlGenerator instance liquibase.sqlgenerator.core.UpdateDataChangeGenerator
educationSystem 2022-01-13 13:55:31.656 [,] [Test worker] DEBUG liquibase.servicelocator - Loaded liquibase.sqlgenerator.SqlGenerator instance liquibase.sqlgenerator.core.UpdateGenerator
educationSystem 2022-01-13 13:55:31.657 [,] [Test worker] DEBUG liquibase.servicelocator - Loaded liquibase.sqlgenerator.SqlGenerator instance com.datical.liquibase.ext.appdba.markunused.change.MarkUnusedGenerator
educationSystem 2022-01-13 13:55:31.658 [,] [Test worker] DEBUG liquibase.servicelocator - Loaded liquibase.sqlgenerator.SqlGenerator instance com.datical.liquibase.ext.appdba.synonym.change.CreateSynonymGenerator
educationSystem 2022-01-13 13:55:31.659 [,] [Test worker] DEBUG liquibase.servicelocator - Loaded liquibase.sqlgenerator.SqlGenerator instance com.datical.liquibase.ext.appdba.synonym.change.DropSynonymGenerator
educationSystem 2022-01-13 13:55:31.660 [,] [Test worker] DEBUG liquibase.servicelocator - Loaded liquibase.sqlgenerator.SqlGenerator instance com.datical.liquibase.ext.storedlogic.checkconstraint.change.AddCheckConstraintGenerator
educationSystem 2022-01-13 13:55:31.661 [,] [Test worker] DEBUG liquibase.servicelocator - Loaded liquibase.sqlgenerator.SqlGenerator instance com.datical.liquibase.ext.storedlogic.checkconstraint.change.DisableCheckConstraintGenerator
educationSystem 2022-01-13 13:55:31.661 [,] [Test worker] DEBUG liquibase.servicelocator - Loaded liquibase.sqlgenerator.SqlGenerator instance com.datical.liquibase.ext.storedlogic.checkconstraint.change.DropCheckConstraintGenerator
educationSystem 2022-01-13 13:55:31.662 [,] [Test worker] DEBUG liquibase.servicelocator - Loaded liquibase.sqlgenerator.SqlGenerator instance com.datical.liquibase.ext.storedlogic.checkconstraint.change.EnableCheckConstraintGenerator
educationSystem 2022-01-13 13:55:31.662 [,] [Test worker] DEBUG liquibase.servicelocator - Loaded liquibase.sqlgenerator.SqlGenerator instance com.datical.liquibase.ext.storedlogic.databasepackage.change.CreatePackageBodyGenerator
educationSystem 2022-01-13 13:55:31.663 [,] [Test worker] DEBUG liquibase.servicelocator - Loaded liquibase.sqlgenerator.SqlGenerator instance com.datical.liquibase.ext.storedlogic.databasepackage.change.CreatePackageGenerator
educationSystem 2022-01-13 13:55:31.663 [,] [Test worker] DEBUG liquibase.servicelocator - Loaded liquibase.sqlgenerator.SqlGenerator instance com.datical.liquibase.ext.storedlogic.databasepackage.change.DropPackageBodyGenerator
educationSystem 2022-01-13 13:55:31.664 [,] [Test worker] DEBUG liquibase.servicelocator - Loaded liquibase.sqlgenerator.SqlGenerator instance com.datical.liquibase.ext.storedlogic.databasepackage.change.DropPackageGenerator
educationSystem 2022-01-13 13:55:31.665 [,] [Test worker] DEBUG liquibase.servicelocator - Loaded liquibase.sqlgenerator.SqlGenerator instance com.datical.liquibase.ext.storedlogic.function.change.CreateFunctionGenerator
educationSystem 2022-01-13 13:55:31.665 [,] [Test worker] DEBUG liquibase.servicelocator - Loaded liquibase.sqlgenerator.SqlGenerator instance com.datical.liquibase.ext.storedlogic.function.change.DropFunctionGenerator
educationSystem 2022-01-13 13:55:31.666 [,] [Test worker] DEBUG liquibase.servicelocator - Loaded liquibase.sqlgenerator.SqlGenerator instance com.datical.liquibase.ext.storedlogic.trigger.change.CreateTriggerGenerator
educationSystem 2022-01-13 13:55:31.668 [,] [Test worker] DEBUG liquibase.servicelocator - Loaded liquibase.sqlgenerator.SqlGenerator instance com.datical.liquibase.ext.storedlogic.trigger.change.DisableTriggerGenerator
educationSystem 2022-01-13 13:55:31.669 [,] [Test worker] DEBUG liquibase.servicelocator - Loaded liquibase.sqlgenerator.SqlGenerator instance com.datical.liquibase.ext.storedlogic.trigger.change.DropTriggerGenerator
educationSystem 2022-01-13 13:55:31.669 [,] [Test worker] DEBUG liquibase.servicelocator - Loaded liquibase.sqlgenerator.SqlGenerator instance com.datical.liquibase.ext.storedlogic.trigger.change.EnableTriggerGenerator
educationSystem 2022-01-13 13:55:31.670 [,] [Test worker] DEBUG liquibase.servicelocator - Loaded liquibase.sqlgenerator.SqlGenerator instance com.datical.liquibase.ext.storedlogic.trigger.change.RenameTriggerGenerator
educationSystem 2022-01-13 13:55:31.673 [,] [HikariPool-1 connection adder] DEBUG com.zaxxer.hikari.pool.HikariPool - HikariPool-1 - Added connection org.postgresql.jdbc.PgConnection@441da34
educationSystem 2022-01-13 13:55:31.674 [,] [HikariPool-1 connection adder] DEBUG org.postgresql.Driver - Connecting with URL: jdbc:postgresql://localhost:5432/educationsystem
educationSystem 2022-01-13 13:55:31.674 [,] [HikariPool-1 connection adder] DEBUG org.postgresql.jdbc.PgConnection - PostgreSQL JDBC Driver 42.3.1
educationSystem 2022-01-13 13:55:31.674 [,] [HikariPool-1 connection adder] DEBUG org.postgresql.jdbc.PgConnection -   setDefaultFetchSize = 0
educationSystem 2022-01-13 13:55:31.674 [,] [HikariPool-1 connection adder] DEBUG org.postgresql.jdbc.PgConnection -   setPrepareThreshold = 5
educationSystem 2022-01-13 13:55:31.675 [,] [HikariPool-1 connection adder] DEBUG o.p.core.v3.ConnectionFactoryImpl - Trying to establish a protocol version 3 connection to localhost:5432
educationSystem 2022-01-13 13:55:31.681 [,] [HikariPool-1 connection adder] DEBUG o.p.core.v3.ConnectionFactoryImpl - Receive Buffer Size is 65 536
educationSystem 2022-01-13 13:55:31.682 [,] [HikariPool-1 connection adder] DEBUG o.p.core.v3.ConnectionFactoryImpl - Send Buffer Size is 65 536
educationSystem 2022-01-13 13:55:31.704 [,] [HikariPool-1 connection adder] DEBUG com.zaxxer.hikari.pool.HikariPool - HikariPool-1 - Added connection org.postgresql.jdbc.PgConnection@73e36c63
educationSystem 2022-01-13 13:55:31.704 [,] [HikariPool-1 connection adder] DEBUG org.postgresql.Driver - Connecting with URL: jdbc:postgresql://localhost:5432/educationsystem
educationSystem 2022-01-13 13:55:31.704 [,] [HikariPool-1 connection adder] DEBUG org.postgresql.jdbc.PgConnection - PostgreSQL JDBC Driver 42.3.1
educationSystem 2022-01-13 13:55:31.705 [,] [HikariPool-1 connection adder] DEBUG org.postgresql.jdbc.PgConnection -   setDefaultFetchSize = 0
educationSystem 2022-01-13 13:55:31.705 [,] [HikariPool-1 connection adder] DEBUG org.postgresql.jdbc.PgConnection -   setPrepareThreshold = 5
educationSystem 2022-01-13 13:55:31.705 [,] [HikariPool-1 connection adder] DEBUG o.p.core.v3.ConnectionFactoryImpl - Trying to establish a protocol version 3 connection to localhost:5432
educationSystem 2022-01-13 13:55:31.706 [,] [HikariPool-1 connection adder] DEBUG o.p.core.v3.ConnectionFactoryImpl - Receive Buffer Size is 65 536
educationSystem 2022-01-13 13:55:31.706 [,] [HikariPool-1 connection adder] DEBUG o.p.core.v3.ConnectionFactoryImpl - Send Buffer Size is 65 536
educationSystem 2022-01-13 13:55:31.725 [,] [HikariPool-1 connection adder] DEBUG com.zaxxer.hikari.pool.HikariPool - HikariPool-1 - Added connection org.postgresql.jdbc.PgConnection@1ade82fb
educationSystem 2022-01-13 13:55:31.725 [,] [HikariPool-1 connection adder] DEBUG org.postgresql.Driver - Connecting with URL: jdbc:postgresql://localhost:5432/educationsystem
educationSystem 2022-01-13 13:55:31.726 [,] [HikariPool-1 connection adder] DEBUG org.postgresql.jdbc.PgConnection - PostgreSQL JDBC Driver 42.3.1
educationSystem 2022-01-13 13:55:31.726 [,] [HikariPool-1 connection adder] DEBUG org.postgresql.jdbc.PgConnection -   setDefaultFetchSize = 0
educationSystem 2022-01-13 13:55:31.726 [,] [HikariPool-1 connection adder] DEBUG org.postgresql.jdbc.PgConnection -   setPrepareThreshold = 5
educationSystem 2022-01-13 13:55:31.726 [,] [HikariPool-1 connection adder] DEBUG o.p.core.v3.ConnectionFactoryImpl - Trying to establish a protocol version 3 connection to localhost:5432
educationSystem 2022-01-13 13:55:31.727 [,] [HikariPool-1 connection adder] DEBUG o.p.core.v3.ConnectionFactoryImpl - Receive Buffer Size is 65 536
educationSystem 2022-01-13 13:55:31.728 [,] [HikariPool-1 connection adder] DEBUG o.p.core.v3.ConnectionFactoryImpl - Send Buffer Size is 65 536
educationSystem 2022-01-13 13:55:31.728 [,] [Test worker] INFO liquibase.database - Set default schema name to public
educationSystem 2022-01-13 13:55:31.729 [,] [Test worker] DEBUG liquibase.configuration - No configuration value for liquibase.liquibaseSchemaName aka liquibase.schemaName found
educationSystem 2022-01-13 13:55:31.731 [,] [Test worker] DEBUG liquibase.configuration - No configuration value for liquibase.supportPropertyEscaping aka enableEscaping found
educationSystem 2022-01-13 13:55:31.732 [,] [Test worker] DEBUG liquibase.configuration - Configuration liquibase.supportPropertyEscaping is using the default value of false
educationSystem 2022-01-13 13:55:31.740 [,] [Test worker] DEBUG liquibase.servicelocator - Loaded liquibase.lockservice.LockService instance liquibase.lockservice.LockServiceImpl
educationSystem 2022-01-13 13:55:31.741 [,] [Test worker] DEBUG liquibase.servicelocator - Loaded liquibase.lockservice.LockService instance liquibase.lockservice.MockLockService
educationSystem 2022-01-13 13:55:31.742 [,] [Test worker] DEBUG liquibase.servicelocator - Loaded liquibase.lockservice.LockService instance liquibase.lockservice.OfflineLockService
educationSystem 2022-01-13 13:55:31.742 [,] [Test worker] DEBUG liquibase.servicelocator - Loaded liquibase.lockservice.LockService instance liquibase.lockservice.StandardLockService
educationSystem 2022-01-13 13:55:31.744 [,] [HikariPool-1 connection adder] DEBUG com.zaxxer.hikari.pool.HikariPool - HikariPool-1 - Added connection org.postgresql.jdbc.PgConnection@155f7c2b
educationSystem 2022-01-13 13:55:31.745 [,] [HikariPool-1 connection adder] DEBUG org.postgresql.Driver - Connecting with URL: jdbc:postgresql://localhost:5432/educationsystem
educationSystem 2022-01-13 13:55:31.745 [,] [HikariPool-1 connection adder] DEBUG org.postgresql.jdbc.PgConnection - PostgreSQL JDBC Driver 42.3.1
educationSystem 2022-01-13 13:55:31.745 [,] [HikariPool-1 connection adder] DEBUG org.postgresql.jdbc.PgConnection -   setDefaultFetchSize = 0
educationSystem 2022-01-13 13:55:31.745 [,] [HikariPool-1 connection adder] DEBUG org.postgresql.jdbc.PgConnection -   setPrepareThreshold = 5
educationSystem 2022-01-13 13:55:31.745 [,] [HikariPool-1 connection adder] DEBUG o.p.core.v3.ConnectionFactoryImpl - Trying to establish a protocol version 3 connection to localhost:5432
educationSystem 2022-01-13 13:55:31.746 [,] [HikariPool-1 connection adder] DEBUG o.p.core.v3.ConnectionFactoryImpl - Receive Buffer Size is 65 536
educationSystem 2022-01-13 13:55:31.747 [,] [HikariPool-1 connection adder] DEBUG o.p.core.v3.ConnectionFactoryImpl - Send Buffer Size is 65 536
educationSystem 2022-01-13 13:55:31.750 [,] [Test worker] DEBUG liquibase.configuration - No configuration value for liquibase.changelogLockWaitTimeInMinutes aka liquibase.changeLogLockWaitTimeInMinutes found
educationSystem 2022-01-13 13:55:31.751 [,] [Test worker] DEBUG liquibase.configuration - Configuration liquibase.changelogLockWaitTimeInMinutes is using the default value of 5
educationSystem 2022-01-13 13:55:31.756 [,] [Test worker] DEBUG liquibase.servicelocator - Loaded liquibase.snapshot.SnapshotGenerator instance liquibase.snapshot.jvm.CatalogSnapshotGenerator
educationSystem 2022-01-13 13:55:31.759 [,] [Test worker] DEBUG liquibase.servicelocator - Loaded liquibase.snapshot.SnapshotGenerator instance liquibase.snapshot.jvm.ColumnSnapshotGenerator
educationSystem 2022-01-13 13:55:31.760 [,] [Test worker] DEBUG liquibase.servicelocator - Loaded liquibase.snapshot.SnapshotGenerator instance liquibase.snapshot.jvm.ColumnSnapshotGeneratorH2
educationSystem 2022-01-13 13:55:31.761 [,] [Test worker] DEBUG liquibase.servicelocator - Loaded liquibase.snapshot.SnapshotGenerator instance liquibase.snapshot.jvm.ColumnSnapshotGeneratorInformix
educationSystem 2022-01-13 13:55:31.762 [,] [Test worker] DEBUG liquibase.servicelocator - Loaded liquibase.snapshot.SnapshotGenerator instance liquibase.snapshot.jvm.ColumnSnapshotGeneratorOracle
educationSystem 2022-01-13 13:55:31.763 [,] [Test worker] DEBUG liquibase.servicelocator - Loaded liquibase.snapshot.SnapshotGenerator instance liquibase.snapshot.jvm.DataSnapshotGenerator
educationSystem 2022-01-13 13:55:31.766 [,] [Test worker] DEBUG liquibase.servicelocator - Loaded liquibase.snapshot.SnapshotGenerator instance liquibase.snapshot.jvm.ForeignKeySnapshotGenerator
educationSystem 2022-01-13 13:55:31.767 [,] [HikariPool-1 connection adder] DEBUG com.zaxxer.hikari.pool.HikariPool - HikariPool-1 - Added connection org.postgresql.jdbc.PgConnection@1f4594ce
educationSystem 2022-01-13 13:55:31.767 [,] [HikariPool-1 connection adder] DEBUG org.postgresql.Driver - Connecting with URL: jdbc:postgresql://localhost:5432/educationsystem
educationSystem 2022-01-13 13:55:31.767 [,] [HikariPool-1 connection adder] DEBUG org.postgresql.jdbc.PgConnection - PostgreSQL JDBC Driver 42.3.1
educationSystem 2022-01-13 13:55:31.767 [,] [HikariPool-1 connection adder] DEBUG org.postgresql.jdbc.PgConnection -   setDefaultFetchSize = 0
educationSystem 2022-01-13 13:55:31.768 [,] [HikariPool-1 connection adder] DEBUG org.postgresql.jdbc.PgConnection -   setPrepareThreshold = 5
educationSystem 2022-01-13 13:55:31.768 [,] [HikariPool-1 connection adder] DEBUG o.p.core.v3.ConnectionFactoryImpl - Trying to establish a protocol version 3 connection to localhost:5432
educationSystem 2022-01-13 13:55:31.768 [,] [Test worker] DEBUG liquibase.servicelocator - Loaded liquibase.snapshot.SnapshotGenerator instance liquibase.snapshot.jvm.IndexSnapshotGenerator
educationSystem 2022-01-13 13:55:31.769 [,] [HikariPool-1 connection adder] DEBUG o.p.core.v3.ConnectionFactoryImpl - Receive Buffer Size is 65 536
educationSystem 2022-01-13 13:55:31.769 [,] [HikariPool-1 connection adder] DEBUG o.p.core.v3.ConnectionFactoryImpl - Send Buffer Size is 65 536
educationSystem 2022-01-13 13:55:31.770 [,] [Test worker] DEBUG liquibase.servicelocator - Loaded liquibase.snapshot.SnapshotGenerator instance liquibase.snapshot.jvm.PrimaryKeySnapshotGenerator
educationSystem 2022-01-13 13:55:31.772 [,] [Test worker] DEBUG liquibase.servicelocator - Loaded liquibase.snapshot.SnapshotGenerator instance liquibase.snapshot.jvm.SchemaSnapshotGenerator
educationSystem 2022-01-13 13:55:31.773 [,] [Test worker] DEBUG liquibase.servicelocator - Loaded liquibase.snapshot.SnapshotGenerator instance liquibase.snapshot.jvm.SequenceSnapshotGenerator
educationSystem 2022-01-13 13:55:31.774 [,] [Test worker] DEBUG liquibase.servicelocator - Loaded liquibase.snapshot.SnapshotGenerator instance liquibase.snapshot.jvm.TableSnapshotGenerator
educationSystem 2022-01-13 13:55:31.775 [,] [Test worker] DEBUG liquibase.servicelocator - Loaded liquibase.snapshot.SnapshotGenerator instance liquibase.snapshot.jvm.UniqueConstraintSnapshotGenerator
educationSystem 2022-01-13 13:55:31.775 [,] [Test worker] DEBUG liquibase.servicelocator - Loaded liquibase.snapshot.SnapshotGenerator instance liquibase.snapshot.jvm.ViewSnapshotGenerator
educationSystem 2022-01-13 13:55:31.777 [,] [Test worker] DEBUG liquibase.servicelocator - Loaded liquibase.snapshot.SnapshotGenerator instance com.datical.liquibase.ext.appdba.synonym.SynonymSnapshotGenerator
educationSystem 2022-01-13 13:55:31.778 [,] [Test worker] DEBUG liquibase.servicelocator - Loaded liquibase.snapshot.SnapshotGenerator instance com.datical.liquibase.ext.storedlogic.checkconstraint.CheckConstraintSnapshotGenerator
educationSystem 2022-01-13 13:55:31.779 [,] [Test worker] DEBUG liquibase.servicelocator - Loaded liquibase.snapshot.SnapshotGenerator instance com.datical.liquibase.ext.storedlogic.checkconstraint.postgres.PostgresCheckConstraintSnapshotGenerator
educationSystem 2022-01-13 13:55:31.781 [,] [Test worker] DEBUG liquibase.servicelocator - Loaded liquibase.snapshot.SnapshotGenerator instance com.datical.liquibase.ext.storedlogic.databasepackage.PackageBodySnapshotGenerator
educationSystem 2022-01-13 13:55:31.782 [,] [Test worker] DEBUG liquibase.servicelocator - Loaded liquibase.snapshot.SnapshotGenerator instance com.datical.liquibase.ext.storedlogic.databasepackage.PackageSnapshotGenerator
educationSystem 2022-01-13 13:55:31.785 [,] [Test worker] DEBUG liquibase.servicelocator - Loaded liquibase.snapshot.SnapshotGenerator instance com.datical.liquibase.ext.storedlogic.function.FunctionSnapshotGenerator
educationSystem 2022-01-13 13:55:31.785 [,] [HikariPool-1 connection adder] DEBUG com.zaxxer.hikari.pool.HikariPool - HikariPool-1 - Added connection org.postgresql.jdbc.PgConnection@77ad7331
educationSystem 2022-01-13 13:55:31.785 [,] [Test worker] DEBUG liquibase.servicelocator - Loaded liquibase.snapshot.SnapshotGenerator instance com.datical.liquibase.ext.storedlogic.function.postgres.EDBPostgresFunctionSnapshotGenerator
educationSystem 2022-01-13 13:55:31.785 [,] [Test worker] DEBUG liquibase.servicelocator - Loaded liquibase.snapshot.SnapshotGenerator instance com.datical.liquibase.ext.storedlogic.function.postgres.PostgresFunctionSnapshotGenerator
educationSystem 2022-01-13 13:55:31.785 [,] [HikariPool-1 connection adder] DEBUG org.postgresql.Driver - Connecting with URL: jdbc:postgresql://localhost:5432/educationsystem
educationSystem 2022-01-13 13:55:31.785 [,] [HikariPool-1 connection adder] DEBUG org.postgresql.jdbc.PgConnection - PostgreSQL JDBC Driver 42.3.1
educationSystem 2022-01-13 13:55:31.786 [,] [HikariPool-1 connection adder] DEBUG org.postgresql.jdbc.PgConnection -   setDefaultFetchSize = 0
educationSystem 2022-01-13 13:55:31.786 [,] [HikariPool-1 connection adder] DEBUG org.postgresql.jdbc.PgConnection -   setPrepareThreshold = 5
educationSystem 2022-01-13 13:55:31.786 [,] [HikariPool-1 connection adder] DEBUG o.p.core.v3.ConnectionFactoryImpl - Trying to establish a protocol version 3 connection to localhost:5432
educationSystem 2022-01-13 13:55:31.786 [,] [Test worker] DEBUG liquibase.servicelocator - Loaded liquibase.snapshot.SnapshotGenerator instance com.datical.liquibase.ext.storedlogic.function.mysql.MySQLFunctionSnapshotGenerator
educationSystem 2022-01-13 13:55:31.787 [,] [HikariPool-1 connection adder] DEBUG o.p.core.v3.ConnectionFactoryImpl - Receive Buffer Size is 65 536
educationSystem 2022-01-13 13:55:31.787 [,] [HikariPool-1 connection adder] DEBUG o.p.core.v3.ConnectionFactoryImpl - Send Buffer Size is 65 536
educationSystem 2022-01-13 13:55:31.787 [,] [Test worker] DEBUG liquibase.servicelocator - Loaded liquibase.snapshot.SnapshotGenerator instance com.datical.liquibase.ext.storedlogic.storedproc.PostgresStoredProcedureSnapshotGenerator
educationSystem 2022-01-13 13:55:31.789 [,] [Test worker] DEBUG liquibase.servicelocator - Loaded liquibase.snapshot.SnapshotGenerator instance com.datical.liquibase.ext.storedlogic.storedproc.MySQLStoredProcedureSnapshotGenerator
educationSystem 2022-01-13 13:55:31.789 [,] [Test worker] DEBUG liquibase.servicelocator - Loaded liquibase.snapshot.SnapshotGenerator instance com.datical.liquibase.ext.storedlogic.storedproc.StoredProcedureSnapshotGenerator
educationSystem 2022-01-13 13:55:31.791 [,] [Test worker] DEBUG liquibase.servicelocator - Loaded liquibase.snapshot.SnapshotGenerator instance com.datical.liquibase.ext.storedlogic.trigger.TriggerSnapshotGenerator
educationSystem 2022-01-13 13:55:31.792 [,] [Test worker] DEBUG liquibase.servicelocator - Loaded liquibase.snapshot.SnapshotGenerator instance com.datical.liquibase.ext.storedlogic.trigger.postgres.PostgresTriggerSnapshotGenerator
educationSystem 2022-01-13 13:55:31.793 [,] [Test worker] DEBUG liquibase.configuration - No configuration value for liquibase.liquibaseCatalogName aka liquibase.catalogName found
educationSystem 2022-01-13 13:55:31.796 [,] [Test worker] DEBUG liquibase.executor - Executing with the 'jdbc' executor
educationSystem 2022-01-13 13:55:31.801 [,] [Test worker] DEBUG liquibase.executor - Executing with the 'jdbc' executor
educationSystem 2022-01-13 13:55:31.804 [,] [Test worker] DEBUG liquibase.executor - Executing with the 'jdbc' executor
educationSystem 2022-01-13 13:55:31.805 [,] [HikariPool-1 connection adder] DEBUG com.zaxxer.hikari.pool.HikariPool - HikariPool-1 - Added connection org.postgresql.jdbc.PgConnection@190afe65
educationSystem 2022-01-13 13:55:31.806 [,] [HikariPool-1 connection adder] DEBUG com.zaxxer.hikari.pool.HikariPool - HikariPool-1 - After adding stats (total=10, active=1, idle=9, waiting=0)
educationSystem 2022-01-13 13:55:31.808 [,] [Test worker] DEBUG liquibase.executor - Lock Database
educationSystem 2022-01-13 13:55:31.809 [,] [Test worker] DEBUG liquibase.executor - Executing with the 'jdbc' executor
educationSystem 2022-01-13 13:55:31.816 [,] [Test worker] DEBUG liquibase.servicelocator - Loaded liquibase.datatype.LiquibaseDataType instance liquibase.datatype.core.BigIntType
educationSystem 2022-01-13 13:55:31.817 [,] [Test worker] DEBUG liquibase.servicelocator - Loaded liquibase.datatype.LiquibaseDataType instance liquibase.datatype.core.BlobType
educationSystem 2022-01-13 13:55:31.818 [,] [Test worker] DEBUG liquibase.servicelocator - Loaded liquibase.datatype.LiquibaseDataType instance liquibase.datatype.core.BooleanType
educationSystem 2022-01-13 13:55:31.819 [,] [Test worker] DEBUG liquibase.servicelocator - Loaded liquibase.datatype.LiquibaseDataType instance liquibase.datatype.core.CharType
educationSystem 2022-01-13 13:55:31.820 [,] [Test worker] DEBUG liquibase.servicelocator - Loaded liquibase.datatype.LiquibaseDataType instance liquibase.datatype.core.ClobType
educationSystem 2022-01-13 13:55:31.821 [,] [Test worker] DEBUG liquibase.servicelocator - Loaded liquibase.datatype.LiquibaseDataType instance liquibase.datatype.core.CurrencyType
educationSystem 2022-01-13 13:55:31.822 [,] [Test worker] DEBUG liquibase.servicelocator - Loaded liquibase.datatype.LiquibaseDataType instance liquibase.datatype.core.DatabaseFunctionType
educationSystem 2022-01-13 13:55:31.823 [,] [Test worker] DEBUG liquibase.servicelocator - Loaded liquibase.datatype.LiquibaseDataType instance liquibase.datatype.core.DateTimeType
educationSystem 2022-01-13 13:55:31.824 [,] [Test worker] DEBUG liquibase.servicelocator - Loaded liquibase.datatype.LiquibaseDataType instance liquibase.datatype.core.DateType
educationSystem 2022-01-13 13:55:31.825 [,] [Test worker] DEBUG liquibase.servicelocator - Loaded liquibase.datatype.LiquibaseDataType instance liquibase.datatype.core.DecimalType
educationSystem 2022-01-13 13:55:31.825 [,] [Test worker] DEBUG liquibase.servicelocator - Loaded liquibase.datatype.LiquibaseDataType instance liquibase.datatype.core.DoubleType
educationSystem 2022-01-13 13:55:31.826 [,] [Test worker] DEBUG liquibase.servicelocator - Loaded liquibase.datatype.LiquibaseDataType instance liquibase.datatype.core.FloatType
educationSystem 2022-01-13 13:55:31.827 [,] [Test worker] DEBUG liquibase.servicelocator - Loaded liquibase.datatype.LiquibaseDataType instance liquibase.datatype.core.IntType
educationSystem 2022-01-13 13:55:31.828 [,] [Test worker] DEBUG liquibase.servicelocator - Loaded liquibase.datatype.LiquibaseDataType instance liquibase.datatype.core.MediumIntType
educationSystem 2022-01-13 13:55:31.829 [,] [Test worker] DEBUG liquibase.servicelocator - Loaded liquibase.datatype.LiquibaseDataType instance liquibase.datatype.core.NCharType
educationSystem 2022-01-13 13:55:31.830 [,] [Test worker] DEBUG liquibase.servicelocator - Loaded liquibase.datatype.LiquibaseDataType instance liquibase.datatype.core.NVarcharType
educationSystem 2022-01-13 13:55:31.831 [,] [Test worker] DEBUG liquibase.servicelocator - Loaded liquibase.datatype.LiquibaseDataType instance liquibase.datatype.core.NumberType
educationSystem 2022-01-13 13:55:31.832 [,] [Test worker] DEBUG liquibase.servicelocator - Loaded liquibase.datatype.LiquibaseDataType instance liquibase.datatype.core.SmallIntType
educationSystem 2022-01-13 13:55:31.832 [,] [Test worker] DEBUG liquibase.servicelocator - Loaded liquibase.datatype.LiquibaseDataType instance liquibase.datatype.core.TimeType
educationSystem 2022-01-13 13:55:31.834 [,] [Test worker] DEBUG liquibase.servicelocator - Loaded liquibase.datatype.LiquibaseDataType instance liquibase.datatype.core.TimestampType
educationSystem 2022-01-13 13:55:31.834 [,] [Test worker] DEBUG liquibase.servicelocator - Loaded liquibase.datatype.LiquibaseDataType instance liquibase.datatype.core.TinyIntType
educationSystem 2022-01-13 13:55:31.835 [,] [Test worker] DEBUG liquibase.servicelocator - Loaded liquibase.datatype.LiquibaseDataType instance liquibase.datatype.core.UUIDType
educationSystem 2022-01-13 13:55:31.835 [,] [Test worker] DEBUG liquibase.servicelocator - Loaded liquibase.datatype.LiquibaseDataType instance liquibase.datatype.core.UnknownType
educationSystem 2022-01-13 13:55:31.836 [,] [Test worker] DEBUG liquibase.servicelocator - Loaded liquibase.datatype.LiquibaseDataType instance liquibase.datatype.core.VarcharType
educationSystem 2022-01-13 13:55:31.836 [,] [Test worker] DEBUG liquibase.servicelocator - Loaded liquibase.datatype.LiquibaseDataType instance liquibase.datatype.core.XMLType
educationSystem 2022-01-13 13:55:31.842 [,] [Test worker] DEBUG liquibase.configuration - No configuration value for liquibase.includeCatalogInSpecification found
educationSystem 2022-01-13 13:55:31.842 [,] [Test worker] DEBUG liquibase.configuration - Configuration liquibase.includeCatalogInSpecification is using the default value of false
educationSystem 2022-01-13 13:55:31.854 [,] [Test worker] INFO liquibase.lockservice - Successfully acquired change log lock
educationSystem 2022-01-13 13:55:31.854 [,] [Test worker] DEBUG org.postgresql.jdbc.PgConnection - Rollback requested but no transaction in progress
educationSystem 2022-01-13 13:55:31.857 [,] [Test worker] DEBUG liquibase.servicelocator - Loaded liquibase.parser.ChangeLogParser instance liquibase.parser.core.formattedsql.FormattedSqlChangeLogParser
educationSystem 2022-01-13 13:55:31.859 [,] [Test worker] DEBUG liquibase.servicelocator - Loaded liquibase.parser.ChangeLogParser instance liquibase.parser.core.json.JsonChangeLogParser
educationSystem 2022-01-13 13:55:31.859 [,] [Test worker] DEBUG liquibase.servicelocator - Loaded liquibase.parser.ChangeLogParser instance liquibase.parser.core.sql.SqlChangeLogParser
educationSystem 2022-01-13 13:55:31.864 [,] [Test worker] DEBUG liquibase.servicelocator - Loaded liquibase.parser.ChangeLogParser instance liquibase.parser.core.xml.XMLChangeLogSAXParser
educationSystem 2022-01-13 13:55:31.864 [,] [Test worker] DEBUG liquibase.servicelocator - Loaded liquibase.parser.ChangeLogParser instance liquibase.parser.core.yaml.YamlChangeLogParser
educationSystem 2022-01-13 13:55:31.891 [,] [Test worker] DEBUG liquibase.servicelocator - Loaded liquibase.change.Change instance liquibase.change.core.AddAutoIncrementChange
educationSystem 2022-01-13 13:55:31.893 [,] [Test worker] DEBUG liquibase.servicelocator - Loaded liquibase.change.Change instance liquibase.change.core.AddColumnChange
educationSystem 2022-01-13 13:55:31.895 [,] [Test worker] DEBUG liquibase.servicelocator - Loaded liquibase.change.Change instance liquibase.change.core.AddDefaultValueChange
educationSystem 2022-01-13 13:55:31.896 [,] [Test worker] DEBUG liquibase.servicelocator - Loaded liquibase.change.Change instance liquibase.change.core.AddForeignKeyConstraintChange
educationSystem 2022-01-13 13:55:31.897 [,] [Test worker] DEBUG liquibase.servicelocator - Loaded liquibase.change.Change instance liquibase.change.core.AddLookupTableChange
educationSystem 2022-01-13 13:55:31.899 [,] [Test worker] DEBUG liquibase.servicelocator - Loaded liquibase.change.Change instance liquibase.change.core.AddNotNullConstraintChange
educationSystem 2022-01-13 13:55:31.900 [,] [Test worker] DEBUG liquibase.servicelocator - Loaded liquibase.change.Change instance liquibase.change.core.AddPrimaryKeyChange
educationSystem 2022-01-13 13:55:31.901 [,] [Test worker] DEBUG liquibase.servicelocator - Loaded liquibase.change.Change instance liquibase.change.core.AddUniqueConstraintChange
educationSystem 2022-01-13 13:55:31.902 [,] [Test worker] DEBUG liquibase.servicelocator - Loaded liquibase.change.Change instance liquibase.change.core.AlterSequenceChange
educationSystem 2022-01-13 13:55:31.903 [,] [Test worker] DEBUG liquibase.servicelocator - Loaded liquibase.change.Change instance liquibase.change.core.CreateIndexChange
educationSystem 2022-01-13 13:55:31.904 [,] [Test worker] DEBUG liquibase.servicelocator - Loaded liquibase.change.Change instance liquibase.change.core.CreateProcedureChange
educationSystem 2022-01-13 13:55:31.905 [,] [Test worker] DEBUG liquibase.servicelocator - Loaded liquibase.change.Change instance liquibase.change.core.CreateSequenceChange
educationSystem 2022-01-13 13:55:31.906 [,] [Test worker] DEBUG liquibase.servicelocator - Loaded liquibase.change.Change instance liquibase.change.core.CreateTableChange
educationSystem 2022-01-13 13:55:31.907 [,] [Test worker] DEBUG liquibase.servicelocator - Loaded liquibase.change.Change instance liquibase.change.core.CreateViewChange
educationSystem 2022-01-13 13:55:31.908 [,] [Test worker] DEBUG liquibase.servicelocator - Loaded liquibase.change.Change instance liquibase.change.core.DeleteDataChange
educationSystem 2022-01-13 13:55:31.908 [,] [Test worker] DEBUG liquibase.servicelocator - Loaded liquibase.change.Change instance liquibase.change.core.DropAllForeignKeyConstraintsChange
educationSystem 2022-01-13 13:55:31.909 [,] [Test worker] DEBUG liquibase.servicelocator - Loaded liquibase.change.Change instance liquibase.change.core.DropColumnChange
educationSystem 2022-01-13 13:55:31.910 [,] [Test worker] DEBUG liquibase.servicelocator - Loaded liquibase.change.Change instance liquibase.change.core.DropDefaultValueChange
educationSystem 2022-01-13 13:55:31.910 [,] [Test worker] DEBUG liquibase.servicelocator - Loaded liquibase.change.Change instance liquibase.change.core.DropForeignKeyConstraintChange
educationSystem 2022-01-13 13:55:31.911 [,] [Test worker] DEBUG liquibase.servicelocator - Loaded liquibase.change.Change instance liquibase.change.core.DropIndexChange
educationSystem 2022-01-13 13:55:31.912 [,] [Test worker] DEBUG liquibase.servicelocator - Loaded liquibase.change.Change instance liquibase.change.core.DropNotNullConstraintChange
educationSystem 2022-01-13 13:55:31.912 [,] [Test worker] DEBUG liquibase.servicelocator - Loaded liquibase.change.Change instance liquibase.change.core.DropPrimaryKeyChange
educationSystem 2022-01-13 13:55:31.913 [,] [Test worker] DEBUG liquibase.servicelocator - Loaded liquibase.change.Change instance liquibase.change.core.DropProcedureChange
educationSystem 2022-01-13 13:55:31.913 [,] [Test worker] DEBUG liquibase.servicelocator - Loaded liquibase.change.Change instance liquibase.change.core.DropSequenceChange
educationSystem 2022-01-13 13:55:31.914 [,] [Test worker] DEBUG liquibase.servicelocator - Loaded liquibase.change.Change instance liquibase.change.core.DropTableChange
educationSystem 2022-01-13 13:55:31.914 [,] [Test worker] DEBUG liquibase.servicelocator - Loaded liquibase.change.Change instance liquibase.change.core.DropUniqueConstraintChange
educationSystem 2022-01-13 13:55:31.915 [,] [Test worker] DEBUG liquibase.servicelocator - Loaded liquibase.change.Change instance liquibase.change.core.DropViewChange
educationSystem 2022-01-13 13:55:31.916 [,] [Test worker] DEBUG liquibase.servicelocator - Loaded liquibase.change.Change instance liquibase.change.core.EmptyChange
educationSystem 2022-01-13 13:55:31.917 [,] [Test worker] DEBUG liquibase.servicelocator - Loaded liquibase.change.Change instance liquibase.change.core.ExecuteShellCommandChange
educationSystem 2022-01-13 13:55:31.918 [,] [Test worker] DEBUG liquibase.servicelocator - Loaded liquibase.change.Change instance liquibase.change.core.InsertDataChange
educationSystem 2022-01-13 13:55:31.923 [,] [Test worker] DEBUG liquibase.servicelocator - Loaded liquibase.change.Change instance liquibase.change.core.LoadDataChange
educationSystem 2022-01-13 13:55:31.924 [,] [Test worker] DEBUG liquibase.servicelocator - Loaded liquibase.change.Change instance liquibase.change.core.LoadUpdateDataChange
educationSystem 2022-01-13 13:55:31.924 [,] [Test worker] DEBUG liquibase.servicelocator - Loaded liquibase.change.Change instance liquibase.change.core.MergeColumnChange
educationSystem 2022-01-13 13:55:31.925 [,] [Test worker] DEBUG liquibase.servicelocator - Loaded liquibase.change.Change instance liquibase.change.core.ModifyDataTypeChange
educationSystem 2022-01-13 13:55:31.925 [,] [Test worker] DEBUG liquibase.servicelocator - Loaded liquibase.change.Change instance liquibase.change.core.OutputChange
educationSystem 2022-01-13 13:55:31.926 [,] [Test worker] DEBUG liquibase.servicelocator - Loaded liquibase.change.Change instance liquibase.change.core.RawSQLChange
educationSystem 2022-01-13 13:55:31.927 [,] [Test worker] DEBUG liquibase.servicelocator - Loaded liquibase.change.Change instance liquibase.change.core.RenameColumnChange
educationSystem 2022-01-13 13:55:31.928 [,] [Test worker] DEBUG liquibase.servicelocator - Loaded liquibase.change.Change instance liquibase.change.core.RenameSequenceChange
educationSystem 2022-01-13 13:55:31.928 [,] [Test worker] DEBUG liquibase.servicelocator - Loaded liquibase.change.Change instance liquibase.change.core.RenameTableChange
educationSystem 2022-01-13 13:55:31.928 [,] [Test worker] DEBUG liquibase.servicelocator - Loaded liquibase.change.Change instance liquibase.change.core.RenameViewChange
educationSystem 2022-01-13 13:55:31.929 [,] [Test worker] DEBUG liquibase.servicelocator - Loaded liquibase.change.Change instance liquibase.change.core.SQLFileChange
educationSystem 2022-01-13 13:55:31.929 [,] [Test worker] DEBUG liquibase.servicelocator - Loaded liquibase.change.Change instance liquibase.change.core.SetColumnRemarksChange
educationSystem 2022-01-13 13:55:31.930 [,] [Test worker] DEBUG liquibase.servicelocator - Loaded liquibase.change.Change instance liquibase.change.core.SetTableRemarksChange
educationSystem 2022-01-13 13:55:31.930 [,] [Test worker] DEBUG liquibase.servicelocator - Loaded liquibase.change.Change instance liquibase.change.core.StopChange
educationSystem 2022-01-13 13:55:31.930 [,] [Test worker] DEBUG liquibase.servicelocator - Loaded liquibase.change.Change instance liquibase.change.core.TagDatabaseChange
educationSystem 2022-01-13 13:55:31.931 [,] [Test worker] DEBUG liquibase.servicelocator - Loaded liquibase.change.Change instance liquibase.change.core.UpdateDataChange
educationSystem 2022-01-13 13:55:31.932 [,] [Test worker] DEBUG liquibase.servicelocator - Loaded liquibase.change.Change instance liquibase.change.custom.CustomChangeWrapper
educationSystem 2022-01-13 13:55:31.932 [,] [Test worker] DEBUG liquibase.servicelocator - Loaded liquibase.change.Change instance com.datical.liquibase.ext.appdba.markunused.change.MarkUnsedChange
educationSystem 2022-01-13 13:55:31.933 [,] [Test worker] DEBUG liquibase.servicelocator - Loaded liquibase.change.Change instance com.datical.liquibase.ext.appdba.synonym.change.CreateSynonymChange
educationSystem 2022-01-13 13:55:31.933 [,] [Test worker] DEBUG liquibase.servicelocator - Loaded liquibase.change.Change instance com.datical.liquibase.ext.appdba.synonym.change.DropSynonymChange
educationSystem 2022-01-13 13:55:31.934 [,] [Test worker] DEBUG liquibase.servicelocator - Loaded liquibase.change.Change instance com.datical.liquibase.ext.storedlogic.checkconstraint.change.AddCheckConstraintChange
educationSystem 2022-01-13 13:55:31.934 [,] [Test worker] DEBUG liquibase.servicelocator - Loaded liquibase.change.Change instance com.datical.liquibase.ext.storedlogic.checkconstraint.change.DisableCheckConstraintChange
educationSystem 2022-01-13 13:55:31.935 [,] [Test worker] DEBUG liquibase.servicelocator - Loaded liquibase.change.Change instance com.datical.liquibase.ext.storedlogic.checkconstraint.change.DropCheckConstraintChange
educationSystem 2022-01-13 13:55:31.935 [,] [Test worker] DEBUG liquibase.servicelocator - Loaded liquibase.change.Change instance com.datical.liquibase.ext.storedlogic.checkconstraint.change.EnableCheckConstraintChange
educationSystem 2022-01-13 13:55:31.935 [,] [Test worker] DEBUG liquibase.servicelocator - Loaded liquibase.change.Change instance com.datical.liquibase.ext.storedlogic.databasepackage.change.CreatePackageBodyChange
educationSystem 2022-01-13 13:55:31.936 [,] [Test worker] DEBUG liquibase.servicelocator - Loaded liquibase.change.Change instance com.datical.liquibase.ext.storedlogic.databasepackage.change.CreatePackageChange
educationSystem 2022-01-13 13:55:31.936 [,] [Test worker] DEBUG liquibase.servicelocator - Loaded liquibase.change.Change instance com.datical.liquibase.ext.storedlogic.databasepackage.change.DropPackageBodyChange
educationSystem 2022-01-13 13:55:31.937 [,] [Test worker] DEBUG liquibase.servicelocator - Loaded liquibase.change.Change instance com.datical.liquibase.ext.storedlogic.databasepackage.change.DropPackageChange
educationSystem 2022-01-13 13:55:31.937 [,] [Test worker] DEBUG liquibase.servicelocator - Loaded liquibase.change.Change instance com.datical.liquibase.ext.storedlogic.function.change.CreateFunctionChange
educationSystem 2022-01-13 13:55:31.938 [,] [Test worker] DEBUG liquibase.servicelocator - Loaded liquibase.change.Change instance com.datical.liquibase.ext.storedlogic.function.change.DropFunctionChange
educationSystem 2022-01-13 13:55:31.939 [,] [Test worker] DEBUG liquibase.servicelocator - Loaded liquibase.change.Change instance com.datical.liquibase.ext.storedlogic.trigger.change.CreateTriggerChange
educationSystem 2022-01-13 13:55:31.940 [,] [Test worker] DEBUG liquibase.servicelocator - Loaded liquibase.change.Change instance com.datical.liquibase.ext.storedlogic.trigger.change.DisableTriggerChange
educationSystem 2022-01-13 13:55:31.940 [,] [Test worker] DEBUG liquibase.servicelocator - Loaded liquibase.change.Change instance com.datical.liquibase.ext.storedlogic.trigger.change.DropTriggerChange
educationSystem 2022-01-13 13:55:31.940 [,] [Test worker] DEBUG liquibase.servicelocator - Loaded liquibase.change.Change instance com.datical.liquibase.ext.storedlogic.trigger.change.EnableTriggerChange
educationSystem 2022-01-13 13:55:31.941 [,] [Test worker] DEBUG liquibase.servicelocator - Loaded liquibase.change.Change instance com.datical.liquibase.ext.storedlogic.trigger.change.RenameTriggerChange
educationSystem 2022-01-13 13:55:32.072 [,] [Test worker] DEBUG liquibase.servicelocator - Loaded liquibase.changelog.ChangeLogHistoryService instance liquibase.changelog.MockChangeLogHistoryService
educationSystem 2022-01-13 13:55:32.074 [,] [Test worker] DEBUG liquibase.servicelocator - Loaded liquibase.changelog.ChangeLogHistoryService instance liquibase.changelog.StandardChangeLogHistoryService
educationSystem 2022-01-13 13:55:32.078 [,] [Test worker] DEBUG liquibase.configuration - No configuration value for liquibase.outputFileEncoding found
educationSystem 2022-01-13 13:55:32.078 [,] [Test worker] DEBUG liquibase.configuration - Configuration liquibase.outputFileEncoding is using the default value of UTF-8
educationSystem 2022-01-13 13:55:32.078 [,] [Test worker] DEBUG liquibase.util - Computed checksum for 1642071332077 as 60ec647552c2d02440ef876d06f0aa3c
educationSystem 2022-01-13 13:55:32.104 [,] [Test worker] DEBUG liquibase.servicelocator - Loaded liquibase.diff.compare.DatabaseObjectComparator instance liquibase.diff.compare.core.CatalogComparator
educationSystem 2022-01-13 13:55:32.105 [,] [Test worker] DEBUG liquibase.servicelocator - Loaded liquibase.diff.compare.DatabaseObjectComparator instance liquibase.diff.compare.core.ColumnComparator
educationSystem 2022-01-13 13:55:32.106 [,] [Test worker] DEBUG liquibase.servicelocator - Loaded liquibase.diff.compare.DatabaseObjectComparator instance liquibase.diff.compare.core.DefaultDatabaseObjectComparator
educationSystem 2022-01-13 13:55:32.107 [,] [Test worker] DEBUG liquibase.servicelocator - Loaded liquibase.diff.compare.DatabaseObjectComparator instance liquibase.diff.compare.core.ForeignKeyComparator
educationSystem 2022-01-13 13:55:32.108 [,] [Test worker] DEBUG liquibase.servicelocator - Loaded liquibase.diff.compare.DatabaseObjectComparator instance liquibase.diff.compare.core.IndexComparator
educationSystem 2022-01-13 13:55:32.109 [,] [Test worker] DEBUG liquibase.servicelocator - Loaded liquibase.diff.compare.DatabaseObjectComparator instance liquibase.diff.compare.core.PrimaryKeyComparator
educationSystem 2022-01-13 13:55:32.110 [,] [Test worker] DEBUG liquibase.servicelocator - Loaded liquibase.diff.compare.DatabaseObjectComparator instance liquibase.diff.compare.core.SchemaComparator
educationSystem 2022-01-13 13:55:32.110 [,] [Test worker] DEBUG liquibase.servicelocator - Loaded liquibase.diff.compare.DatabaseObjectComparator instance liquibase.diff.compare.core.TableComparator
educationSystem 2022-01-13 13:55:32.111 [,] [Test worker] DEBUG liquibase.servicelocator - Loaded liquibase.diff.compare.DatabaseObjectComparator instance liquibase.diff.compare.core.UniqueConstraintComparator
educationSystem 2022-01-13 13:55:32.112 [,] [Test worker] DEBUG liquibase.servicelocator - Loaded liquibase.diff.compare.DatabaseObjectComparator instance com.datical.liquibase.ext.appdba.diff.compare.SynonymComparator
educationSystem 2022-01-13 13:55:32.112 [,] [Test worker] DEBUG liquibase.servicelocator - Loaded liquibase.diff.compare.DatabaseObjectComparator instance com.datical.liquibase.ext.storedlogic.StoredLogicComparator
educationSystem 2022-01-13 13:55:32.113 [,] [Test worker] DEBUG liquibase.servicelocator - Loaded liquibase.diff.compare.DatabaseObjectComparator instance com.datical.liquibase.ext.storedlogic.checkconstraint.CheckConstraintComparator
educationSystem 2022-01-13 13:55:32.154 [,] [Test worker] DEBUG liquibase.executor - Executing with the 'jdbc' executor
educationSystem 2022-01-13 13:55:32.157 [,] [Test worker] DEBUG liquibase.executor - Executing with the 'jdbc' executor
educationSystem 2022-01-13 13:55:32.159 [,] [Test worker] INFO liquibase.changelog - Reading from public.databasechangelog
educationSystem 2022-01-13 13:55:32.159 [,] [Test worker] DEBUG liquibase.executor - Executing with the 'jdbc' executor
educationSystem 2022-01-13 13:55:32.165 [,] [Test worker] DEBUG org.postgresql.jdbc.PgConnection - Rollback requested but no transaction in progress
educationSystem 2022-01-13 13:55:32.173 [,] [Test worker] DEBUG liquibase.util - Computed checksum for createTable:[
    columns=[
        [
            [
                nullable="false"
                primaryKey="true"
            ]
            autoIncrement="true"
            name="id"
            type="bigint"
        ],
        [
            [
                nullable="false"
            ]
            name="first_name"
            type="varchar(200)"
        ],
        [
            [
                nullable="false"
            ]
            name="last_name"
            type="varchar(200)"... [truncated in log] as 66ccbfc44e00a1cf3d07344ca0dcd0b2
educationSystem 2022-01-13 13:55:32.173 [,] [Test worker] DEBUG liquibase.util - Computed checksum for 8:66ccbfc44e00a1cf3d07344ca0dcd0b2: as d78baa38b0daac68880a55488dca4872
educationSystem 2022-01-13 13:55:32.175 [,] [Test worker] DEBUG liquibase.util - Computed checksum for addColumn:[
    columns=[
        [
            [
                nullable="false"
            ]
            name="password"
            type="varchar(50)"
        ]
    ]
    tableName="app_user"
] as 689113180881de223fa5dfd8d67a458a
educationSystem 2022-01-13 13:55:32.175 [,] [Test worker] DEBUG liquibase.util - Computed checksum for 8:689113180881de223fa5dfd8d67a458a: as 5591b3db3232b446bde02a271e7f7792
educationSystem 2022-01-13 13:55:32.178 [,] [Test worker] DEBUG liquibase.util - Computed checksum for insert:[
    columns=[
        [
            name="first_name"
            value="Tim"
        ],
        [
            name="last_name"
            value="Kz"
        ],
        [
            name="mail"
            value="asdfgh@gmail.com"
        ],
        [
            name="gender"
            value="1"
        ],
        [
            name="phone_number"
            value="4567890"
        ],
        [
            name="role"
            value="1"
        ],
        [
            name="bi... [truncated in log] as 0c3afa90d9e18af47b9aa35302bf5ddd
educationSystem 2022-01-13 13:55:32.180 [,] [Test worker] DEBUG liquibase.util - Computed checksum for insert:[
    columns=[
        [
            name="first_name"
            value="Lin"
        ],
        [
            name="last_name"
            value="Vcxz"
        ],
        [
            name="mail"
            value="ytrew@gmail.com"
        ],
        [
            name="gender"
            value="1"
        ],
        [
            name="phone_number"
            value="76543"
        ],
        [
            name="role"
            value="1"
        ],
        [
            name="bir... [truncated in log] as c90ea26e6d4157191e3a93f246832367
educationSystem 2022-01-13 13:55:32.181 [,] [Test worker] DEBUG liquibase.util - Computed checksum for 8:0c3afa90d9e18af47b9aa35302bf5ddd:8:c90ea26e6d4157191e3a93f246832367: as 5f247898254c3001a7aba75de84bc48d
educationSystem 2022-01-13 13:55:32.189 [,] [Test worker] DEBUG liquibase.servicelocator - Loaded liquibase.hub.HubService instance liquibase.hub.core.MockHubService
educationSystem 2022-01-13 13:55:32.196 [,] [Test worker] DEBUG liquibase.servicelocator - Loaded liquibase.hub.HubService instance liquibase.hub.core.StandardHubService
educationSystem 2022-01-13 13:55:32.196 [,] [Test worker] DEBUG liquibase.configuration - No configuration value for liquibase.hub.mode found
educationSystem 2022-01-13 13:55:32.196 [,] [Test worker] DEBUG liquibase.configuration - Configuration liquibase.hub.mode is using the default value of ALL
educationSystem 2022-01-13 13:55:32.201 [,] [Test worker] DEBUG liquibase.executor - Release Database Lock
educationSystem 2022-01-13 13:55:32.201 [,] [Test worker] DEBUG org.postgresql.jdbc.PgConnection - Rollback requested but no transaction in progress
educationSystem 2022-01-13 13:55:32.201 [,] [Test worker] DEBUG liquibase.executor - Executing with the 'jdbc' executor
educationSystem 2022-01-13 13:55:32.213 [,] [Test worker] INFO liquibase.lockservice - Successfully released change log lock
educationSystem 2022-01-13 13:55:32.213 [,] [Test worker] DEBUG org.postgresql.jdbc.PgConnection - Rollback requested but no transaction in progress
educationSystem 2022-01-13 13:55:32.214 [,] [Test worker] DEBUG org.postgresql.jdbc.PgConnection -   setAutoCommit = true
educationSystem 2022-01-13 13:55:32.214 [,] [Test worker] DEBUG o.s.b.f.s.DefaultListableBeanFactory - Creating shared instance of singleton bean 'dataSourceScriptDatabaseInitializer'
educationSystem 2022-01-13 13:55:32.215 [,] [Test worker] DEBUG o.s.b.f.s.DefaultListableBeanFactory - Creating shared instance of singleton bean 'org.springframework.boot.autoconfigure.sql.init.DataSourceInitializationConfiguration'
educationSystem 2022-01-13 13:55:32.217 [,] [Test worker] DEBUG o.s.b.f.s.DefaultListableBeanFactory - Creating shared instance of singleton bean 'spring.sql.init-org.springframework.boot.autoconfigure.sql.init.SqlInitializationProperties'
educationSystem 2022-01-13 13:55:32.220 [,] [Test worker] DEBUG o.s.b.f.s.DefaultListableBeanFactory - Autowiring by type from bean name 'dataSourceScriptDatabaseInitializer' via factory method to bean named 'dataSource'
educationSystem 2022-01-13 13:55:32.220 [,] [Test worker] DEBUG o.s.b.f.s.DefaultListableBeanFactory - Autowiring by type from bean name 'dataSourceScriptDatabaseInitializer' via factory method to bean named 'spring.sql.init-org.springframework.boot.autoconfigure.sql.init.SqlInitializationProperties'
educationSystem 2022-01-13 13:55:32.227 [,] [Test worker] DEBUG o.s.b.f.s.DefaultListableBeanFactory - Creating shared instance of singleton bean 'entityManagerFactory'
educationSystem 2022-01-13 13:55:32.228 [,] [Test worker] DEBUG o.s.b.f.s.DefaultListableBeanFactory - Creating shared instance of singleton bean 'org.springframework.boot.autoconfigure.orm.jpa.HibernateJpaConfiguration'
educationSystem 2022-01-13 13:55:32.228 [,] [Test worker] DEBUG o.s.b.f.s.DefaultListableBeanFactory - Creating shared instance of singleton bean 'spring.jpa-org.springframework.boot.autoconfigure.orm.jpa.JpaProperties'
educationSystem 2022-01-13 13:55:32.235 [,] [Test worker] DEBUG o.s.b.f.s.DefaultListableBeanFactory - Creating shared instance of singleton bean 'spring.jpa.hibernate-org.springframework.boot.autoconfigure.orm.jpa.HibernateProperties'
educationSystem 2022-01-13 13:55:32.241 [,] [Test worker] DEBUG o.s.b.f.s.DefaultListableBeanFactory - Autowiring by type from bean name 'org.springframework.boot.autoconfigure.orm.jpa.HibernateJpaConfiguration' via constructor to bean named 'dataSource'
educationSystem 2022-01-13 13:55:32.241 [,] [Test worker] DEBUG o.s.b.f.s.DefaultListableBeanFactory - Autowiring by type from bean name 'org.springframework.boot.autoconfigure.orm.jpa.HibernateJpaConfiguration' via constructor to bean named 'spring.jpa-org.springframework.boot.autoconfigure.orm.jpa.JpaProperties'
educationSystem 2022-01-13 13:55:32.241 [,] [Test worker] DEBUG o.s.b.f.s.DefaultListableBeanFactory - Autowiring by type from bean name 'org.springframework.boot.autoconfigure.orm.jpa.HibernateJpaConfiguration' via constructor to bean named 'org.springframework.beans.factory.support.DefaultListableBeanFactory@2a27cb34'
educationSystem 2022-01-13 13:55:32.241 [,] [Test worker] DEBUG o.s.b.f.s.DefaultListableBeanFactory - Autowiring by type from bean name 'org.springframework.boot.autoconfigure.orm.jpa.HibernateJpaConfiguration' via constructor to bean named 'spring.jpa.hibernate-org.springframework.boot.autoconfigure.orm.jpa.HibernateProperties'
educationSystem 2022-01-13 13:55:32.243 [,] [Test worker] DEBUG o.s.b.f.s.DefaultListableBeanFactory - Creating shared instance of singleton bean 'hikariPoolDataSourceMetadataProvider'
educationSystem 2022-01-13 13:55:32.243 [,] [Test worker] DEBUG o.s.b.f.s.DefaultListableBeanFactory - Creating shared instance of singleton bean 'org.springframework.boot.autoconfigure.jdbc.metadata.DataSourcePoolMetadataProvidersConfiguration$HikariPoolDataSourceMetadataProviderConfiguration'
educationSystem 2022-01-13 13:55:32.259 [,] [Test worker] DEBUG o.s.b.f.s.DefaultListableBeanFactory - Creating shared instance of singleton bean 'entityManagerFactoryBuilder'
educationSystem 2022-01-13 13:55:32.260 [,] [Test worker] DEBUG o.s.b.f.s.DefaultListableBeanFactory - Creating shared instance of singleton bean 'jpaVendorAdapter'
educationSystem 2022-01-13 13:55:32.342 [,] [Test worker] DEBUG org.jboss.logging - Logging Provider: org.jboss.logging.Log4j2LoggerProvider
educationSystem 2022-01-13 13:55:32.352 [,] [Test worker] DEBUG o.s.b.f.s.DefaultListableBeanFactory - Autowiring by type from bean name 'entityManagerFactoryBuilder' via factory method to bean named 'jpaVendorAdapter'
educationSystem 2022-01-13 13:55:32.356 [,] [Test worker] DEBUG o.s.b.f.s.DefaultListableBeanFactory - Autowiring by type from bean name 'entityManagerFactory' via factory method to bean named 'entityManagerFactoryBuilder'
educationSystem 2022-01-13 13:55:32.397 [,] [Test worker] DEBUG o.s.o.j.LocalContainerEntityManagerFactoryBean - Building JPA container EntityManagerFactory for persistence unit 'default'
educationSystem 2022-01-13 13:55:33.260 [,] [Test worker] INFO o.s.o.j.LocalContainerEntityManagerFactoryBean - Initialized JPA EntityManagerFactory for persistence unit 'default'
educationSystem 2022-01-13 13:55:33.263 [,] [Test worker] DEBUG o.s.b.f.s.DefaultListableBeanFactory - Creating shared instance of singleton bean 'educationSystemApplication'
educationSystem 2022-01-13 13:55:33.267 [,] [Test worker] DEBUG o.s.b.f.s.DefaultListableBeanFactory - Creating shared instance of singleton bean 'userController'
educationSystem 2022-01-13 13:55:33.270 [,] [Test worker] DEBUG o.s.b.f.s.DefaultListableBeanFactory - Creating shared instance of singleton bean 'userServiceImpl'
educationSystem 2022-01-13 13:55:33.271 [,] [Test worker] DEBUG o.s.b.f.s.DefaultListableBeanFactory - Creating shared instance of singleton bean 'userRepository'
educationSystem 2022-01-13 13:55:33.340 [,] [Test worker] DEBUG o.s.b.f.s.DefaultListableBeanFactory - Creating shared instance of singleton bean 'jpaMappingContext'
educationSystem 2022-01-13 13:55:33.349 [,] [Test worker] DEBUG o.s.d.j.r.c.JpaMetamodelMappingContextFactoryBean - Initializing JpaMetamodelMappingContext…
educationSystem 2022-01-13 13:55:33.364 [,] [Test worker] DEBUG o.s.d.j.r.c.JpaMetamodelMappingContextFactoryBean - Finished initializing JpaMetamodelMappingContext!
educationSystem 2022-01-13 13:55:33.387 [,] [Test worker] DEBUG o.s.o.j.SharedEntityManagerCreator$SharedEntityManagerInvocationHandler - Creating new EntityManager for shared EntityManager invocation
educationSystem 2022-01-13 13:55:33.481 [,] [Test worker] DEBUG o.s.o.j.SharedEntityManagerCreator$SharedEntityManagerInvocationHandler - Creating new EntityManager for shared EntityManager invocation
educationSystem 2022-01-13 13:55:33.545 [,] [Test worker] DEBUG o.s.d.r.c.s.RepositoryFactorySupport - Initializing repository instance for by.akimova.educationSystem.repository.UserRepo…
educationSystem 2022-01-13 13:55:33.566 [,] [Test worker] DEBUG o.s.o.j.SharedEntityManagerCreator$SharedEntityManagerInvocationHandler - Creating new EntityManager for shared EntityManager invocation
educationSystem 2022-01-13 13:55:33.641 [,] [Test worker] DEBUG o.s.d.j.repository.query.NamedQuery - Looking up named query User.deleteUserById
educationSystem 2022-01-13 13:55:33.646 [,] [Test worker] DEBUG o.s.d.j.repository.query.NamedQuery - Did not find named query User.deleteUserById
educationSystem 2022-01-13 13:55:33.649 [,] [Test worker] DEBUG o.s.o.j.SharedEntityManagerCreator$SharedEntityManagerInvocationHandler - Creating new EntityManager for shared EntityManager invocation
educationSystem 2022-01-13 13:55:33.695 [,] [Test worker] DEBUG o.s.d.j.repository.query.NamedQuery - Looking up named query User.findUserById
educationSystem 2022-01-13 13:55:33.695 [,] [Test worker] DEBUG o.s.d.j.repository.query.NamedQuery - Did not find named query User.findUserById
educationSystem 2022-01-13 13:55:33.696 [,] [Test worker] DEBUG o.s.o.j.SharedEntityManagerCreator$SharedEntityManagerInvocationHandler - Creating new EntityManager for shared EntityManager invocation
educationSystem 2022-01-13 13:55:33.697 [,] [Test worker] DEBUG o.s.d.j.repository.query.NamedQuery - Looking up named query User.findByMail
educationSystem 2022-01-13 13:55:33.697 [,] [Test worker] DEBUG o.s.d.j.repository.query.NamedQuery - Did not find named query User.findByMail
educationSystem 2022-01-13 13:55:33.697 [,] [Test worker] DEBUG o.s.o.j.SharedEntityManagerCreator$SharedEntityManagerInvocationHandler - Creating new EntityManager for shared EntityManager invocation
educationSystem 2022-01-13 13:55:33.701 [,] [Test worker] DEBUG o.s.d.r.c.s.RepositoryFactorySupport - Finished creation of repository instance for {}.
educationSystem 2022-01-13 13:55:33.702 [,] [Test worker] DEBUG o.s.b.f.s.DefaultListableBeanFactory - Autowiring by type from bean name 'userServiceImpl' via constructor to bean named 'userRepository'
educationSystem 2022-01-13 13:55:33.741 [,] [Test worker] DEBUG o.s.b.f.s.DefaultListableBeanFactory - Autowiring by type from bean name 'userController' via constructor to bean named 'userServiceImpl'
educationSystem 2022-01-13 13:55:33.743 [,] [Test worker] DEBUG o.s.b.f.s.DefaultListableBeanFactory - Creating shared instance of singleton bean 'org.springframework.boot.autoconfigure.context.PropertyPlaceholderAutoConfiguration'
educationSystem 2022-01-13 13:55:33.745 [,] [Test worker] DEBUG o.s.b.f.s.DefaultListableBeanFactory - Creating shared instance of singleton bean 'org.springframework.boot.autoconfigure.websocket.servlet.WebSocketServletAutoConfiguration$TomcatWebSocketConfiguration'
educationSystem 2022-01-13 13:55:33.756 [,] [Test worker] DEBUG o.s.b.f.s.DefaultListableBeanFactory - Creating shared instance of singleton bean 'websocketServletWebServerCustomizer'
educationSystem 2022-01-13 13:55:33.769 [,] [Test worker] DEBUG o.s.b.f.s.DefaultListableBeanFactory - Creating shared instance of singleton bean 'org.springframework.boot.autoconfigure.websocket.servlet.WebSocketServletAutoConfiguration'
educationSystem 2022-01-13 13:55:33.775 [,] [Test worker] DEBUG o.s.b.f.s.DefaultListableBeanFactory - Creating shared instance of singleton bean 'org.springframework.boot.autoconfigure.web.servlet.ServletWebServerFactoryConfiguration$EmbeddedTomcat'
educationSystem 2022-01-13 13:55:33.777 [,] [Test worker] DEBUG o.s.b.f.s.DefaultListableBeanFactory - Creating shared instance of singleton bean 'tomcatServletWebServerFactory'
educationSystem 2022-01-13 13:55:33.876 [,] [Test worker] DEBUG o.s.b.f.s.DefaultListableBeanFactory - Creating shared instance of singleton bean 'servletWebServerFactoryCustomizer'
educationSystem 2022-01-13 13:55:33.877 [,] [Test worker] DEBUG o.s.b.f.s.DefaultListableBeanFactory - Creating shared instance of singleton bean 'org.springframework.boot.autoconfigure.web.servlet.ServletWebServerFactoryAutoConfiguration'
educationSystem 2022-01-13 13:55:33.882 [,] [Test worker] DEBUG o.s.b.f.s.DefaultListableBeanFactory - Creating shared instance of singleton bean 'server-org.springframework.boot.autoconfigure.web.ServerProperties'
educationSystem 2022-01-13 13:55:33.893 [,] [Test worker] DEBUG o.s.b.f.s.DefaultListableBeanFactory - Autowiring by type from bean name 'servletWebServerFactoryCustomizer' via factory method to bean named 'server-org.springframework.boot.autoconfigure.web.ServerProperties'
educationSystem 2022-01-13 13:55:33.896 [,] [Test worker] DEBUG o.s.b.f.s.DefaultListableBeanFactory - Creating shared instance of singleton bean 'tomcatServletWebServerFactoryCustomizer'
educationSystem 2022-01-13 13:55:33.896 [,] [Test worker] DEBUG o.s.b.f.s.DefaultListableBeanFactory - Autowiring by type from bean name 'tomcatServletWebServerFactoryCustomizer' via factory method to bean named 'server-org.springframework.boot.autoconfigure.web.ServerProperties'
educationSystem 2022-01-13 13:55:33.899 [,] [Test worker] DEBUG o.s.b.f.s.DefaultListableBeanFactory - Creating shared instance of singleton bean 'tomcatWebServerFactoryCustomizer'
educationSystem 2022-01-13 13:55:33.899 [,] [Test worker] DEBUG o.s.b.f.s.DefaultListableBeanFactory - Creating shared instance of singleton bean 'org.springframework.boot.autoconfigure.web.embedded.EmbeddedWebServerFactoryCustomizerAutoConfiguration$TomcatWebServerFactoryCustomizerConfiguration'
educationSystem 2022-01-13 13:55:33.901 [,] [Test worker] DEBUG o.s.b.f.s.DefaultListableBeanFactory - Autowiring by type from bean name 'tomcatWebServerFactoryCustomizer' via factory method to bean named 'environment'
educationSystem 2022-01-13 13:55:33.901 [,] [Test worker] DEBUG o.s.b.f.s.DefaultListableBeanFactory - Autowiring by type from bean name 'tomcatWebServerFactoryCustomizer' via factory method to bean named 'server-org.springframework.boot.autoconfigure.web.ServerProperties'
educationSystem 2022-01-13 13:55:33.906 [,] [Test worker] DEBUG o.s.b.f.s.DefaultListableBeanFactory - Creating shared instance of singleton bean 'localeCharsetMappingsCustomizer'
educationSystem 2022-01-13 13:55:33.906 [,] [Test worker] DEBUG o.s.b.f.s.DefaultListableBeanFactory - Creating shared instance of singleton bean 'org.springframework.boot.autoconfigure.web.servlet.HttpEncodingAutoConfiguration'
educationSystem 2022-01-13 13:55:33.906 [,] [Test worker] DEBUG o.s.b.f.s.DefaultListableBeanFactory - Autowiring by type from bean name 'org.springframework.boot.autoconfigure.web.servlet.HttpEncodingAutoConfiguration' via constructor to bean named 'server-org.springframework.boot.autoconfigure.web.ServerProperties'
educationSystem 2022-01-13 13:55:33.945 [,] [Test worker] DEBUG o.s.b.f.s.DefaultListableBeanFactory - Creating shared instance of singleton bean 'errorPageCustomizer'
educationSystem 2022-01-13 13:55:33.945 [,] [Test worker] DEBUG o.s.b.f.s.DefaultListableBeanFactory - Creating shared instance of singleton bean 'org.springframework.boot.autoconfigure.web.servlet.error.ErrorMvcAutoConfiguration'
educationSystem 2022-01-13 13:55:33.945 [,] [Test worker] DEBUG o.s.b.f.s.DefaultListableBeanFactory - Autowiring by type from bean name 'org.springframework.boot.autoconfigure.web.servlet.error.ErrorMvcAutoConfiguration' via constructor to bean named 'server-org.springframework.boot.autoconfigure.web.ServerProperties'
educationSystem 2022-01-13 13:55:33.948 [,] [Test worker] DEBUG o.s.b.f.s.DefaultListableBeanFactory - Creating shared instance of singleton bean 'dispatcherServletRegistration'
educationSystem 2022-01-13 13:55:33.949 [,] [Test worker] DEBUG o.s.b.f.s.DefaultListableBeanFactory - Creating shared instance of singleton bean 'org.springframework.boot.autoconfigure.web.servlet.DispatcherServletAutoConfiguration$DispatcherServletRegistrationConfiguration'
educationSystem 2022-01-13 13:55:33.950 [,] [Test worker] DEBUG o.s.b.f.s.DefaultListableBeanFactory - Creating shared instance of singleton bean 'dispatcherServlet'
educationSystem 2022-01-13 13:55:33.951 [,] [Test worker] DEBUG o.s.b.f.s.DefaultListableBeanFactory - Creating shared instance of singleton bean 'org.springframework.boot.autoconfigure.web.servlet.DispatcherServletAutoConfiguration$DispatcherServletConfiguration'
educationSystem 2022-01-13 13:55:33.953 [,] [Test worker] DEBUG o.s.b.f.s.DefaultListableBeanFactory - Creating shared instance of singleton bean 'spring.mvc-org.springframework.boot.autoconfigure.web.servlet.WebMvcProperties'
educationSystem 2022-01-13 13:55:33.957 [,] [Test worker] DEBUG o.s.b.f.s.DefaultListableBeanFactory - Autowiring by type from bean name 'dispatcherServlet' via factory method to bean named 'spring.mvc-org.springframework.boot.autoconfigure.web.servlet.WebMvcProperties'
educationSystem 2022-01-13 13:55:33.980 [,] [Test worker] DEBUG o.s.b.f.s.DefaultListableBeanFactory - Autowiring by type from bean name 'dispatcherServletRegistration' via factory method to bean named 'dispatcherServlet'
educationSystem 2022-01-13 13:55:33.980 [,] [Test worker] DEBUG o.s.b.f.s.DefaultListableBeanFactory - Autowiring by type from bean name 'dispatcherServletRegistration' via factory method to bean named 'spring.mvc-org.springframework.boot.autoconfigure.web.servlet.WebMvcProperties'
educationSystem 2022-01-13 13:55:33.982 [,] [Test worker] DEBUG o.s.b.f.s.DefaultListableBeanFactory - Creating shared instance of singleton bean 'multipartConfigElement'
educationSystem 2022-01-13 13:55:33.983 [,] [Test worker] DEBUG o.s.b.f.s.DefaultListableBeanFactory - Creating shared instance of singleton bean 'org.springframework.boot.autoconfigure.web.servlet.MultipartAutoConfiguration'
educationSystem 2022-01-13 13:55:33.983 [,] [Test worker] DEBUG o.s.b.f.s.DefaultListableBeanFactory - Creating shared instance of singleton bean 'spring.servlet.multipart-org.springframework.boot.autoconfigure.web.servlet.MultipartProperties'
educationSystem 2022-01-13 13:55:33.988 [,] [Test worker] DEBUG o.s.b.f.s.DefaultListableBeanFactory - Autowiring by type from bean name 'org.springframework.boot.autoconfigure.web.servlet.MultipartAutoConfiguration' via constructor to bean named 'spring.servlet.multipart-org.springframework.boot.autoconfigure.web.servlet.MultipartProperties'
educationSystem 2022-01-13 13:55:34.004 [,] [Test worker] DEBUG o.s.b.f.s.DefaultListableBeanFactory - Autowiring by type from bean name 'errorPageCustomizer' via factory method to bean named 'dispatcherServletRegistration'
educationSystem 2022-01-13 13:55:34.009 [,] [Test worker] DEBUG o.s.b.f.s.DefaultListableBeanFactory - Creating shared instance of singleton bean 'org.springframework.boot.context.properties.EnableConfigurationPropertiesRegistrar.methodValidationExcludeFilter'
educationSystem 2022-01-13 13:55:34.011 [,] [Test worker] DEBUG o.s.b.f.s.DefaultListableBeanFactory - Creating shared instance of singleton bean 'org.springframework.boot.autoconfigure.web.servlet.DispatcherServletAutoConfiguration'
educationSystem 2022-01-13 13:55:34.013 [,] [Test worker] DEBUG o.s.b.f.s.DefaultListableBeanFactory - Creating shared instance of singleton bean 'org.springframework.boot.autoconfigure.task.TaskExecutionAutoConfiguration'
educationSystem 2022-01-13 13:55:34.016 [,] [Test worker] DEBUG o.s.b.f.s.DefaultListableBeanFactory - Creating shared instance of singleton bean 'taskExecutorBuilder'
educationSystem 2022-01-13 13:55:34.017 [,] [Test worker] DEBUG o.s.b.f.s.DefaultListableBeanFactory - Creating shared instance of singleton bean 'spring.task.execution-org.springframework.boot.autoconfigure.task.TaskExecutionProperties'
educationSystem 2022-01-13 13:55:34.019 [,] [Test worker] DEBUG o.s.b.f.s.DefaultListableBeanFactory - Autowiring by type from bean name 'taskExecutorBuilder' via factory method to bean named 'spring.task.execution-org.springframework.boot.autoconfigure.task.TaskExecutionProperties'
educationSystem 2022-01-13 13:55:34.025 [,] [Test worker] DEBUG o.s.b.f.s.DefaultListableBeanFactory - Creating shared instance of singleton bean 'org.springframework.boot.autoconfigure.web.servlet.error.ErrorMvcAutoConfiguration$WhitelabelErrorViewConfiguration'
educationSystem 2022-01-13 13:55:34.028 [,] [Test worker] DEBUG o.s.b.f.s.DefaultListableBeanFactory - Creating shared instance of singleton bean 'error'
educationSystem 2022-01-13 13:55:34.031 [,] [Test worker] DEBUG o.s.b.f.s.DefaultListableBeanFactory - Creating shared instance of singleton bean 'beanNameViewResolver'
educationSystem 2022-01-13 13:55:34.036 [,] [Test worker] DEBUG o.s.b.f.s.DefaultListableBeanFactory - Creating shared instance of singleton bean 'org.springframework.boot.autoconfigure.web.servlet.error.ErrorMvcAutoConfiguration$DefaultErrorViewResolverConfiguration'
educationSystem 2022-01-13 13:55:34.037 [,] [Test worker] DEBUG o.s.b.f.s.DefaultListableBeanFactory - Creating shared instance of singleton bean 'spring.web-org.springframework.boot.autoconfigure.web.WebProperties'
educationSystem 2022-01-13 13:55:34.043 [,] [Test worker] DEBUG o.s.b.f.s.DefaultListableBeanFactory - Autowiring by type from bean name 'org.springframework.boot.autoconfigure.web.servlet.error.ErrorMvcAutoConfiguration$DefaultErrorViewResolverConfiguration' via constructor to bean named 'org.springframework.web.context.support.GenericWebApplicationContext@66bfd864'
educationSystem 2022-01-13 13:55:34.043 [,] [Test worker] DEBUG o.s.b.f.s.DefaultListableBeanFactory - Autowiring by type from bean name 'org.springframework.boot.autoconfigure.web.servlet.error.ErrorMvcAutoConfiguration$DefaultErrorViewResolverConfiguration' via constructor to bean named 'spring.web-org.springframework.boot.autoconfigure.web.WebProperties'
educationSystem 2022-01-13 13:55:34.045 [,] [Test worker] DEBUG o.s.b.f.s.DefaultListableBeanFactory - Creating shared instance of singleton bean 'conventionErrorViewResolver'
educationSystem 2022-01-13 13:55:34.048 [,] [Test worker] DEBUG o.s.b.f.s.DefaultListableBeanFactory - Creating shared instance of singleton bean 'errorAttributes'
educationSystem 2022-01-13 13:55:34.052 [,] [Test worker] DEBUG o.s.b.f.s.DefaultListableBeanFactory - Creating shared instance of singleton bean 'basicErrorController'
educationSystem 2022-01-13 13:55:34.052 [,] [Test worker] DEBUG o.s.b.f.s.DefaultListableBeanFactory - Autowiring by type from bean name 'basicErrorController' via factory method to bean named 'errorAttributes'
educationSystem 2022-01-13 13:55:34.059 [,] [Test worker] DEBUG o.s.b.f.s.DefaultListableBeanFactory - Creating shared instance of singleton bean 'org.springframework.boot.autoconfigure.web.servlet.WebMvcAutoConfiguration$EnableWebMvcConfiguration'
educationSystem 2022-01-13 13:55:34.060 [,] [Test worker] DEBUG o.s.b.f.s.DefaultListableBeanFactory - Autowiring by type from bean name 'org.springframework.boot.autoconfigure.web.servlet.WebMvcAutoConfiguration$EnableWebMvcConfiguration' via constructor to bean named 'spring.mvc-org.springframework.boot.autoconfigure.web.servlet.WebMvcProperties'
educationSystem 2022-01-13 13:55:34.060 [,] [Test worker] DEBUG o.s.b.f.s.DefaultListableBeanFactory - Autowiring by type from bean name 'org.springframework.boot.autoconfigure.web.servlet.WebMvcAutoConfiguration$EnableWebMvcConfiguration' via constructor to bean named 'spring.web-org.springframework.boot.autoconfigure.web.WebProperties'
educationSystem 2022-01-13 13:55:34.060 [,] [Test worker] DEBUG o.s.b.f.s.DefaultListableBeanFactory - Autowiring by type from bean name 'org.springframework.boot.autoconfigure.web.servlet.WebMvcAutoConfiguration$EnableWebMvcConfiguration' via constructor to bean named 'org.springframework.beans.factory.support.DefaultListableBeanFactory@2a27cb34'
educationSystem 2022-01-13 13:55:34.070 [,] [Test worker] DEBUG o.s.b.f.s.DefaultListableBeanFactory - Creating shared instance of singleton bean 'org.springframework.boot.autoconfigure.web.servlet.WebMvcAutoConfiguration$WebMvcAutoConfigurationAdapter'
educationSystem 2022-01-13 13:55:34.071 [,] [Test worker] DEBUG o.s.b.f.s.DefaultListableBeanFactory - Autowiring by type from bean name 'org.springframework.boot.autoconfigure.web.servlet.WebMvcAutoConfiguration$WebMvcAutoConfigurationAdapter' via constructor to bean named 'spring.web-org.springframework.boot.autoconfigure.web.WebProperties'
educationSystem 2022-01-13 13:55:34.071 [,] [Test worker] DEBUG o.s.b.f.s.DefaultListableBeanFactory - Autowiring by type from bean name 'org.springframework.boot.autoconfigure.web.servlet.WebMvcAutoConfiguration$WebMvcAutoConfigurationAdapter' via constructor to bean named 'spring.mvc-org.springframework.boot.autoconfigure.web.servlet.WebMvcProperties'
educationSystem 2022-01-13 13:55:34.071 [,] [Test worker] DEBUG o.s.b.f.s.DefaultListableBeanFactory - Autowiring by type from bean name 'org.springframework.boot.autoconfigure.web.servlet.WebMvcAutoConfiguration$WebMvcAutoConfigurationAdapter' via constructor to bean named 'org.springframework.beans.factory.support.DefaultListableBeanFactory@2a27cb34'
educationSystem 2022-01-13 13:55:34.076 [,] [Test worker] DEBUG o.s.b.f.s.DefaultListableBeanFactory - Creating shared instance of singleton bean 'org.springframework.data.web.config.SpringDataWebConfiguration'
educationSystem 2022-01-13 13:55:34.077 [,] [Test worker] DEBUG o.s.b.f.s.DefaultListableBeanFactory - Autowiring by type from bean name 'org.springframework.data.web.config.SpringDataWebConfiguration' via constructor to bean named 'org.springframework.web.context.support.GenericWebApplicationContext@66bfd864'
educationSystem 2022-01-13 13:55:34.087 [,] [Test worker] DEBUG o.s.b.f.s.DefaultListableBeanFactory - Creating shared instance of singleton bean 'requestMappingHandlerAdapter'
educationSystem 2022-01-13 13:55:34.088 [,] [Test worker] DEBUG o.s.b.f.s.DefaultListableBeanFactory - Creating shared instance of singleton bean 'mvcContentNegotiationManager'
educationSystem 2022-01-13 13:55:34.096 [,] [Test worker] DEBUG o.s.b.f.s.DefaultListableBeanFactory - Creating shared instance of singleton bean 'mvcConversionService'
educationSystem 2022-01-13 13:55:34.123 [,] [Test worker] DEBUG o.s.b.f.s.DefaultListableBeanFactory - Creating shared instance of singleton bean 'mvcValidator'
educationSystem 2022-01-13 13:55:34.130 [,] [Test worker] DEBUG o.s.b.f.s.DefaultListableBeanFactory - Autowiring by type from bean name 'requestMappingHandlerAdapter' via factory method to bean named 'mvcContentNegotiationManager'
educationSystem 2022-01-13 13:55:34.130 [,] [Test worker] DEBUG o.s.b.f.s.DefaultListableBeanFactory - Autowiring by type from bean name 'requestMappingHandlerAdapter' via factory method to bean named 'mvcConversionService'
educationSystem 2022-01-13 13:55:34.130 [,] [Test worker] DEBUG o.s.b.f.s.DefaultListableBeanFactory - Autowiring by type from bean name 'requestMappingHandlerAdapter' via factory method to bean named 'mvcValidator'
educationSystem 2022-01-13 13:55:34.131 [,] [Test worker] DEBUG o.s.b.f.s.DefaultListableBeanFactory - Autowiring by type from bean name 'requestMappingHandlerAdapter' via factory method to bean named 'mvcContentNegotiationManager'
educationSystem 2022-01-13 13:55:34.131 [,] [Test worker] DEBUG o.s.b.f.s.DefaultListableBeanFactory - Autowiring by type from bean name 'requestMappingHandlerAdapter' via factory method to bean named 'mvcConversionService'
educationSystem 2022-01-13 13:55:34.131 [,] [Test worker] DEBUG o.s.b.f.s.DefaultListableBeanFactory - Autowiring by type from bean name 'requestMappingHandlerAdapter' via factory method to bean named 'mvcValidator'
educationSystem 2022-01-13 13:55:34.146 [,] [Test worker] DEBUG o.s.b.f.s.DefaultListableBeanFactory - Creating shared instance of singleton bean 'messageConverters'
educationSystem 2022-01-13 13:55:34.147 [,] [Test worker] DEBUG o.s.b.f.s.DefaultListableBeanFactory - Creating shared instance of singleton bean 'org.springframework.boot.autoconfigure.http.HttpMessageConvertersAutoConfiguration'
educationSystem 2022-01-13 13:55:34.153 [,] [Test worker] DEBUG o.s.b.f.s.DefaultListableBeanFactory - Creating shared instance of singleton bean 'stringHttpMessageConverter'
educationSystem 2022-01-13 13:55:34.154 [,] [Test worker] DEBUG o.s.b.f.s.DefaultListableBeanFactory - Creating shared instance of singleton bean 'org.springframework.boot.autoconfigure.http.HttpMessageConvertersAutoConfiguration$StringHttpMessageConverterConfiguration'
educationSystem 2022-01-13 13:55:34.158 [,] [Test worker] DEBUG o.s.b.f.s.DefaultListableBeanFactory - Autowiring by type from bean name 'stringHttpMessageConverter' via factory method to bean named 'environment'
educationSystem 2022-01-13 13:55:34.176 [,] [Test worker] DEBUG o.s.b.f.s.DefaultListableBeanFactory - Creating shared instance of singleton bean 'mappingJackson2HttpMessageConverter'
educationSystem 2022-01-13 13:55:34.176 [,] [Test worker] DEBUG o.s.b.f.s.DefaultListableBeanFactory - Creating shared instance of singleton bean 'org.springframework.boot.autoconfigure.http.JacksonHttpMessageConvertersConfiguration$MappingJackson2HttpMessageConverterConfiguration'
educationSystem 2022-01-13 13:55:34.180 [,] [Test worker] DEBUG o.s.b.f.s.DefaultListableBeanFactory - Creating shared instance of singleton bean 'jacksonObjectMapper'
educationSystem 2022-01-13 13:55:34.180 [,] [Test worker] DEBUG o.s.b.f.s.DefaultListableBeanFactory - Creating shared instance of singleton bean 'org.springframework.boot.autoconfigure.jackson.JacksonAutoConfiguration$JacksonObjectMapperConfiguration'
educationSystem 2022-01-13 13:55:34.183 [,] [Test worker] DEBUG o.s.b.f.s.DefaultListableBeanFactory - Creating shared instance of singleton bean 'org.springframework.boot.autoconfigure.jackson.JacksonAutoConfiguration$JacksonObjectMapperBuilderConfiguration'
educationSystem 2022-01-13 13:55:34.187 [,] [Test worker] DEBUG o.s.b.f.s.DefaultListableBeanFactory - Creating shared instance of singleton bean 'standardJacksonObjectMapperBuilderCustomizer'
educationSystem 2022-01-13 13:55:34.188 [,] [Test worker] DEBUG o.s.b.f.s.DefaultListableBeanFactory - Creating shared instance of singleton bean 'org.springframework.boot.autoconfigure.jackson.JacksonAutoConfiguration$Jackson2ObjectMapperBuilderCustomizerConfiguration'
educationSystem 2022-01-13 13:55:34.191 [,] [Test worker] DEBUG o.s.b.f.s.DefaultListableBeanFactory - Creating shared instance of singleton bean 'spring.jackson-org.springframework.boot.autoconfigure.jackson.JacksonProperties'
educationSystem 2022-01-13 13:55:34.203 [,] [Test worker] DEBUG o.s.b.f.s.DefaultListableBeanFactory - Autowiring by type from bean name 'standardJacksonObjectMapperBuilderCustomizer' via factory method to bean named 'org.springframework.web.context.support.GenericWebApplicationContext@66bfd864'
educationSystem 2022-01-13 13:55:34.203 [,] [Test worker] DEBUG o.s.b.f.s.DefaultListableBeanFactory - Autowiring by type from bean name 'standardJacksonObjectMapperBuilderCustomizer' via factory method to bean named 'spring.jackson-org.springframework.boot.autoconfigure.jackson.JacksonProperties'
educationSystem 2022-01-13 13:55:34.211 [,] [Test worker] DEBUG o.s.b.f.s.DefaultListableBeanFactory - Autowiring by type from bean name 'jacksonObjectMapperBuilder' via factory method to bean named 'org.springframework.web.context.support.GenericWebApplicationContext@66bfd864'
educationSystem 2022-01-13 13:55:34.211 [,] [Test worker] DEBUG o.s.b.f.s.DefaultListableBeanFactory - Autowiring by type from bean name 'jacksonObjectMapperBuilder' via factory method to bean named 'standardJacksonObjectMapperBuilderCustomizer'
educationSystem 2022-01-13 13:55:34.213 [,] [Test worker] DEBUG o.s.b.f.s.DefaultListableBeanFactory - Creating shared instance of singleton bean 'parameterNamesModule'
educationSystem 2022-01-13 13:55:34.213 [,] [Test worker] DEBUG o.s.b.f.s.DefaultListableBeanFactory - Creating shared instance of singleton bean 'org.springframework.boot.autoconfigure.jackson.JacksonAutoConfiguration$ParameterNamesModuleConfiguration'
educationSystem 2022-01-13 13:55:34.232 [,] [Test worker] DEBUG o.s.b.f.s.DefaultListableBeanFactory - Creating shared instance of singleton bean 'jsonComponentModule'
educationSystem 2022-01-13 13:55:34.232 [,] [Test worker] DEBUG o.s.b.f.s.DefaultListableBeanFactory - Creating shared instance of singleton bean 'org.springframework.boot.autoconfigure.jackson.JacksonAutoConfiguration'
educationSystem 2022-01-13 13:55:34.245 [,] [Test worker] DEBUG o.s.b.f.s.DefaultListableBeanFactory - Creating shared instance of singleton bean 'jacksonGeoModule'
educationSystem 2022-01-13 13:55:34.245 [,] [Test worker] DEBUG o.s.b.f.s.DefaultListableBeanFactory - Creating shared instance of singleton bean 'org.springframework.data.web.config.SpringDataJacksonConfiguration'
educationSystem 2022-01-13 13:55:34.259 [,] [Test worker] DEBUG o.s.b.f.s.DefaultListableBeanFactory - Autowiring by type from bean name 'jacksonObjectMapper' via factory method to bean named 'jacksonObjectMapperBuilder'
educationSystem 2022-01-13 13:55:34.305 [,] [Test worker] DEBUG o.s.b.f.s.DefaultListableBeanFactory - Autowiring by type from bean name 'mappingJackson2HttpMessageConverter' via factory method to bean named 'jacksonObjectMapper'
educationSystem 2022-01-13 13:55:34.373 [,] [Test worker] DEBUG o.s.b.f.s.DefaultListableBeanFactory - Creating shared instance of singleton bean 'sortResolver'
educationSystem 2022-01-13 13:55:34.375 [,] [Test worker] DEBUG o.s.b.f.s.DefaultListableBeanFactory - Creating shared instance of singleton bean 'sortCustomizer'
educationSystem 2022-01-13 13:55:34.375 [,] [Test worker] DEBUG o.s.b.f.s.DefaultListableBeanFactory - Creating shared instance of singleton bean 'org.springframework.boot.autoconfigure.data.web.SpringDataWebAutoConfiguration'
educationSystem 2022-01-13 13:55:34.376 [,] [Test worker] DEBUG o.s.b.f.s.DefaultListableBeanFactory - Creating shared instance of singleton bean 'spring.data.web-org.springframework.boot.autoconfigure.data.web.SpringDataWebProperties'
educationSystem 2022-01-13 13:55:34.384 [,] [Test worker] DEBUG o.s.b.f.s.DefaultListableBeanFactory - Autowiring by type from bean name 'org.springframework.boot.autoconfigure.data.web.SpringDataWebAutoConfiguration' via constructor to bean named 'spring.data.web-org.springframework.boot.autoconfigure.data.web.SpringDataWebProperties'
educationSystem 2022-01-13 13:55:34.400 [,] [Test worker] DEBUG o.s.b.f.s.DefaultListableBeanFactory - Creating shared instance of singleton bean 'pageableResolver'
educationSystem 2022-01-13 13:55:34.402 [,] [Test worker] DEBUG o.s.b.f.s.DefaultListableBeanFactory - Creating shared instance of singleton bean 'pageableCustomizer'
educationSystem 2022-01-13 13:55:34.416 [,] [Test worker] DEBUG o.s.b.f.s.DefaultListableBeanFactory - Creating shared instance of singleton bean 'applicationTaskExecutor'
educationSystem 2022-01-13 13:55:34.416 [,] [Test worker] DEBUG o.s.b.f.s.DefaultListableBeanFactory - Autowiring by type from bean name 'applicationTaskExecutor' via factory method to bean named 'taskExecutorBuilder'
educationSystem 2022-01-13 13:55:34.435 [,] [Test worker] DEBUG o.s.s.c.ThreadPoolTaskExecutor - Initializing ExecutorService 'applicationTaskExecutor'
educationSystem 2022-01-13 13:55:34.457 [,] [Test worker] DEBUG o.s.w.s.m.m.a.RequestMappingHandlerAdapter - ControllerAdvice beans: 0 @ModelAttribute, 0 @InitBinder, 1 RequestBodyAdvice, 1 ResponseBodyAdvice
educationSystem 2022-01-13 13:55:34.503 [,] [Test worker] DEBUG o.s.b.f.s.DefaultListableBeanFactory - Creating shared instance of singleton bean 'requestMappingHandlerMapping'
educationSystem 2022-01-13 13:55:34.505 [,] [Test worker] DEBUG o.s.b.f.s.DefaultListableBeanFactory - Creating shared instance of singleton bean 'mvcResourceUrlProvider'
educationSystem 2022-01-13 13:55:34.518 [,] [Test worker] DEBUG o.s.b.f.s.DefaultListableBeanFactory - Autowiring by type from bean name 'requestMappingHandlerMapping' via factory method to bean named 'mvcContentNegotiationManager'
educationSystem 2022-01-13 13:55:34.518 [,] [Test worker] DEBUG o.s.b.f.s.DefaultListableBeanFactory - Autowiring by type from bean name 'requestMappingHandlerMapping' via factory method to bean named 'mvcConversionService'
educationSystem 2022-01-13 13:55:34.518 [,] [Test worker] DEBUG o.s.b.f.s.DefaultListableBeanFactory - Autowiring by type from bean name 'requestMappingHandlerMapping' via factory method to bean named 'mvcResourceUrlProvider'
educationSystem 2022-01-13 13:55:34.519 [,] [Test worker] DEBUG o.s.b.f.s.DefaultListableBeanFactory - Autowiring by type from bean name 'requestMappingHandlerMapping' via factory method to bean named 'mvcContentNegotiationManager'
educationSystem 2022-01-13 13:55:34.519 [,] [Test worker] DEBUG o.s.b.f.s.DefaultListableBeanFactory - Autowiring by type from bean name 'requestMappingHandlerMapping' via factory method to bean named 'mvcConversionService'
educationSystem 2022-01-13 13:55:34.519 [,] [Test worker] DEBUG o.s.b.f.s.DefaultListableBeanFactory - Autowiring by type from bean name 'requestMappingHandlerMapping' via factory method to bean named 'mvcResourceUrlProvider'
educationSystem 2022-01-13 13:55:34.599 [,] [Test worker] DEBUG _.s.w.s.HandlerMapping.Mappings - 
	b.a.e.c.UserController:
	{POST [/users/us]}: addUser(UserDto)
	{GET [/users]}: getAllUsers()
	{GET [/users/{id}]}: getUserById(Long)
educationSystem 2022-01-13 13:55:34.607 [,] [Test worker] DEBUG _.s.w.s.HandlerMapping.Mappings - 
	o.s.b.a.w.s.e.BasicErrorController:
	{ [/error]}: error(HttpServletRequest)
	{ [/error], produces [text/html]}: errorHtml(HttpServletRequest,HttpServletResponse)
educationSystem 2022-01-13 13:55:34.611 [,] [Test worker] DEBUG o.s.w.s.m.m.a.RequestMappingHandlerMapping - 5 mappings in 'requestMappingHandlerMapping'
educationSystem 2022-01-13 13:55:34.613 [,] [Test worker] DEBUG o.s.b.f.s.DefaultListableBeanFactory - Creating shared instance of singleton bean 'welcomePageHandlerMapping'
educationSystem 2022-01-13 13:55:34.614 [,] [Test worker] DEBUG o.s.b.f.s.DefaultListableBeanFactory - Autowiring by type from bean name 'welcomePageHandlerMapping' via factory method to bean named 'org.springframework.web.context.support.GenericWebApplicationContext@66bfd864'
educationSystem 2022-01-13 13:55:34.614 [,] [Test worker] DEBUG o.s.b.f.s.DefaultListableBeanFactory - Autowiring by type from bean name 'welcomePageHandlerMapping' via factory method to bean named 'mvcConversionService'
educationSystem 2022-01-13 13:55:34.614 [,] [Test worker] DEBUG o.s.b.f.s.DefaultListableBeanFactory - Autowiring by type from bean name 'welcomePageHandlerMapping' via factory method to bean named 'mvcResourceUrlProvider'
educationSystem 2022-01-13 13:55:34.637 [,] [Test worker] DEBUG o.s.b.f.s.DefaultListableBeanFactory - Creating shared instance of singleton bean 'localeResolver'
educationSystem 2022-01-13 13:55:34.642 [,] [Test worker] DEBUG o.s.b.f.s.DefaultListableBeanFactory - Creating shared instance of singleton bean 'themeResolver'
educationSystem 2022-01-13 13:55:34.646 [,] [Test worker] DEBUG o.s.b.f.s.DefaultListableBeanFactory - Creating shared instance of singleton bean 'flashMapManager'
educationSystem 2022-01-13 13:55:34.652 [,] [Test worker] DEBUG o.s.b.f.s.DefaultListableBeanFactory - Creating shared instance of singleton bean 'mvcPatternParser'
educationSystem 2022-01-13 13:55:34.654 [,] [Test worker] DEBUG o.s.b.f.s.DefaultListableBeanFactory - Creating shared instance of singleton bean 'mvcUrlPathHelper'
educationSystem 2022-01-13 13:55:34.657 [,] [Test worker] DEBUG o.s.b.f.s.DefaultListableBeanFactory - Creating shared instance of singleton bean 'mvcPathMatcher'
educationSystem 2022-01-13 13:55:34.661 [,] [Test worker] DEBUG o.s.b.f.s.DefaultListableBeanFactory - Creating shared instance of singleton bean 'viewControllerHandlerMapping'
educationSystem 2022-01-13 13:55:34.662 [,] [Test worker] DEBUG o.s.b.f.s.DefaultListableBeanFactory - Autowiring by type from bean name 'viewControllerHandlerMapping' via factory method to bean named 'mvcConversionService'
educationSystem 2022-01-13 13:55:34.662 [,] [Test worker] DEBUG o.s.b.f.s.DefaultListableBeanFactory - Autowiring by type from bean name 'viewControllerHandlerMapping' via factory method to bean named 'mvcResourceUrlProvider'
educationSystem 2022-01-13 13:55:34.665 [,] [Test worker] DEBUG o.s.b.f.s.DefaultListableBeanFactory - Creating shared instance of singleton bean 'beanNameHandlerMapping'
educationSystem 2022-01-13 13:55:34.665 [,] [Test worker] DEBUG o.s.b.f.s.DefaultListableBeanFactory - Autowiring by type from bean name 'beanNameHandlerMapping' via factory method to bean named 'mvcConversionService'
educationSystem 2022-01-13 13:55:34.665 [,] [Test worker] DEBUG o.s.b.f.s.DefaultListableBeanFactory - Autowiring by type from bean name 'beanNameHandlerMapping' via factory method to bean named 'mvcResourceUrlProvider'
educationSystem 2022-01-13 13:55:34.680 [,] [Test worker] DEBUG _.s.w.s.HandlerMapping.Mappings - 'beanNameHandlerMapping' {}
educationSystem 2022-01-13 13:55:34.683 [,] [Test worker] DEBUG o.s.b.f.s.DefaultListableBeanFactory - Creating shared instance of singleton bean 'routerFunctionMapping'
educationSystem 2022-01-13 13:55:34.684 [,] [Test worker] DEBUG o.s.b.f.s.DefaultListableBeanFactory - Autowiring by type from bean name 'routerFunctionMapping' via factory method to bean named 'mvcConversionService'
educationSystem 2022-01-13 13:55:34.684 [,] [Test worker] DEBUG o.s.b.f.s.DefaultListableBeanFactory - Autowiring by type from bean name 'routerFunctionMapping' via factory method to bean named 'mvcResourceUrlProvider'
educationSystem 2022-01-13 13:55:34.697 [,] [Test worker] DEBUG o.s.b.f.s.DefaultListableBeanFactory - Creating shared instance of singleton bean 'resourceHandlerMapping'
educationSystem 2022-01-13 13:55:34.698 [,] [Test worker] DEBUG o.s.b.f.s.DefaultListableBeanFactory - Autowiring by type from bean name 'resourceHandlerMapping' via factory method to bean named 'mvcContentNegotiationManager'
educationSystem 2022-01-13 13:55:34.698 [,] [Test worker] DEBUG o.s.b.f.s.DefaultListableBeanFactory - Autowiring by type from bean name 'resourceHandlerMapping' via factory method to bean named 'mvcConversionService'
educationSystem 2022-01-13 13:55:34.698 [,] [Test worker] DEBUG o.s.b.f.s.DefaultListableBeanFactory - Autowiring by type from bean name 'resourceHandlerMapping' via factory method to bean named 'mvcResourceUrlProvider'
educationSystem 2022-01-13 13:55:34.723 [,] [Test worker] DEBUG _.s.w.s.HandlerMapping.Mappings - 'resourceHandlerMapping' {/webjars/**=ResourceHttpRequestHandler [classpath [META-INF/resources/webjars/]], /**=ResourceHttpRequestHandler [classpath [META-INF/resources/], classpath [resources/], classpath [static/], classpath [public/], ServletContext [/]]}
educationSystem 2022-01-13 13:55:34.724 [,] [Test worker] DEBUG o.s.b.f.s.DefaultListableBeanFactory - Creating shared instance of singleton bean 'defaultServletHandlerMapping'
educationSystem 2022-01-13 13:55:34.725 [,] [Test worker] DEBUG o.s.b.f.s.DefaultListableBeanFactory - Creating shared instance of singleton bean 'handlerFunctionAdapter'
educationSystem 2022-01-13 13:55:34.728 [,] [Test worker] DEBUG o.s.b.f.s.DefaultListableBeanFactory - Creating shared instance of singleton bean 'mvcUriComponentsContributor'
educationSystem 2022-01-13 13:55:34.729 [,] [Test worker] DEBUG o.s.b.f.s.DefaultListableBeanFactory - Autowiring by type from bean name 'mvcUriComponentsContributor' via factory method to bean named 'mvcConversionService'
educationSystem 2022-01-13 13:55:34.729 [,] [Test worker] DEBUG o.s.b.f.s.DefaultListableBeanFactory - Autowiring by type from bean name 'mvcUriComponentsContributor' via factory method to bean named 'requestMappingHandlerAdapter'
educationSystem 2022-01-13 13:55:34.734 [,] [Test worker] DEBUG o.s.b.f.s.DefaultListableBeanFactory - Creating shared instance of singleton bean 'httpRequestHandlerAdapter'
educationSystem 2022-01-13 13:55:34.737 [,] [Test worker] DEBUG o.s.b.f.s.DefaultListableBeanFactory - Creating shared instance of singleton bean 'simpleControllerHandlerAdapter'
educationSystem 2022-01-13 13:55:34.740 [,] [Test worker] DEBUG o.s.b.f.s.DefaultListableBeanFactory - Creating shared instance of singleton bean 'handlerExceptionResolver'
educationSystem 2022-01-13 13:55:34.740 [,] [Test worker] DEBUG o.s.b.f.s.DefaultListableBeanFactory - Autowiring by type from bean name 'handlerExceptionResolver' via factory method to bean named 'mvcContentNegotiationManager'
educationSystem 2022-01-13 13:55:34.744 [,] [Test worker] DEBUG o.s.w.s.m.m.a.ExceptionHandlerExceptionResolver - ControllerAdvice beans: 0 @ExceptionHandler, 1 ResponseBodyAdvice
educationSystem 2022-01-13 13:55:34.750 [,] [Test worker] DEBUG o.s.b.f.s.DefaultListableBeanFactory - Creating shared instance of singleton bean 'mvcViewResolver'
educationSystem 2022-01-13 13:55:34.750 [,] [Test worker] DEBUG o.s.b.f.s.DefaultListableBeanFactory - Autowiring by type from bean name 'mvcViewResolver' via factory method to bean named 'mvcContentNegotiationManager'
educationSystem 2022-01-13 13:55:34.763 [,] [Test worker] DEBUG o.s.b.f.s.DefaultListableBeanFactory - Creating shared instance of singleton bean 'viewNameTranslator'
educationSystem 2022-01-13 13:55:34.767 [,] [Test worker] DEBUG o.s.b.f.s.DefaultListableBeanFactory - Creating shared instance of singleton bean 'defaultViewResolver'
educationSystem 2022-01-13 13:55:34.789 [,] [Test worker] DEBUG o.s.b.f.s.DefaultListableBeanFactory - Creating shared instance of singleton bean 'viewResolver'
educationSystem 2022-01-13 13:55:34.790 [,] [Test worker] DEBUG o.s.b.f.s.DefaultListableBeanFactory - Autowiring by type from bean name 'viewResolver' via factory method to bean named 'org.springframework.beans.factory.support.DefaultListableBeanFactory@2a27cb34'
educationSystem 2022-01-13 13:55:34.799 [,] [Test worker] DEBUG o.s.b.f.s.DefaultListableBeanFactory - Creating shared instance of singleton bean 'viewResolver'
educationSystem 2022-01-13 13:55:34.800 [,] [Test worker] DEBUG o.s.b.f.s.DefaultListableBeanFactory - Creating shared instance of singleton bean 'requestContextFilter'
educationSystem 2022-01-13 13:55:34.816 [,] [Test worker] DEBUG o.s.b.f.s.DefaultListableBeanFactory - Creating shared instance of singleton bean 'org.springframework.boot.autoconfigure.web.servlet.WebMvcAutoConfiguration'
educationSystem 2022-01-13 13:55:34.820 [,] [Test worker] DEBUG o.s.b.f.s.DefaultListableBeanFactory - Creating shared instance of singleton bean 'formContentFilter'
educationSystem 2022-01-13 13:55:34.835 [,] [Test worker] DEBUG o.s.b.f.s.DefaultListableBeanFactory - Creating shared instance of singleton bean 'org.springframework.boot.autoconfigure.aop.AopAutoConfiguration$AspectJAutoProxyingConfiguration$CglibAutoProxyConfiguration'
educationSystem 2022-01-13 13:55:34.840 [,] [Test worker] DEBUG o.s.b.f.s.DefaultListableBeanFactory - Creating shared instance of singleton bean 'org.springframework.boot.autoconfigure.aop.AopAutoConfiguration$AspectJAutoProxyingConfiguration'
educationSystem 2022-01-13 13:55:34.843 [,] [Test worker] DEBUG o.s.b.f.s.DefaultListableBeanFactory - Creating shared instance of singleton bean 'org.springframework.boot.autoconfigure.aop.AopAutoConfiguration'
educationSystem 2022-01-13 13:55:34.847 [,] [Test worker] DEBUG o.s.b.f.s.DefaultListableBeanFactory - Creating shared instance of singleton bean 'org.springframework.boot.autoconfigure.availability.ApplicationAvailabilityAutoConfiguration'
educationSystem 2022-01-13 13:55:34.850 [,] [Test worker] DEBUG o.s.b.f.s.DefaultListableBeanFactory - Creating shared instance of singleton bean 'applicationAvailability'
educationSystem 2022-01-13 13:55:34.862 [,] [Test worker] DEBUG o.s.b.f.s.DefaultListableBeanFactory - Creating shared instance of singleton bean 'org.springframework.boot.autoconfigure.transaction.jta.JtaAutoConfiguration'
educationSystem 2022-01-13 13:55:34.865 [,] [Test worker] DEBUG o.s.b.f.s.DefaultListableBeanFactory - Creating shared instance of singleton bean 'org.springframework.boot.autoconfigure.jdbc.DataSourceAutoConfiguration$PooledDataSourceConfiguration'
educationSystem 2022-01-13 13:55:34.874 [,] [Test worker] DEBUG o.s.b.f.s.DefaultListableBeanFactory - Creating shared instance of singleton bean 'org.springframework.boot.autoconfigure.jdbc.metadata.DataSourcePoolMetadataProvidersConfiguration'
educationSystem 2022-01-13 13:55:34.884 [,] [Test worker] DEBUG o.s.b.f.s.DefaultListableBeanFactory - Creating shared instance of singleton bean 'org.springframework.boot.autoconfigure.jdbc.DataSourceAutoConfiguration'
educationSystem 2022-01-13 13:55:34.886 [,] [Test worker] DEBUG o.s.b.f.s.DefaultListableBeanFactory - Creating shared instance of singleton bean 'transactionManager'
educationSystem 2022-01-13 13:55:34.896 [,] [Test worker] DEBUG o.s.b.f.s.DefaultListableBeanFactory - Creating shared instance of singleton bean 'platformTransactionManagerCustomizers'
educationSystem 2022-01-13 13:55:34.897 [,] [Test worker] DEBUG o.s.b.f.s.DefaultListableBeanFactory - Creating shared instance of singleton bean 'org.springframework.boot.autoconfigure.transaction.TransactionAutoConfiguration'
educationSystem 2022-01-13 13:55:34.905 [,] [Test worker] DEBUG o.s.b.f.s.DefaultListableBeanFactory - Creating shared instance of singleton bean 'spring.transaction-org.springframework.boot.autoconfigure.transaction.TransactionProperties'
educationSystem 2022-01-13 13:55:34.933 [,] [Test worker] DEBUG o.s.b.f.s.DefaultListableBeanFactory - Creating shared instance of singleton bean 'org.springframework.boot.autoconfigure.orm.jpa.HibernateJpaAutoConfiguration'
educationSystem 2022-01-13 13:55:34.936 [,] [Test worker] DEBUG o.s.b.f.s.DefaultListableBeanFactory - Creating shared instance of singleton bean 'org.springframework.boot.autoconfigure.context.ConfigurationPropertiesAutoConfiguration'
educationSystem 2022-01-13 13:55:34.937 [,] [Test worker] DEBUG o.s.b.f.s.DefaultListableBeanFactory - Creating shared instance of singleton bean 'org.springframework.boot.autoconfigure.context.LifecycleAutoConfiguration'
educationSystem 2022-01-13 13:55:34.943 [,] [Test worker] DEBUG o.s.b.f.s.DefaultListableBeanFactory - Creating shared instance of singleton bean 'lifecycleProcessor'
educationSystem 2022-01-13 13:55:34.944 [,] [Test worker] DEBUG o.s.b.f.s.DefaultListableBeanFactory - Creating shared instance of singleton bean 'spring.lifecycle-org.springframework.boot.autoconfigure.context.LifecycleProperties'
educationSystem 2022-01-13 13:55:34.949 [,] [Test worker] DEBUG o.s.b.f.s.DefaultListableBeanFactory - Autowiring by type from bean name 'lifecycleProcessor' via factory method to bean named 'spring.lifecycle-org.springframework.boot.autoconfigure.context.LifecycleProperties'
educationSystem 2022-01-13 13:55:34.957 [,] [Test worker] DEBUG o.s.b.f.s.DefaultListableBeanFactory - Creating shared instance of singleton bean 'org.springframework.boot.autoconfigure.dao.PersistenceExceptionTranslationAutoConfiguration'
educationSystem 2022-01-13 13:55:34.959 [,] [Test worker] DEBUG o.s.b.f.s.DefaultListableBeanFactory - Creating shared instance of singleton bean 'org.springframework.boot.autoconfigure.data.jpa.JpaRepositoriesAutoConfiguration'
educationSystem 2022-01-13 13:55:34.961 [,] [Test worker] DEBUG o.s.b.f.s.DefaultListableBeanFactory - Creating shared instance of singleton bean 'org.springframework.data.jpa.util.JpaMetamodelCacheCleanup'
educationSystem 2022-01-13 13:55:34.964 [,] [Test worker] DEBUG o.s.b.f.s.DefaultListableBeanFactory - Creating shared instance of singleton bean 'org.springframework.data.jpa.repository.support.JpaEvaluationContextExtension'
educationSystem 2022-01-13 13:55:34.969 [,] [Test worker] DEBUG o.s.b.f.s.DefaultListableBeanFactory - Creating shared instance of singleton bean 'org.springframework.boot.autoconfigure.http.JacksonHttpMessageConvertersConfiguration'
educationSystem 2022-01-13 13:55:34.971 [,] [Test worker] DEBUG o.s.b.f.s.DefaultListableBeanFactory - Creating shared instance of singleton bean 'org.springframework.data.web.config.ProjectingArgumentResolverRegistrar'
educationSystem 2022-01-13 13:55:34.977 [,] [Test worker] DEBUG o.s.b.f.s.DefaultListableBeanFactory - Creating shared instance of singleton bean 'org.springframework.boot.autoconfigure.info.ProjectInfoAutoConfiguration'
educationSystem 2022-01-13 13:55:35.016 [,] [Test worker] DEBUG o.s.b.f.s.DefaultListableBeanFactory - Creating shared instance of singleton bean 'spring.info-org.springframework.boot.autoconfigure.info.ProjectInfoProperties'
educationSystem 2022-01-13 13:55:35.019 [,] [Test worker] DEBUG o.s.b.f.s.DefaultListableBeanFactory - Autowiring by type from bean name 'org.springframework.boot.autoconfigure.info.ProjectInfoAutoConfiguration' via constructor to bean named 'spring.info-org.springframework.boot.autoconfigure.info.ProjectInfoProperties'
educationSystem 2022-01-13 13:55:35.021 [,] [Test worker] DEBUG o.s.b.f.s.DefaultListableBeanFactory - Creating shared instance of singleton bean 'org.springframework.boot.autoconfigure.jdbc.JdbcTemplateConfiguration'
educationSystem 2022-01-13 13:55:35.023 [,] [Test worker] DEBUG o.s.b.f.s.DefaultListableBeanFactory - Creating shared instance of singleton bean 'jdbcTemplate'
educationSystem 2022-01-13 13:55:35.024 [,] [Test worker] DEBUG o.s.b.f.s.DefaultListableBeanFactory - Creating shared instance of singleton bean 'spring.jdbc-org.springframework.boot.autoconfigure.jdbc.JdbcProperties'
educationSystem 2022-01-13 13:55:35.030 [,] [Test worker] DEBUG o.s.b.f.s.DefaultListableBeanFactory - Autowiring by type from bean name 'jdbcTemplate' via factory method to bean named 'dataSource'
educationSystem 2022-01-13 13:55:35.030 [,] [Test worker] DEBUG o.s.b.f.s.DefaultListableBeanFactory - Autowiring by type from bean name 'jdbcTemplate' via factory method to bean named 'spring.jdbc-org.springframework.boot.autoconfigure.jdbc.JdbcProperties'
educationSystem 2022-01-13 13:55:35.054 [,] [Test worker] DEBUG o.s.b.f.s.DefaultListableBeanFactory - Creating shared instance of singleton bean 'org.springframework.boot.autoconfigure.jdbc.NamedParameterJdbcTemplateConfiguration'
educationSystem 2022-01-13 13:55:35.056 [,] [Test worker] DEBUG o.s.b.f.s.DefaultListableBeanFactory - Creating shared instance of singleton bean 'namedParameterJdbcTemplate'
educationSystem 2022-01-13 13:55:35.057 [,] [Test worker] DEBUG o.s.b.f.s.DefaultListableBeanFactory - Autowiring by type from bean name 'namedParameterJdbcTemplate' via factory method to bean named 'jdbcTemplate'
educationSystem 2022-01-13 13:55:35.069 [,] [Test worker] DEBUG o.s.b.f.s.DefaultListableBeanFactory - Creating shared instance of singleton bean 'org.springframework.boot.autoconfigure.jdbc.JdbcTemplateAutoConfiguration'
educationSystem 2022-01-13 13:55:35.071 [,] [Test worker] DEBUG o.s.b.f.s.DefaultListableBeanFactory - Creating shared instance of singleton bean 'org.springframework.boot.autoconfigure.liquibase.LiquibaseAutoConfiguration'
educationSystem 2022-01-13 13:55:35.073 [,] [Test worker] DEBUG o.s.b.f.s.DefaultListableBeanFactory - Creating shared instance of singleton bean 'liquibaseDefaultDdlModeProvider'
educationSystem 2022-01-13 13:55:35.078 [,] [Test worker] DEBUG o.s.b.f.s.DefaultListableBeanFactory - Creating shared instance of singleton bean 'org.springframework.boot.autoconfigure.sql.init.SqlInitializationAutoConfiguration'
educationSystem 2022-01-13 13:55:35.079 [,] [Test worker] DEBUG o.s.b.f.s.DefaultListableBeanFactory - Creating shared instance of singleton bean 'org.springframework.boot.autoconfigure.task.TaskSchedulingAutoConfiguration'
educationSystem 2022-01-13 13:55:35.083 [,] [Test worker] DEBUG o.s.b.f.s.DefaultListableBeanFactory - Creating shared instance of singleton bean 'scheduledBeanLazyInitializationExcludeFilter'
educationSystem 2022-01-13 13:55:35.086 [,] [Test worker] DEBUG o.s.b.f.s.DefaultListableBeanFactory - Creating shared instance of singleton bean 'taskSchedulerBuilder'
educationSystem 2022-01-13 13:55:35.086 [,] [Test worker] DEBUG o.s.b.f.s.DefaultListableBeanFactory - Creating shared instance of singleton bean 'spring.task.scheduling-org.springframework.boot.autoconfigure.task.TaskSchedulingProperties'
educationSystem 2022-01-13 13:55:35.090 [,] [Test worker] DEBUG o.s.b.f.s.DefaultListableBeanFactory - Autowiring by type from bean name 'taskSchedulerBuilder' via factory method to bean named 'spring.task.scheduling-org.springframework.boot.autoconfigure.task.TaskSchedulingProperties'
educationSystem 2022-01-13 13:55:35.093 [,] [Test worker] DEBUG o.s.b.f.s.DefaultListableBeanFactory - Creating shared instance of singleton bean 'org.springframework.boot.autoconfigure.jdbc.DataSourceTransactionManagerAutoConfiguration$JdbcTransactionManagerConfiguration'
educationSystem 2022-01-13 13:55:35.095 [,] [Test worker] DEBUG o.s.b.f.s.DefaultListableBeanFactory - Creating shared instance of singleton bean 'org.springframework.boot.autoconfigure.jdbc.DataSourceTransactionManagerAutoConfiguration'
educationSystem 2022-01-13 13:55:35.097 [,] [Test worker] DEBUG o.s.b.f.s.DefaultListableBeanFactory - Creating shared instance of singleton bean 'org.springframework.boot.autoconfigure.transaction.TransactionAutoConfiguration$EnableTransactionManagementConfiguration$CglibAutoProxyConfiguration'
educationSystem 2022-01-13 13:55:35.101 [,] [Test worker] DEBUG o.s.b.f.s.DefaultListableBeanFactory - Creating shared instance of singleton bean 'org.springframework.boot.autoconfigure.transaction.TransactionAutoConfiguration$EnableTransactionManagementConfiguration'
educationSystem 2022-01-13 13:55:35.106 [,] [Test worker] DEBUG o.s.b.f.s.DefaultListableBeanFactory - Creating shared instance of singleton bean 'org.springframework.boot.autoconfigure.transaction.TransactionAutoConfiguration$TransactionTemplateConfiguration'
educationSystem 2022-01-13 13:55:35.108 [,] [Test worker] DEBUG o.s.b.f.s.DefaultListableBeanFactory - Creating shared instance of singleton bean 'transactionTemplate'
educationSystem 2022-01-13 13:55:35.109 [,] [Test worker] DEBUG o.s.b.f.s.DefaultListableBeanFactory - Autowiring by type from bean name 'transactionTemplate' via factory method to bean named 'transactionManager'
educationSystem 2022-01-13 13:55:35.116 [,] [Test worker] DEBUG o.s.b.f.s.DefaultListableBeanFactory - Creating shared instance of singleton bean 'org.springframework.boot.autoconfigure.web.client.RestTemplateAutoConfiguration'
educationSystem 2022-01-13 13:55:35.119 [,] [Test worker] DEBUG o.s.b.f.s.DefaultListableBeanFactory - Creating shared instance of singleton bean 'org.springframework.boot.autoconfigure.web.embedded.EmbeddedWebServerFactoryCustomizerAutoConfiguration'
educationSystem 2022-01-13 13:55:35.120 [,] [Test worker] DEBUG o.s.b.f.s.DefaultListableBeanFactory - Creating shared instance of singleton bean 'characterEncodingFilter'
educationSystem 2022-01-13 13:55:35.133 [,] [Test worker] DEBUG o.s.b.f.s.DefaultListableBeanFactory - Creating shared instance of singleton bean 'multipartResolver'
educationSystem 2022-01-13 13:55:35.157 [,] [Test worker] DEBUG o.s.b.a.l.ConditionEvaluationReportLoggingListener - 


============================
CONDITIONS EVALUATION REPORT
============================


Positive matches:
-----------------

   AopAutoConfiguration matched:
      - @ConditionalOnProperty (spring.aop.auto=true) matched (OnPropertyCondition)

   AopAutoConfiguration.AspectJAutoProxyingConfiguration matched:
      - @ConditionalOnClass found required class 'org.aspectj.weaver.Advice' (OnClassCondition)

   AopAutoConfiguration.AspectJAutoProxyingConfiguration.CglibAutoProxyConfiguration matched:
      - @ConditionalOnProperty (spring.aop.proxy-target-class=true) matched (OnPropertyCondition)

   DataSourceAutoConfiguration matched:
      - @ConditionalOnClass found required classes 'javax.sql.DataSource', 'org.springframework.jdbc.datasource.embedded.EmbeddedDatabaseType' (OnClassCondition)
      - @ConditionalOnMissingBean (types: io.r2dbc.spi.ConnectionFactory; SearchStrategy: all) did not find any beans (OnBeanCondition)

   DataSourceAutoConfiguration.PooledDataSourceConfiguration matched:
      - AnyNestedCondition 1 matched 1 did not; NestedCondition on DataSourceAutoConfiguration.PooledDataSourceCondition.PooledDataSourceAvailable PooledDataSource found supported DataSource; NestedCondition on DataSourceAutoConfiguration.PooledDataSourceCondition.ExplicitType @ConditionalOnProperty (spring.datasource.type) did not find property 'type' (DataSourceAutoConfiguration.PooledDataSourceCondition)
      - @ConditionalOnMissingBean (types: javax.sql.DataSource,javax.sql.XADataSource; SearchStrategy: all) did not find any beans (OnBeanCondition)

   DataSourceConfiguration.Hikari matched:
      - @ConditionalOnClass found required class 'com.zaxxer.hikari.HikariDataSource' (OnClassCondition)
      - @ConditionalOnProperty (spring.datasource.type=com.zaxxer.hikari.HikariDataSource) matched (OnPropertyCondition)
      - @ConditionalOnMissingBean (types: javax.sql.DataSource; SearchStrategy: all) did not find any beans (OnBeanCondition)

   DataSourceInitializationConfiguration matched:
      - @ConditionalOnClass found required class 'org.springframework.jdbc.datasource.init.DatabasePopulator' (OnClassCondition)
      - @ConditionalOnSingleCandidate (types: javax.sql.DataSource; SearchStrategy: all) found a primary bean from beans 'dataSource'; @ConditionalOnMissingBean (types: org.springframework.boot.autoconfigure.sql.init.SqlDataSourceScriptDatabaseInitializer,org.springframework.boot.autoconfigure.sql.init.SqlR2dbcScriptDatabaseInitializer; SearchStrategy: all) did not find any beans (OnBeanCondition)

   DataSourcePoolMetadataProvidersConfiguration.HikariPoolDataSourceMetadataProviderConfiguration matched:
      - @ConditionalOnClass found required class 'com.zaxxer.hikari.HikariDataSource' (OnClassCondition)

   DataSourceTransactionManagerAutoConfiguration matched:
      - @ConditionalOnClass found required classes 'org.springframework.jdbc.core.JdbcTemplate', 'org.springframework.transaction.TransactionManager' (OnClassCondition)

   DataSourceTransactionManagerAutoConfiguration.JdbcTransactionManagerConfiguration matched:
      - @ConditionalOnSingleCandidate (types: javax.sql.DataSource; SearchStrategy: all) found a primary bean from beans 'dataSource' (OnBeanCondition)

   DispatcherServletAutoConfiguration matched:
      - @ConditionalOnClass found required class 'org.springframework.web.servlet.DispatcherServlet' (OnClassCondition)
      - found 'session' scope (OnWebApplicationCondition)

   DispatcherServletAutoConfiguration.DispatcherServletConfiguration matched:
      - @ConditionalOnClass found required class 'javax.servlet.ServletRegistration' (OnClassCondition)
      - Default DispatcherServlet did not find dispatcher servlet beans (DispatcherServletAutoConfiguration.DefaultDispatcherServletCondition)

   DispatcherServletAutoConfiguration.DispatcherServletRegistrationConfiguration matched:
      - @ConditionalOnClass found required class 'javax.servlet.ServletRegistration' (OnClassCondition)
      - DispatcherServlet Registration did not find servlet registration bean (DispatcherServletAutoConfiguration.DispatcherServletRegistrationCondition)

   DispatcherServletAutoConfiguration.DispatcherServletRegistrationConfiguration#dispatcherServletRegistration matched:
      - @ConditionalOnBean (names: dispatcherServlet types: org.springframework.web.servlet.DispatcherServlet; SearchStrategy: all) found bean 'dispatcherServlet' (OnBeanCondition)

   EmbeddedWebServerFactoryCustomizerAutoConfiguration matched:
      - @ConditionalOnWebApplication (required) found 'session' scope (OnWebApplicationCondition)

   EmbeddedWebServerFactoryCustomizerAutoConfiguration.TomcatWebServerFactoryCustomizerConfiguration matched:
      - @ConditionalOnClass found required classes 'org.apache.catalina.startup.Tomcat', 'org.apache.coyote.UpgradeProtocol' (OnClassCondition)

   ErrorMvcAutoConfiguration matched:
      - @ConditionalOnClass found required classes 'javax.servlet.Servlet', 'org.springframework.web.servlet.DispatcherServlet' (OnClassCondition)
      - found 'session' scope (OnWebApplicationCondition)

   ErrorMvcAutoConfiguration#basicErrorController matched:
      - @ConditionalOnMissingBean (types: org.springframework.boot.web.servlet.error.ErrorController; SearchStrategy: current) did not find any beans (OnBeanCondition)

   ErrorMvcAutoConfiguration#errorAttributes matched:
      - @ConditionalOnMissingBean (types: org.springframework.boot.web.servlet.error.ErrorAttributes; SearchStrategy: current) did not find any beans (OnBeanCondition)

   ErrorMvcAutoConfiguration.DefaultErrorViewResolverConfiguration#conventionErrorViewResolver matched:
      - @ConditionalOnBean (types: org.springframework.web.servlet.DispatcherServlet; SearchStrategy: all) found bean 'dispatcherServlet'; @ConditionalOnMissingBean (types: org.springframework.boot.autoconfigure.web.servlet.error.ErrorViewResolver; SearchStrategy: all) did not find any beans (OnBeanCondition)

   ErrorMvcAutoConfiguration.WhitelabelErrorViewConfiguration matched:
      - @ConditionalOnProperty (server.error.whitelabel.enabled) matched (OnPropertyCondition)
      - ErrorTemplate Missing did not find error template view (ErrorMvcAutoConfiguration.ErrorTemplateMissingCondition)

   ErrorMvcAutoConfiguration.WhitelabelErrorViewConfiguration#beanNameViewResolver matched:
      - @ConditionalOnMissingBean (types: org.springframework.web.servlet.view.BeanNameViewResolver; SearchStrategy: all) did not find any beans (OnBeanCondition)

   ErrorMvcAutoConfiguration.WhitelabelErrorViewConfiguration#defaultErrorView matched:
      - @ConditionalOnMissingBean (names: error; SearchStrategy: all) did not find any beans (OnBeanCondition)

   GenericCacheConfiguration matched:
      - Cache org.springframework.boot.autoconfigure.cache.GenericCacheConfiguration automatic cache type (CacheCondition)

   HibernateJpaAutoConfiguration matched:
      - @ConditionalOnClass found required classes 'org.springframework.orm.jpa.LocalContainerEntityManagerFactoryBean', 'javax.persistence.EntityManager', 'org.hibernate.engine.spi.SessionImplementor' (OnClassCondition)

   HibernateJpaConfiguration matched:
      - @ConditionalOnSingleCandidate (types: javax.sql.DataSource; SearchStrategy: all) found a primary bean from beans 'dataSource' (OnBeanCondition)

   HttpEncodingAutoConfiguration matched:
      - @ConditionalOnClass found required class 'org.springframework.web.filter.CharacterEncodingFilter' (OnClassCondition)
      - found 'session' scope (OnWebApplicationCondition)
      - @ConditionalOnProperty (server.servlet.encoding.enabled) matched (OnPropertyCondition)

   HttpEncodingAutoConfiguration#characterEncodingFilter matched:
      - @ConditionalOnMissingBean (types: org.springframework.web.filter.CharacterEncodingFilter; SearchStrategy: all) did not find any beans (OnBeanCondition)

   HttpMessageConvertersAutoConfiguration matched:
      - @ConditionalOnClass found required class 'org.springframework.http.converter.HttpMessageConverter' (OnClassCondition)
      - NoneNestedConditions 0 matched 1 did not; NestedCondition on HttpMessageConvertersAutoConfiguration.NotReactiveWebApplicationCondition.ReactiveWebApplication did not find reactive web application classes (HttpMessageConvertersAutoConfiguration.NotReactiveWebApplicationCondition)

   HttpMessageConvertersAutoConfiguration#messageConverters matched:
      - @ConditionalOnMissingBean (types: org.springframework.boot.autoconfigure.http.HttpMessageConverters; SearchStrategy: all) did not find any beans (OnBeanCondition)

   HttpMessageConvertersAutoConfiguration.StringHttpMessageConverterConfiguration matched:
      - @ConditionalOnClass found required class 'org.springframework.http.converter.StringHttpMessageConverter' (OnClassCondition)

   HttpMessageConvertersAutoConfiguration.StringHttpMessageConverterConfiguration#stringHttpMessageConverter matched:
      - @ConditionalOnMissingBean (types: org.springframework.http.converter.StringHttpMessageConverter; SearchStrategy: all) did not find any beans (OnBeanCondition)

   JacksonAutoConfiguration matched:
      - @ConditionalOnClass found required class 'com.fasterxml.jackson.databind.ObjectMapper' (OnClassCondition)

   JacksonAutoConfiguration.Jackson2ObjectMapperBuilderCustomizerConfiguration matched:
      - @ConditionalOnClass found required class 'org.springframework.http.converter.json.Jackson2ObjectMapperBuilder' (OnClassCondition)

   JacksonAutoConfiguration.JacksonObjectMapperBuilderConfiguration matched:
      - @ConditionalOnClass found required class 'org.springframework.http.converter.json.Jackson2ObjectMapperBuilder' (OnClassCondition)

   JacksonAutoConfiguration.JacksonObjectMapperBuilderConfiguration#jacksonObjectMapperBuilder matched:
      - @ConditionalOnMissingBean (types: org.springframework.http.converter.json.Jackson2ObjectMapperBuilder; SearchStrategy: all) did not find any beans (OnBeanCondition)

   JacksonAutoConfiguration.JacksonObjectMapperConfiguration matched:
      - @ConditionalOnClass found required class 'org.springframework.http.converter.json.Jackson2ObjectMapperBuilder' (OnClassCondition)

   JacksonAutoConfiguration.JacksonObjectMapperConfiguration#jacksonObjectMapper matched:
      - @ConditionalOnMissingBean (types: com.fasterxml.jackson.databind.ObjectMapper; SearchStrategy: all) did not find any beans (OnBeanCondition)

   JacksonAutoConfiguration.ParameterNamesModuleConfiguration matched:
      - @ConditionalOnClass found required class 'com.fasterxml.jackson.module.paramnames.ParameterNamesModule' (OnClassCondition)

   JacksonAutoConfiguration.ParameterNamesModuleConfiguration#parameterNamesModule matched:
      - @ConditionalOnMissingBean (types: com.fasterxml.jackson.module.paramnames.ParameterNamesModule; SearchStrategy: all) did not find any beans (OnBeanCondition)

   JacksonHttpMessageConvertersConfiguration.MappingJackson2HttpMessageConverterConfiguration matched:
      - @ConditionalOnClass found required class 'com.fasterxml.jackson.databind.ObjectMapper' (OnClassCondition)
      - @ConditionalOnProperty (spring.mvc.converters.preferred-json-mapper=jackson) matched (OnPropertyCondition)
      - @ConditionalOnBean (types: com.fasterxml.jackson.databind.ObjectMapper; SearchStrategy: all) found bean 'jacksonObjectMapper' (OnBeanCondition)

   JacksonHttpMessageConvertersConfiguration.MappingJackson2HttpMessageConverterConfiguration#mappingJackson2HttpMessageConverter matched:
      - @ConditionalOnMissingBean (types: org.springframework.http.converter.json.MappingJackson2HttpMessageConverter ignored: org.springframework.hateoas.server.mvc.TypeConstrainedMappingJackson2HttpMessageConverter,org.springframework.data.rest.webmvc.alps.AlpsJsonHttpMessageConverter; SearchStrategy: all) did not find any beans (OnBeanCondition)

   JdbcTemplateAutoConfiguration matched:
      - @ConditionalOnClass found required classes 'javax.sql.DataSource', 'org.springframework.jdbc.core.JdbcTemplate' (OnClassCondition)
      - @ConditionalOnSingleCandidate (types: javax.sql.DataSource; SearchStrategy: all) found a primary bean from beans 'dataSource' (OnBeanCondition)

   JdbcTemplateConfiguration matched:
      - @ConditionalOnMissingBean (types: org.springframework.jdbc.core.JdbcOperations; SearchStrategy: all) did not find any beans (OnBeanCondition)

   JpaBaseConfiguration#entityManagerFactory matched:
      - @ConditionalOnMissingBean (types: org.springframework.orm.jpa.LocalContainerEntityManagerFactoryBean,javax.persistence.EntityManagerFactory; SearchStrategy: all) did not find any beans (OnBeanCondition)

   JpaBaseConfiguration#entityManagerFactoryBuilder matched:
      - @ConditionalOnMissingBean (types: org.springframework.boot.orm.jpa.EntityManagerFactoryBuilder; SearchStrategy: all) did not find any beans (OnBeanCondition)

   JpaBaseConfiguration#jpaVendorAdapter matched:
      - @ConditionalOnMissingBean (types: org.springframework.orm.jpa.JpaVendorAdapter; SearchStrategy: all) did not find any beans (OnBeanCondition)

   JpaBaseConfiguration#transactionManager matched:
      - @ConditionalOnMissingBean (types: org.springframework.transaction.TransactionManager; SearchStrategy: all) did not find any beans (OnBeanCondition)

   JpaRepositoriesAutoConfiguration matched:
      - @ConditionalOnClass found required class 'org.springframework.data.jpa.repository.JpaRepository' (OnClassCondition)
      - @ConditionalOnProperty (spring.data.jpa.repositories.enabled=true) matched (OnPropertyCondition)
      - @ConditionalOnBean (types: javax.sql.DataSource; SearchStrategy: all) found bean 'dataSource'; @ConditionalOnMissingBean (types: org.springframework.data.jpa.repository.support.JpaRepositoryFactoryBean,org.springframework.data.jpa.repository.config.JpaRepositoryConfigExtension; SearchStrategy: all) did not find any beans (OnBeanCondition)

   JtaAutoConfiguration matched:
      - @ConditionalOnClass found required class 'javax.transaction.Transaction' (OnClassCondition)
      - @ConditionalOnProperty (spring.jta.enabled) matched (OnPropertyCondition)

   LifecycleAutoConfiguration#defaultLifecycleProcessor matched:
      - @ConditionalOnMissingBean (names: lifecycleProcessor; SearchStrategy: current) did not find any beans (OnBeanCondition)

   LiquibaseAutoConfiguration matched:
      - @ConditionalOnClass found required classes 'liquibase.integration.spring.SpringLiquibase', 'liquibase.change.DatabaseChange' (OnClassCondition)
      - @ConditionalOnProperty (spring.liquibase.enabled) matched (OnPropertyCondition)
      - AnyNestedCondition 1 matched 1 did not; NestedCondition on LiquibaseAutoConfiguration.LiquibaseDataSourceCondition.LiquibaseUrlCondition @ConditionalOnProperty (spring.liquibase.url) did not find property 'url'; NestedCondition on LiquibaseAutoConfiguration.LiquibaseDataSourceCondition.DataSourceBeanCondition @ConditionalOnBean (types: javax.sql.DataSource; SearchStrategy: all) found bean 'dataSource' (LiquibaseAutoConfiguration.LiquibaseDataSourceCondition)

   LiquibaseAutoConfiguration.LiquibaseConfiguration matched:
      - @ConditionalOnClass found required class 'org.springframework.jdbc.core.ConnectionCallback' (OnClassCondition)
      - @ConditionalOnMissingBean (types: liquibase.integration.spring.SpringLiquibase; SearchStrategy: all) did not find any beans (OnBeanCondition)

   MultipartAutoConfiguration matched:
      - @ConditionalOnClass found required classes 'javax.servlet.Servlet', 'org.springframework.web.multipart.support.StandardServletMultipartResolver', 'javax.servlet.MultipartConfigElement' (OnClassCondition)
      - found 'session' scope (OnWebApplicationCondition)
      - @ConditionalOnProperty (spring.servlet.multipart.enabled) matched (OnPropertyCondition)

   MultipartAutoConfiguration#multipartConfigElement matched:
      - @ConditionalOnMissingBean (types: javax.servlet.MultipartConfigElement,org.springframework.web.multipart.commons.CommonsMultipartResolver; SearchStrategy: all) did not find any beans (OnBeanCondition)

   MultipartAutoConfiguration#multipartResolver matched:
      - @ConditionalOnMissingBean (types: org.springframework.web.multipart.MultipartResolver; SearchStrategy: all) did not find any beans (OnBeanCondition)

   NamedParameterJdbcTemplateConfiguration matched:
      - @ConditionalOnSingleCandidate (types: org.springframework.jdbc.core.JdbcTemplate; SearchStrategy: all) found a primary bean from beans 'jdbcTemplate'; @ConditionalOnMissingBean (types: org.springframework.jdbc.core.namedparam.NamedParameterJdbcOperations; SearchStrategy: all) did not find any beans (OnBeanCondition)

   NoOpCacheConfiguration matched:
      - Cache org.springframework.boot.autoconfigure.cache.NoOpCacheConfiguration automatic cache type (CacheCondition)

   PersistenceExceptionTranslationAutoConfiguration matched:
      - @ConditionalOnClass found required class 'org.springframework.dao.annotation.PersistenceExceptionTranslationPostProcessor' (OnClassCondition)

   PersistenceExceptionTranslationAutoConfiguration#persistenceExceptionTranslationPostProcessor matched:
      - @ConditionalOnProperty (spring.dao.exceptiontranslation.enabled) matched (OnPropertyCondition)
      - @ConditionalOnMissingBean (types: org.springframework.dao.annotation.PersistenceExceptionTranslationPostProcessor; SearchStrategy: all) did not find any beans (OnBeanCondition)

   PropertyPlaceholderAutoConfiguration#propertySourcesPlaceholderConfigurer matched:
      - @ConditionalOnMissingBean (types: org.springframework.context.support.PropertySourcesPlaceholderConfigurer; SearchStrategy: current) did not find any beans (OnBeanCondition)

   RestTemplateAutoConfiguration matched:
      - @ConditionalOnClass found required class 'org.springframework.web.client.RestTemplate' (OnClassCondition)
      - NoneNestedConditions 0 matched 1 did not; NestedCondition on RestTemplateAutoConfiguration.NotReactiveWebApplicationCondition.ReactiveWebApplication did not find reactive web application classes (RestTemplateAutoConfiguration.NotReactiveWebApplicationCondition)

   RestTemplateAutoConfiguration#restTemplateBuilder matched:
      - @ConditionalOnMissingBean (types: org.springframework.boot.web.client.RestTemplateBuilder; SearchStrategy: all) did not find any beans (OnBeanCondition)

   RestTemplateAutoConfiguration#restTemplateBuilderConfigurer matched:
      - @ConditionalOnMissingBean (types: org.springframework.boot.autoconfigure.web.client.RestTemplateBuilderConfigurer; SearchStrategy: all) did not find any beans (OnBeanCondition)

   ServletWebServerFactoryAutoConfiguration matched:
      - @ConditionalOnClass found required class 'javax.servlet.ServletRequest' (OnClassCondition)
      - found 'session' scope (OnWebApplicationCondition)

   ServletWebServerFactoryAutoConfiguration#tomcatServletWebServerFactoryCustomizer matched:
      - @ConditionalOnClass found required class 'org.apache.catalina.startup.Tomcat' (OnClassCondition)

   ServletWebServerFactoryConfiguration.EmbeddedTomcat matched:
      - @ConditionalOnClass found required classes 'javax.servlet.Servlet', 'org.apache.catalina.startup.Tomcat', 'org.apache.coyote.UpgradeProtocol' (OnClassCondition)
      - @ConditionalOnMissingBean (types: org.springframework.boot.web.servlet.server.ServletWebServerFactory; SearchStrategy: current) did not find any beans (OnBeanCondition)

   SimpleCacheConfiguration matched:
      - Cache org.springframework.boot.autoconfigure.cache.SimpleCacheConfiguration automatic cache type (CacheCondition)

   SpringDataWebAutoConfiguration matched:
      - @ConditionalOnClass found required classes 'org.springframework.data.web.PageableHandlerMethodArgumentResolver', 'org.springframework.web.servlet.config.annotation.WebMvcConfigurer' (OnClassCondition)
      - found 'session' scope (OnWebApplicationCondition)
      - @ConditionalOnMissingBean (types: org.springframework.data.web.PageableHandlerMethodArgumentResolver; SearchStrategy: all) did not find any beans (OnBeanCondition)

   SpringDataWebAutoConfiguration#pageableCustomizer matched:
      - @ConditionalOnMissingBean (types: org.springframework.data.web.config.PageableHandlerMethodArgumentResolverCustomizer; SearchStrategy: all) did not find any beans (OnBeanCondition)

   SpringDataWebAutoConfiguration#sortCustomizer matched:
      - @ConditionalOnMissingBean (types: org.springframework.data.web.config.SortHandlerMethodArgumentResolverCustomizer; SearchStrategy: all) did not find any beans (OnBeanCondition)

   SqlInitializationAutoConfiguration matched:
      - @ConditionalOnProperty (spring.sql.init.enabled) matched (OnPropertyCondition)
      - NoneNestedConditions 0 matched 1 did not; NestedCondition on SqlInitializationAutoConfiguration.SqlInitializationModeCondition.ModeIsNever @ConditionalOnProperty (spring.sql.init.mode=never) did not find property 'mode' (SqlInitializationAutoConfiguration.SqlInitializationModeCondition)

   TaskExecutionAutoConfiguration matched:
      - @ConditionalOnClass found required class 'org.springframework.scheduling.concurrent.ThreadPoolTaskExecutor' (OnClassCondition)

   TaskExecutionAutoConfiguration#applicationTaskExecutor matched:
      - @ConditionalOnMissingBean (types: java.util.concurrent.Executor; SearchStrategy: all) did not find any beans (OnBeanCondition)

   TaskExecutionAutoConfiguration#taskExecutorBuilder matched:
      - @ConditionalOnMissingBean (types: org.springframework.boot.task.TaskExecutorBuilder; SearchStrategy: all) did not find any beans (OnBeanCondition)

   TaskSchedulingAutoConfiguration matched:
      - @ConditionalOnClass found required class 'org.springframework.scheduling.concurrent.ThreadPoolTaskScheduler' (OnClassCondition)

   TaskSchedulingAutoConfiguration#taskSchedulerBuilder matched:
      - @ConditionalOnMissingBean (types: org.springframework.boot.task.TaskSchedulerBuilder; SearchStrategy: all) did not find any beans (OnBeanCondition)

   TransactionAutoConfiguration matched:
      - @ConditionalOnClass found required class 'org.springframework.transaction.PlatformTransactionManager' (OnClassCondition)

   TransactionAutoConfiguration#platformTransactionManagerCustomizers matched:
      - @ConditionalOnMissingBean (types: org.springframework.boot.autoconfigure.transaction.TransactionManagerCustomizers; SearchStrategy: all) did not find any beans (OnBeanCondition)

   TransactionAutoConfiguration.EnableTransactionManagementConfiguration matched:
      - @ConditionalOnBean (types: org.springframework.transaction.TransactionManager; SearchStrategy: all) found bean 'transactionManager'; @ConditionalOnMissingBean (types: org.springframework.transaction.annotation.AbstractTransactionManagementConfiguration; SearchStrategy: all) did not find any beans (OnBeanCondition)

   TransactionAutoConfiguration.EnableTransactionManagementConfiguration.CglibAutoProxyConfiguration matched:
      - @ConditionalOnProperty (spring.aop.proxy-target-class=true) matched (OnPropertyCondition)

   TransactionAutoConfiguration.TransactionTemplateConfiguration matched:
      - @ConditionalOnSingleCandidate (types: org.springframework.transaction.PlatformTransactionManager; SearchStrategy: all) found a primary bean from beans 'transactionManager' (OnBeanCondition)

   TransactionAutoConfiguration.TransactionTemplateConfiguration#transactionTemplate matched:
      - @ConditionalOnMissingBean (types: org.springframework.transaction.support.TransactionOperations; SearchStrategy: all) did not find any beans (OnBeanCondition)

   WebMvcAutoConfiguration matched:
      - @ConditionalOnClass found required classes 'javax.servlet.Servlet', 'org.springframework.web.servlet.DispatcherServlet', 'org.springframework.web.servlet.config.annotation.WebMvcConfigurer' (OnClassCondition)
      - found 'session' scope (OnWebApplicationCondition)
      - @ConditionalOnMissingBean (types: org.springframework.web.servlet.config.annotation.WebMvcConfigurationSupport; SearchStrategy: all) did not find any beans (OnBeanCondition)

   WebMvcAutoConfiguration#formContentFilter matched:
      - @ConditionalOnProperty (spring.mvc.formcontent.filter.enabled) matched (OnPropertyCondition)
      - @ConditionalOnMissingBean (types: org.springframework.web.filter.FormContentFilter; SearchStrategy: all) did not find any beans (OnBeanCondition)

   WebMvcAutoConfiguration.EnableWebMvcConfiguration#flashMapManager matched:
      - @ConditionalOnMissingBean (names: flashMapManager; SearchStrategy: all) did not find any beans (OnBeanCondition)

   WebMvcAutoConfiguration.EnableWebMvcConfiguration#localeResolver matched:
      - @ConditionalOnMissingBean (names: localeResolver; SearchStrategy: all) did not find any beans (OnBeanCondition)

   WebMvcAutoConfiguration.EnableWebMvcConfiguration#themeResolver matched:
      - @ConditionalOnMissingBean (names: themeResolver; SearchStrategy: all) did not find any beans (OnBeanCondition)

   WebMvcAutoConfiguration.WebMvcAutoConfigurationAdapter#defaultViewResolver matched:
      - @ConditionalOnMissingBean (types: org.springframework.web.servlet.view.InternalResourceViewResolver; SearchStrategy: all) did not find any beans (OnBeanCondition)

   WebMvcAutoConfiguration.WebMvcAutoConfigurationAdapter#requestContextFilter matched:
      - @ConditionalOnMissingBean (types: org.springframework.web.context.request.RequestContextListener,org.springframework.web.filter.RequestContextFilter; SearchStrategy: all) did not find any beans (OnBeanCondition)

   WebMvcAutoConfiguration.WebMvcAutoConfigurationAdapter#viewResolver matched:
      - @ConditionalOnBean (types: org.springframework.web.servlet.ViewResolver; SearchStrategy: all) found beans 'defaultViewResolver', 'beanNameViewResolver', 'mvcViewResolver'; @ConditionalOnMissingBean (names: viewResolver types: org.springframework.web.servlet.view.ContentNegotiatingViewResolver; SearchStrategy: all) did not find any beans (OnBeanCondition)

   WebSocketServletAutoConfiguration matched:
      - @ConditionalOnClass found required classes 'javax.servlet.Servlet', 'javax.websocket.server.ServerContainer' (OnClassCondition)
      - found 'session' scope (OnWebApplicationCondition)

   WebSocketServletAutoConfiguration.TomcatWebSocketConfiguration matched:
      - @ConditionalOnClass found required classes 'org.apache.catalina.startup.Tomcat', 'org.apache.tomcat.websocket.server.WsSci' (OnClassCondition)

   WebSocketServletAutoConfiguration.TomcatWebSocketConfiguration#websocketServletWebServerCustomizer matched:
      - @ConditionalOnMissingBean (names: websocketServletWebServerCustomizer; SearchStrategy: all) did not find any beans (OnBeanCondition)


Negative matches:
-----------------

   ActiveMQAutoConfiguration:
      Did not match:
         - @ConditionalOnClass did not find required class 'javax.jms.ConnectionFactory' (OnClassCondition)

   AopAutoConfiguration.AspectJAutoProxyingConfiguration.JdkDynamicAutoProxyConfiguration:
      Did not match:
         - @ConditionalOnProperty (spring.aop.proxy-target-class=false) did not find property 'proxy-target-class' (OnPropertyCondition)

   AopAutoConfiguration.ClassProxyingConfiguration:
      Did not match:
         - @ConditionalOnMissingClass found unwanted class 'org.aspectj.weaver.Advice' (OnClassCondition)

   ArtemisAutoConfiguration:
      Did not match:
         - @ConditionalOnClass did not find required class 'javax.jms.ConnectionFactory' (OnClassCondition)

   AtomikosJtaConfiguration:
      Did not match:
         - @ConditionalOnClass did not find required class 'com.atomikos.icatch.jta.UserTransactionManager' (OnClassCondition)

   BatchAutoConfiguration:
      Did not match:
         - @ConditionalOnClass did not find required class 'org.springframework.batch.core.launch.JobLauncher' (OnClassCondition)

   CacheAutoConfiguration:
      Did not match:
         - @ConditionalOnBean (types: org.springframework.cache.interceptor.CacheAspectSupport; SearchStrategy: all) did not find any beans of type org.springframework.cache.interceptor.CacheAspectSupport (OnBeanCondition)
      Matched:
         - @ConditionalOnClass found required class 'org.springframework.cache.CacheManager' (OnClassCondition)

   CacheAutoConfiguration.CacheManagerEntityManagerFactoryDependsOnPostProcessor:
      Did not match:
         - Ancestor org.springframework.boot.autoconfigure.cache.CacheAutoConfiguration did not match (ConditionEvaluationReport.AncestorsMatchedCondition)
      Matched:
         - @ConditionalOnClass found required class 'org.springframework.orm.jpa.LocalContainerEntityManagerFactoryBean' (OnClassCondition)

   CaffeineCacheConfiguration:
      Did not match:
         - @ConditionalOnClass did not find required class 'com.github.benmanes.caffeine.cache.Caffeine' (OnClassCondition)

   CassandraAutoConfiguration:
      Did not match:
         - @ConditionalOnClass did not find required class 'com.datastax.oss.driver.api.core.CqlSession' (OnClassCondition)

   CassandraDataAutoConfiguration:
      Did not match:
         - @ConditionalOnClass did not find required class 'com.datastax.oss.driver.api.core.CqlSession' (OnClassCondition)

   CassandraReactiveDataAutoConfiguration:
      Did not match:
         - @ConditionalOnClass did not find required class 'com.datastax.oss.driver.api.core.CqlSession' (OnClassCondition)

   CassandraReactiveRepositoriesAutoConfiguration:
      Did not match:
         - @ConditionalOnClass did not find required class 'org.springframework.data.cassandra.ReactiveSession' (OnClassCondition)

   CassandraRepositoriesAutoConfiguration:
      Did not match:
         - @ConditionalOnClass did not find required class 'com.datastax.oss.driver.api.core.CqlSession' (OnClassCondition)

   ClientHttpConnectorAutoConfiguration:
      Did not match:
         - @ConditionalOnClass did not find required class 'org.springframework.web.reactive.function.client.WebClient' (OnClassCondition)

   CodecsAutoConfiguration:
      Did not match:
         - @ConditionalOnClass did not find required class 'org.springframework.web.reactive.function.client.WebClient' (OnClassCondition)

   CouchbaseAutoConfiguration:
      Did not match:
         - @ConditionalOnClass did not find required class 'com.couchbase.client.java.Cluster' (OnClassCondition)

   CouchbaseCacheConfiguration:
      Did not match:
         - @ConditionalOnClass did not find required class 'com.couchbase.client.java.Cluster' (OnClassCondition)

   CouchbaseDataAutoConfiguration:
      Did not match:
         - @ConditionalOnClass did not find required class 'com.couchbase.client.java.Bucket' (OnClassCondition)

   CouchbaseReactiveDataAutoConfiguration:
      Did not match:
         - @ConditionalOnClass did not find required class 'com.couchbase.client.java.Cluster' (OnClassCondition)

   CouchbaseReactiveRepositoriesAutoConfiguration:
      Did not match:
         - @ConditionalOnClass did not find required class 'com.couchbase.client.java.Cluster' (OnClassCondition)

   CouchbaseRepositoriesAutoConfiguration:
      Did not match:
         - @ConditionalOnClass did not find required class 'com.couchbase.client.java.Bucket' (OnClassCondition)

   DataSourceAutoConfiguration.EmbeddedDatabaseConfiguration:
      Did not match:
         - EmbeddedDataSource spring.datasource.url is set (DataSourceAutoConfiguration.EmbeddedDatabaseCondition)

   DataSourceConfiguration.Dbcp2:
      Did not match:
         - @ConditionalOnClass did not find required class 'org.apache.commons.dbcp2.BasicDataSource' (OnClassCondition)

   DataSourceConfiguration.Generic:
      Did not match:
         - @ConditionalOnProperty (spring.datasource.type) did not find property 'spring.datasource.type' (OnPropertyCondition)

   DataSourceConfiguration.OracleUcp:
      Did not match:
         - @ConditionalOnClass did not find required classes 'oracle.ucp.jdbc.PoolDataSourceImpl', 'oracle.jdbc.OracleConnection' (OnClassCondition)

   DataSourceConfiguration.Tomcat:
      Did not match:
         - @ConditionalOnClass did not find required class 'org.apache.tomcat.jdbc.pool.DataSource' (OnClassCondition)

   DataSourceInitializationConfiguration.InitializationSpecificCredentialsDataSourceInitializationConfiguration:
      Did not match:
         - AnyNestedCondition 0 matched 2 did not; NestedCondition on DataSourceInitializationConfiguration.InitializationSpecificCredentialsDataSourceInitializationConfiguration.DifferentCredentialsCondition.DataCredentials @ConditionalOnProperty (spring.datasource.data-username) did not find property 'data-username'; NestedCondition on DataSourceInitializationConfiguration.InitializationSpecificCredentialsDataSourceInitializationConfiguration.DifferentCredentialsCondition.SchemaCredentials @ConditionalOnProperty (spring.datasource.schema-username) did not find property 'schema-username' (DataSourceInitializationConfiguration.InitializationSpecificCredentialsDataSourceInitializationConfiguration.DifferentCredentialsCondition)

   DataSourceInitializationConfiguration.SharedCredentialsDataSourceInitializationConfiguration:
      Did not match:
         - DataSource Initialization did not find configured properties spring.datasource.data-username, spring.datasource.schema-password, spring.datasource.schema[0], spring.datasource.data[0], spring.datasource.data, spring.datasource.schema-username, spring.datasource.data-password, spring.datasource.initialization-mode, spring.datasource.schema, spring.datasource.sql-script-encoding, spring.datasource.separator, spring.datasource.platform, spring.datasource.continue-on-error (DataSourceInitializationConfiguration.SharedCredentialsDataSourceInitializationConfiguration.DataSourceInitializationCondition)

   DataSourceJmxConfiguration:
      Did not match:
         - @ConditionalOnProperty (spring.jmx.enabled=true) found different value in property 'enabled' (OnPropertyCondition)

   DataSourcePoolMetadataProvidersConfiguration.CommonsDbcp2PoolDataSourceMetadataProviderConfiguration:
      Did not match:
         - @ConditionalOnClass did not find required class 'org.apache.commons.dbcp2.BasicDataSource' (OnClassCondition)

   DataSourcePoolMetadataProvidersConfiguration.OracleUcpPoolDataSourceMetadataProviderConfiguration:
      Did not match:
         - @ConditionalOnClass did not find required classes 'oracle.ucp.jdbc.PoolDataSource', 'oracle.jdbc.OracleConnection' (OnClassCondition)

   DataSourcePoolMetadataProvidersConfiguration.TomcatDataSourcePoolMetadataProviderConfiguration:
      Did not match:
         - @ConditionalOnClass did not find required class 'org.apache.tomcat.jdbc.pool.DataSource' (OnClassCondition)

   DataSourceTransactionManagerAutoConfiguration.JdbcTransactionManagerConfiguration#transactionManager:
      Did not match:
         - @ConditionalOnMissingBean (types: org.springframework.transaction.TransactionManager; SearchStrategy: all) found beans of type 'org.springframework.transaction.TransactionManager' transactionManager (OnBeanCondition)

   DispatcherServletAutoConfiguration.DispatcherServletConfiguration#multipartResolver:
      Did not match:
         - @ConditionalOnBean (types: org.springframework.web.multipart.MultipartResolver; SearchStrategy: all) did not find any beans of type org.springframework.web.multipart.MultipartResolver (OnBeanCondition)

   EhCacheCacheConfiguration:
      Did not match:
         - @ConditionalOnClass did not find required class 'net.sf.ehcache.Cache' (OnClassCondition)

   ElasticsearchDataAutoConfiguration:
      Did not match:
         - @ConditionalOnClass did not find required class 'org.springframework.data.elasticsearch.core.ElasticsearchRestTemplate' (OnClassCondition)

   ElasticsearchRepositoriesAutoConfiguration:
      Did not match:
         - @ConditionalOnClass did not find required class 'org.elasticsearch.client.Client' (OnClassCondition)

   ElasticsearchRestClientAutoConfiguration:
      Did not match:
         - @ConditionalOnClass did not find required class 'org.elasticsearch.client.RestClientBuilder' (OnClassCondition)

   EmbeddedLdapAutoConfiguration:
      Did not match:
         - @ConditionalOnClass did not find required class 'com.unboundid.ldap.listener.InMemoryDirectoryServer' (OnClassCondition)

   EmbeddedMongoAutoConfiguration:
      Did not match:
         - @ConditionalOnClass did not find required class 'com.mongodb.MongoClientSettings' (OnClassCondition)

   EmbeddedWebServerFactoryCustomizerAutoConfiguration.JettyWebServerFactoryCustomizerConfiguration:
      Did not match:
         - @ConditionalOnClass did not find required classes 'org.eclipse.jetty.server.Server', 'org.eclipse.jetty.util.Loader', 'org.eclipse.jetty.webapp.WebAppContext' (OnClassCondition)

   EmbeddedWebServerFactoryCustomizerAutoConfiguration.NettyWebServerFactoryCustomizerConfiguration:
      Did not match:
         - @ConditionalOnClass did not find required class 'reactor.netty.http.server.HttpServer' (OnClassCondition)

   EmbeddedWebServerFactoryCustomizerAutoConfiguration.UndertowWebServerFactoryCustomizerConfiguration:
      Did not match:
         - @ConditionalOnClass did not find required classes 'io.undertow.Undertow', 'org.xnio.SslClientAuthMode' (OnClassCondition)

   ErrorWebFluxAutoConfiguration:
      Did not match:
         - @ConditionalOnClass did not find required class 'org.springframework.web.reactive.config.WebFluxConfigurer' (OnClassCondition)

   FlywayAutoConfiguration:
      Did not match:
         - @ConditionalOnClass did not find required class 'org.flywaydb.core.Flyway' (OnClassCondition)

   FreeMarkerAutoConfiguration:
      Did not match:
         - @ConditionalOnClass did not find required class 'freemarker.template.Configuration' (OnClassCondition)

   GroovyTemplateAutoConfiguration:
      Did not match:
         - @ConditionalOnClass did not find required class 'groovy.text.markup.MarkupTemplateEngine' (OnClassCondition)

   GsonAutoConfiguration:
      Did not match:
         - @ConditionalOnClass did not find required class 'com.google.gson.Gson' (OnClassCondition)

   GsonHttpMessageConvertersConfiguration:
      Did not match:
         - @ConditionalOnClass did not find required class 'com.google.gson.Gson' (OnClassCondition)

   H2ConsoleAutoConfiguration:
      Did not match:
         - @ConditionalOnClass did not find required class 'org.h2.server.web.WebServlet' (OnClassCondition)

   HazelcastAutoConfiguration:
      Did not match:
         - @ConditionalOnClass did not find required class 'com.hazelcast.core.HazelcastInstance' (OnClassCondition)

   HazelcastCacheConfiguration:
      Did not match:
         - @ConditionalOnClass did not find required class 'com.hazelcast.core.HazelcastInstance' (OnClassCondition)

   HazelcastJpaDependencyAutoConfiguration:
      Did not match:
         - @ConditionalOnClass did not find required class 'com.hazelcast.core.HazelcastInstance' (OnClassCondition)

   HttpHandlerAutoConfiguration:
      Did not match:
         - @ConditionalOnClass did not find required class 'org.springframework.web.reactive.DispatcherHandler' (OnClassCondition)

   HypermediaAutoConfiguration:
      Did not match:
         - @ConditionalOnClass did not find required class 'org.springframework.hateoas.EntityModel' (OnClassCondition)

   InfinispanCacheConfiguration:
      Did not match:
         - @ConditionalOnClass did not find required class 'org.infinispan.spring.embedded.provider.SpringEmbeddedCacheManager' (OnClassCondition)

   InfluxDbAutoConfiguration:
      Did not match:
         - @ConditionalOnClass did not find required class 'org.influxdb.InfluxDB' (OnClassCondition)

   IntegrationAutoConfiguration:
      Did not match:
         - @ConditionalOnClass did not find required class 'org.springframework.integration.config.EnableIntegration' (OnClassCondition)

   JCacheCacheConfiguration:
      Did not match:
         - @ConditionalOnClass did not find required class 'javax.cache.Caching' (OnClassCondition)

   JacksonHttpMessageConvertersConfiguration.MappingJackson2XmlHttpMessageConverterConfiguration:
      Did not match:
         - @ConditionalOnClass did not find required class 'com.fasterxml.jackson.dataformat.xml.XmlMapper' (OnClassCondition)

   JdbcRepositoriesAutoConfiguration:
      Did not match:
         - @ConditionalOnClass did not find required class 'org.springframework.data.jdbc.repository.config.AbstractJdbcConfiguration' (OnClassCondition)

   JerseyAutoConfiguration:
      Did not match:
         - @ConditionalOnClass did not find required class 'org.glassfish.jersey.server.spring.SpringComponentProvider' (OnClassCondition)

   JmsAutoConfiguration:
      Did not match:
         - @ConditionalOnClass did not find required class 'javax.jms.Message' (OnClassCondition)

   JmxAutoConfiguration:
      Did not match:
         - @ConditionalOnProperty (spring.jmx.enabled=true) found different value in property 'enabled' (OnPropertyCondition)
      Matched:
         - @ConditionalOnClass found required class 'org.springframework.jmx.export.MBeanExporter' (OnClassCondition)

   JndiConnectionFactoryAutoConfiguration:
      Did not match:
         - @ConditionalOnClass did not find required class 'org.springframework.jms.core.JmsTemplate' (OnClassCondition)

   JndiDataSourceAutoConfiguration:
      Did not match:
         - @ConditionalOnProperty (spring.datasource.jndi-name) did not find property 'jndi-name' (OnPropertyCondition)
      Matched:
         - @ConditionalOnClass found required classes 'javax.sql.DataSource', 'org.springframework.jdbc.datasource.embedded.EmbeddedDatabaseType' (OnClassCondition)

   JndiJtaConfiguration:
      Did not match:
         - @ConditionalOnJndi JNDI environment is not available (OnJndiCondition)
      Matched:
         - @ConditionalOnClass found required class 'org.springframework.transaction.jta.JtaTransactionManager' (OnClassCondition)

   JooqAutoConfiguration:
      Did not match:
         - @ConditionalOnClass did not find required class 'org.jooq.DSLContext' (OnClassCondition)

   JpaBaseConfiguration.JpaWebConfiguration:
      Did not match:
         - @ConditionalOnProperty (spring.jpa.open-in-view=true) found different value in property 'open-in-view' (OnPropertyCondition)
      Matched:
         - @ConditionalOnClass found required class 'org.springframework.web.servlet.config.annotation.WebMvcConfigurer' (OnClassCondition)
         - found 'session' scope (OnWebApplicationCondition)

   JpaRepositoriesAutoConfiguration#entityManagerFactoryBootstrapExecutorCustomizer:
      Did not match:
         - AnyNestedCondition 0 matched 2 did not; NestedCondition on JpaRepositoriesAutoConfiguration.BootstrapExecutorCondition.LazyBootstrapMode @ConditionalOnProperty (spring.data.jpa.repositories.bootstrap-mode=lazy) did not find property 'bootstrap-mode'; NestedCondition on JpaRepositoriesAutoConfiguration.BootstrapExecutorCondition.DeferredBootstrapMode @ConditionalOnProperty (spring.data.jpa.repositories.bootstrap-mode=deferred) did not find property 'bootstrap-mode' (JpaRepositoriesAutoConfiguration.BootstrapExecutorCondition)

   JsonbAutoConfiguration:
      Did not match:
         - @ConditionalOnClass did not find required class 'javax.json.bind.Jsonb' (OnClassCondition)

   JsonbHttpMessageConvertersConfiguration:
      Did not match:
         - @ConditionalOnClass did not find required class 'javax.json.bind.Jsonb' (OnClassCondition)

   KafkaAutoConfiguration:
      Did not match:
         - @ConditionalOnClass did not find required class 'org.springframework.kafka.core.KafkaTemplate' (OnClassCondition)

   LdapAutoConfiguration:
      Did not match:
         - @ConditionalOnClass did not find required class 'org.springframework.ldap.core.ContextSource' (OnClassCondition)

   LdapRepositoriesAutoConfiguration:
      Did not match:
         - @ConditionalOnClass did not find required class 'org.springframework.data.ldap.repository.LdapRepository' (OnClassCondition)

   MailSenderAutoConfiguration:
      Did not match:
         - @ConditionalOnClass did not find required class 'javax.mail.internet.MimeMessage' (OnClassCondition)

   MailSenderValidatorAutoConfiguration:
      Did not match:
         - @ConditionalOnSingleCandidate did not find required type 'org.springframework.mail.javamail.JavaMailSenderImpl' (OnBeanCondition)

   MessageSourceAutoConfiguration:
      Did not match:
         - ResourceBundle did not find bundle with basename messages (MessageSourceAutoConfiguration.ResourceBundleCondition)

   MongoAutoConfiguration:
      Did not match:
         - @ConditionalOnClass did not find required class 'com.mongodb.client.MongoClient' (OnClassCondition)

   MongoDataAutoConfiguration:
      Did not match:
         - @ConditionalOnClass did not find required class 'com.mongodb.client.MongoClient' (OnClassCondition)

   MongoReactiveAutoConfiguration:
      Did not match:
         - @ConditionalOnClass did not find required class 'com.mongodb.reactivestreams.client.MongoClient' (OnClassCondition)

   MongoReactiveDataAutoConfiguration:
      Did not match:
         - @ConditionalOnClass did not find required class 'com.mongodb.reactivestreams.client.MongoClient' (OnClassCondition)

   MongoReactiveRepositoriesAutoConfiguration:
      Did not match:
         - @ConditionalOnClass did not find required class 'com.mongodb.reactivestreams.client.MongoClient' (OnClassCondition)

   MongoRepositoriesAutoConfiguration:
      Did not match:
         - @ConditionalOnClass did not find required class 'com.mongodb.client.MongoClient' (OnClassCondition)

   MustacheAutoConfiguration:
      Did not match:
         - @ConditionalOnClass did not find required class 'com.samskivert.mustache.Mustache' (OnClassCondition)

   Neo4jAutoConfiguration:
      Did not match:
         - @ConditionalOnClass did not find required class 'org.neo4j.driver.Driver' (OnClassCondition)

   Neo4jDataAutoConfiguration:
      Did not match:
         - @ConditionalOnClass did not find required class 'org.neo4j.driver.Driver' (OnClassCondition)

   Neo4jReactiveDataAutoConfiguration:
      Did not match:
         - @ConditionalOnClass did not find required class 'org.neo4j.driver.Driver' (OnClassCondition)

   Neo4jReactiveRepositoriesAutoConfiguration:
      Did not match:
         - @ConditionalOnClass did not find required class 'org.neo4j.driver.Driver' (OnClassCondition)

   Neo4jRepositoriesAutoConfiguration:
      Did not match:
         - @ConditionalOnClass did not find required class 'org.neo4j.driver.Driver' (OnClassCondition)

   NettyAutoConfiguration:
      Did not match:
         - @ConditionalOnClass did not find required class 'io.netty.util.NettyRuntime' (OnClassCondition)

   OAuth2ClientAutoConfiguration:
      Did not match:
         - @ConditionalOnClass did not find required class 'org.springframework.security.config.annotation.web.configuration.EnableWebSecurity' (OnClassCondition)

   OAuth2ResourceServerAutoConfiguration:
      Did not match:
         - @ConditionalOnClass did not find required class 'org.springframework.security.oauth2.server.resource.BearerTokenAuthenticationToken' (OnClassCondition)

   ProjectInfoAutoConfiguration#buildProperties:
      Did not match:
         - @ConditionalOnResource did not find resource '${spring.info.build.location:classpath:META-INF/build-info.properties}' (OnResourceCondition)

   ProjectInfoAutoConfiguration#gitProperties:
      Did not match:
         - GitResource did not find git info at classpath:git.properties (ProjectInfoAutoConfiguration.GitResourceAvailableCondition)

   QuartzAutoConfiguration:
      Did not match:
         - @ConditionalOnClass did not find required class 'org.quartz.Scheduler' (OnClassCondition)

   R2dbcAutoConfiguration:
      Did not match:
         - @ConditionalOnClass did not find required class 'io.r2dbc.spi.ConnectionFactory' (OnClassCondition)

   R2dbcDataAutoConfiguration:
      Did not match:
         - @ConditionalOnClass did not find required class 'org.springframework.data.r2dbc.core.R2dbcEntityTemplate' (OnClassCondition)

   R2dbcInitializationConfiguration:
      Did not match:
         - @ConditionalOnClass did not find required classes 'io.r2dbc.spi.ConnectionFactory', 'org.springframework.r2dbc.connection.init.DatabasePopulator' (OnClassCondition)

   R2dbcRepositoriesAutoConfiguration:
      Did not match:
         - @ConditionalOnClass did not find required class 'io.r2dbc.spi.ConnectionFactory' (OnClassCondition)

   R2dbcTransactionManagerAutoConfiguration:
      Did not match:
         - @ConditionalOnClass did not find required class 'org.springframework.r2dbc.connection.R2dbcTransactionManager' (OnClassCondition)

   RSocketMessagingAutoConfiguration:
      Did not match:
         - @ConditionalOnClass did not find required class 'io.rsocket.RSocket' (OnClassCondition)

   RSocketRequesterAutoConfiguration:
      Did not match:
         - @ConditionalOnClass did not find required class 'io.rsocket.RSocket' (OnClassCondition)

   RSocketSecurityAutoConfiguration:
      Did not match:
         - @ConditionalOnClass did not find required class 'org.springframework.security.rsocket.core.SecuritySocketAcceptorInterceptor' (OnClassCondition)

   RSocketServerAutoConfiguration:
      Did not match:
         - @ConditionalOnClass did not find required class 'io.rsocket.core.RSocketServer' (OnClassCondition)

   RSocketStrategiesAutoConfiguration:
      Did not match:
         - @ConditionalOnClass did not find required class 'io.netty.buffer.PooledByteBufAllocator' (OnClassCondition)

   RabbitAutoConfiguration:
      Did not match:
         - @ConditionalOnClass did not find required class 'com.rabbitmq.client.Channel' (OnClassCondition)

   ReactiveElasticsearchRepositoriesAutoConfiguration:
      Did not match:
         - @ConditionalOnClass did not find required class 'org.springframework.data.elasticsearch.client.reactive.ReactiveElasticsearchClient' (OnClassCondition)

   ReactiveElasticsearchRestClientAutoConfiguration:
      Did not match:
         - @ConditionalOnClass did not find required class 'reactor.netty.http.client.HttpClient' (OnClassCondition)

   ReactiveMultipartAutoConfiguration:
      Did not match:
         - @ConditionalOnClass did not find required class 'org.springframework.web.reactive.config.WebFluxConfigurer' (OnClassCondition)

   ReactiveOAuth2ClientAutoConfiguration:
      Did not match:
         - @ConditionalOnClass did not find required class 'reactor.core.publisher.Flux' (OnClassCondition)

   ReactiveOAuth2ResourceServerAutoConfiguration:
      Did not match:
         - @ConditionalOnClass did not find required class 'org.springframework.security.config.annotation.web.reactive.EnableWebFluxSecurity' (OnClassCondition)

   ReactiveSecurityAutoConfiguration:
      Did not match:
         - @ConditionalOnClass did not find required class 'reactor.core.publisher.Flux' (OnClassCondition)

   ReactiveUserDetailsServiceAutoConfiguration:
      Did not match:
         - @ConditionalOnClass did not find required class 'org.springframework.security.authentication.ReactiveAuthenticationManager' (OnClassCondition)

   ReactiveWebServerFactoryAutoConfiguration:
      Did not match:
         - @ConditionalOnWebApplication did not find reactive web application classes (OnWebApplicationCondition)

   RedisAutoConfiguration:
      Did not match:
         - @ConditionalOnClass did not find required class 'org.springframework.data.redis.core.RedisOperations' (OnClassCondition)

   RedisCacheConfiguration:
      Did not match:
         - @ConditionalOnClass did not find required class 'org.springframework.data.redis.connection.RedisConnectionFactory' (OnClassCondition)

   RedisReactiveAutoConfiguration:
      Did not match:
         - @ConditionalOnClass did not find required class 'reactor.core.publisher.Flux' (OnClassCondition)

   RedisRepositoriesAutoConfiguration:
      Did not match:
         - @ConditionalOnClass did not find required class 'org.springframework.data.redis.repository.configuration.EnableRedisRepositories' (OnClassCondition)

   RepositoryRestMvcAutoConfiguration:
      Did not match:
         - @ConditionalOnClass did not find required class 'org.springframework.data.rest.webmvc.config.RepositoryRestMvcConfiguration' (OnClassCondition)

   Saml2RelyingPartyAutoConfiguration:
      Did not match:
         - @ConditionalOnClass did not find required class 'org.springframework.security.saml2.provider.service.registration.RelyingPartyRegistrationRepository' (OnClassCondition)

   SecurityAutoConfiguration:
      Did not match:
         - @ConditionalOnClass did not find required class 'org.springframework.security.authentication.DefaultAuthenticationEventPublisher' (OnClassCondition)

   SecurityFilterAutoConfiguration:
      Did not match:
         - @ConditionalOnClass did not find required class 'org.springframework.security.config.http.SessionCreationPolicy' (OnClassCondition)

   SendGridAutoConfiguration:
      Did not match:
         - @ConditionalOnClass did not find required class 'com.sendgrid.SendGrid' (OnClassCondition)

   ServletWebServerFactoryAutoConfiguration#forwardedHeaderFilter:
      Did not match:
         - @ConditionalOnProperty (server.forward-headers-strategy=framework) did not find property 'server.forward-headers-strategy' (OnPropertyCondition)

   ServletWebServerFactoryConfiguration.EmbeddedJetty:
      Did not match:
         - @ConditionalOnClass did not find required classes 'org.eclipse.jetty.server.Server', 'org.eclipse.jetty.util.Loader', 'org.eclipse.jetty.webapp.WebAppContext' (OnClassCondition)

   ServletWebServerFactoryConfiguration.EmbeddedUndertow:
      Did not match:
         - @ConditionalOnClass did not find required classes 'io.undertow.Undertow', 'org.xnio.SslClientAuthMode' (OnClassCondition)

   SessionAutoConfiguration:
      Did not match:
         - @ConditionalOnClass did not find required class 'org.springframework.session.Session' (OnClassCondition)

   SolrAutoConfiguration:
      Did not match:
         - @ConditionalOnClass did not find required class 'org.apache.solr.client.solrj.impl.CloudSolrClient' (OnClassCondition)

   SpringApplicationAdminJmxAutoConfiguration:
      Did not match:
         - @ConditionalOnProperty (spring.application.admin.enabled=true) did not find property 'enabled' (OnPropertyCondition)

   TaskSchedulingAutoConfiguration#taskScheduler:
      Did not match:
         - @ConditionalOnBean (names: org.springframework.context.annotation.internalScheduledAnnotationProcessor; SearchStrategy: all) did not find any beans named org.springframework.context.annotation.internalScheduledAnnotationProcessor (OnBeanCondition)

   ThymeleafAutoConfiguration:
      Did not match:
         - @ConditionalOnClass did not find required class 'org.thymeleaf.spring5.SpringTemplateEngine' (OnClassCondition)

   TransactionAutoConfiguration#transactionalOperator:
      Did not match:
         - @ConditionalOnSingleCandidate (types: org.springframework.transaction.ReactiveTransactionManager; SearchStrategy: all) did not find any beans (OnBeanCondition)

   TransactionAutoConfiguration.EnableTransactionManagementConfiguration.JdkDynamicAutoProxyConfiguration:
      Did not match:
         - @ConditionalOnProperty (spring.aop.proxy-target-class=false) did not find property 'proxy-target-class' (OnPropertyCondition)

   UserDetailsServiceAutoConfiguration:
      Did not match:
         - @ConditionalOnClass did not find required class 'org.springframework.security.authentication.AuthenticationManager' (OnClassCondition)

   ValidationAutoConfiguration:
      Did not match:
         - @ConditionalOnClass did not find required class 'javax.validation.executable.ExecutableValidator' (OnClassCondition)

   WebClientAutoConfiguration:
      Did not match:
         - @ConditionalOnClass did not find required class 'org.springframework.web.reactive.function.client.WebClient' (OnClassCondition)

   WebFluxAutoConfiguration:
      Did not match:
         - @ConditionalOnClass did not find required class 'org.springframework.web.reactive.config.WebFluxConfigurer' (OnClassCondition)

   WebMvcAutoConfiguration#hiddenHttpMethodFilter:
      Did not match:
         - @ConditionalOnProperty (spring.mvc.hiddenmethod.filter.enabled) did not find property 'enabled' (OnPropertyCondition)

   WebMvcAutoConfiguration.ResourceChainCustomizerConfiguration:
      Did not match:
         - @ConditionalOnEnabledResourceChain did not find class org.webjars.WebJarAssetLocator (OnEnabledResourceChainCondition)

   WebMvcAutoConfiguration.WebMvcAutoConfigurationAdapter#beanNameViewResolver:
      Did not match:
         - @ConditionalOnMissingBean (types: org.springframework.web.servlet.view.BeanNameViewResolver; SearchStrategy: all) found beans of type 'org.springframework.web.servlet.view.BeanNameViewResolver' beanNameViewResolver (OnBeanCondition)

   WebServiceTemplateAutoConfiguration:
      Did not match:
         - @ConditionalOnClass did not find required class 'org.springframework.oxm.Marshaller' (OnClassCondition)

   WebServicesAutoConfiguration:
      Did not match:
         - @ConditionalOnClass did not find required class 'org.springframework.ws.transport.http.MessageDispatcherServlet' (OnClassCondition)

   WebSessionIdResolverAutoConfiguration:
      Did not match:
         - @ConditionalOnClass did not find required class 'reactor.core.publisher.Mono' (OnClassCondition)

   WebSocketMessagingAutoConfiguration:
      Did not match:
         - @ConditionalOnClass did not find required class 'org.springframework.web.socket.config.annotation.WebSocketMessageBrokerConfigurer' (OnClassCondition)

   WebSocketReactiveAutoConfiguration:
      Did not match:
         - @ConditionalOnWebApplication did not find reactive web application classes (OnWebApplicationCondition)

   WebSocketServletAutoConfiguration.Jetty10WebSocketConfiguration:
      Did not match:
         - @ConditionalOnClass did not find required classes 'org.eclipse.jetty.websocket.javax.server.internal.JavaxWebSocketServerContainer', 'org.eclipse.jetty.websocket.server.JettyWebSocketServerContainer' (OnClassCondition)

   WebSocketServletAutoConfiguration.JettyWebSocketConfiguration:
      Did not match:
         - @ConditionalOnClass did not find required class 'org.eclipse.jetty.websocket.jsr356.server.deploy.WebSocketServerContainerInitializer' (OnClassCondition)

   WebSocketServletAutoConfiguration.UndertowWebSocketConfiguration:
      Did not match:
         - @ConditionalOnClass did not find required class 'io.undertow.websockets.jsr.Bootstrap' (OnClassCondition)

   XADataSourceAutoConfiguration:
      Did not match:
         - @ConditionalOnBean (types: org.springframework.boot.jdbc.XADataSourceWrapper; SearchStrategy: all) did not find any beans of type org.springframework.boot.jdbc.XADataSourceWrapper (OnBeanCondition)
      Matched:
         - @ConditionalOnClass found required classes 'javax.sql.DataSource', 'javax.transaction.TransactionManager', 'org.springframework.jdbc.datasource.embedded.EmbeddedDatabaseType' (OnClassCondition)


Exclusions:
-----------

    None


Unconditional classes:
----------------------

    org.springframework.boot.autoconfigure.context.ConfigurationPropertiesAutoConfiguration

    org.springframework.boot.autoconfigure.context.LifecycleAutoConfiguration

    org.springframework.boot.autoconfigure.context.PropertyPlaceholderAutoConfiguration

    org.springframework.boot.autoconfigure.availability.ApplicationAvailabilityAutoConfiguration

    org.springframework.boot.autoconfigure.info.ProjectInfoAutoConfiguration



educationSystem 2022-01-13 13:55:35.173 [,] [Test worker] INFO b.a.e.EducationSystemApplicationTests - Started EducationSystemApplicationTests in 5.426 seconds (JVM running for 6.483)
educationSystem 2022-01-13 13:55:35.178 [,] [Test worker] DEBUG o.s.b.a.ApplicationAvailabilityBean - Application availability state LivenessState changed to CORRECT
educationSystem 2022-01-13 13:55:35.180 [,] [Test worker] DEBUG o.s.b.a.ApplicationAvailabilityBean - Application availability state ReadinessState changed to ACCEPTING_TRAFFIC
educationSystem 2022-01-13 13:55:35.180 [,] [Test worker] DEBUG o.s.t.c.c.DefaultCacheAwareContextLoaderDelegate - Storing ApplicationContext [1723848804] in cache under key [[WebMergedContextConfiguration@297ea53a testClass = EducationSystemApplicationTests, locations = '{}', classes = '{class by.akimova.educationSystem.EducationSystemApplication}', contextInitializerClasses = '[]', activeProfiles = '{}', propertySourceLocations = '{}', propertySourceProperties = '{org.springframework.boot.test.context.SpringBootTestContextBootstrapper=true}', contextCustomizers = set[org.springframework.boot.test.autoconfigure.actuate.metrics.MetricsExportContextCustomizerFactory$DisableMetricExportContextCustomizer@336f1079, org.springframework.boot.test.autoconfigure.properties.PropertyMappingContextCustomizer@0, org.springframework.boot.test.autoconfigure.web.servlet.WebDriverContextCustomizerFactory$Customizer@40db2a24, org.springframework.boot.test.context.filter.ExcludeFilterContextCustomizer@7f132176, org.springframework.boot.test.json.DuplicateJsonObjectContextCustomizerFactory$DuplicateJsonObjectContextCustomizer@6ed3f258, org.springframework.boot.test.mock.mockito.MockitoContextCustomizer@0, org.springframework.boot.test.web.client.TestRestTemplateContextCustomizer@53de625d, org.springframework.boot.test.context.SpringBootTestArgs@1, org.springframework.boot.test.context.SpringBootTestWebEnvironment@31e5415e], resourceBasePath = 'src/main/webapp', contextLoader = 'org.springframework.boot.test.context.SpringBootContextLoader', parent = [null]]]
educationSystem 2022-01-13 13:55:35.181 [,] [Test worker] DEBUG o.springframework.test.context.cache - Spring test ApplicationContext cache statistics: [DefaultContextCache@28468162 size = 1, maxSize = 32, parentContextCount = 0, hitCount = 0, missCount = 1]
educationSystem 2022-01-13 13:55:35.183 [,] [Test worker] DEBUG o.s.t.c.w.ServletTestExecutionListener - Setting up MockHttpServletRequest, MockHttpServletResponse, ServletWebRequest, and RequestContextHolder for test context [DefaultTestContext@132ddbab testClass = EducationSystemApplicationTests, testInstance = by.akimova.educationSystem.EducationSystemApplicationTests@21262bde, testMethod = [null], testException = [null], mergedContextConfiguration = [WebMergedContextConfiguration@297ea53a testClass = EducationSystemApplicationTests, locations = '{}', classes = '{class by.akimova.educationSystem.EducationSystemApplication}', contextInitializerClasses = '[]', activeProfiles = '{}', propertySourceLocations = '{}', propertySourceProperties = '{org.springframework.boot.test.context.SpringBootTestContextBootstrapper=true}', contextCustomizers = set[org.springframework.boot.test.autoconfigure.actuate.metrics.MetricsExportContextCustomizerFactory$DisableMetricExportContextCustomizer@336f1079, org.springframework.boot.test.autoconfigure.properties.PropertyMappingContextCustomizer@0, org.springframework.boot.test.autoconfigure.web.servlet.WebDriverContextCustomizerFactory$Customizer@40db2a24, org.springframework.boot.test.context.filter.ExcludeFilterContextCustomizer@7f132176, org.springframework.boot.test.json.DuplicateJsonObjectContextCustomizerFactory$DuplicateJsonObjectContextCustomizer@6ed3f258, org.springframework.boot.test.mock.mockito.MockitoContextCustomizer@0, org.springframework.boot.test.web.client.TestRestTemplateContextCustomizer@53de625d, org.springframework.boot.test.context.SpringBootTestArgs@1, org.springframework.boot.test.context.SpringBootTestWebEnvironment@31e5415e], resourceBasePath = 'src/main/webapp', contextLoader = 'org.springframework.boot.test.context.SpringBootContextLoader', parent = [null]], attributes = map['org.springframework.test.context.web.ServletTestExecutionListener.activateListener' -> true]].
educationSystem 2022-01-13 13:55:35.203 [,] [Test worker] DEBUG o.s.t.c.s.DependencyInjectionTestExecutionListener - Performing dependency injection for test context [[DefaultTestContext@132ddbab testClass = EducationSystemApplicationTests, testInstance = by.akimova.educationSystem.EducationSystemApplicationTests@21262bde, testMethod = [null], testException = [null], mergedContextConfiguration = [WebMergedContextConfiguration@297ea53a testClass = EducationSystemApplicationTests, locations = '{}', classes = '{class by.akimova.educationSystem.EducationSystemApplication}', contextInitializerClasses = '[]', activeProfiles = '{}', propertySourceLocations = '{}', propertySourceProperties = '{org.springframework.boot.test.context.SpringBootTestContextBootstrapper=true}', contextCustomizers = set[org.springframework.boot.test.autoconfigure.actuate.metrics.MetricsExportContextCustomizerFactory$DisableMetricExportContextCustomizer@336f1079, org.springframework.boot.test.autoconfigure.properties.PropertyMappingContextCustomizer@0, org.springframework.boot.test.autoconfigure.web.servlet.WebDriverContextCustomizerFactory$Customizer@40db2a24, org.springframework.boot.test.context.filter.ExcludeFilterContextCustomizer@7f132176, org.springframework.boot.test.json.DuplicateJsonObjectContextCustomizerFactory$DuplicateJsonObjectContextCustomizer@6ed3f258, org.springframework.boot.test.mock.mockito.MockitoContextCustomizer@0, org.springframework.boot.test.web.client.TestRestTemplateContextCustomizer@53de625d, org.springframework.boot.test.context.SpringBootTestArgs@1, org.springframework.boot.test.context.SpringBootTestWebEnvironment@31e5415e], resourceBasePath = 'src/main/webapp', contextLoader = 'org.springframework.boot.test.context.SpringBootContextLoader', parent = [null]], attributes = map['org.springframework.test.context.web.ServletTestExecutionListener.activateListener' -> true, 'org.springframework.test.context.web.ServletTestExecutionListener.populatedRequestContextHolder' -> true, 'org.springframework.test.context.web.ServletTestExecutionListener.resetRequestContextHolder' -> true, 'org.springframework.test.context.event.ApplicationEventsTestExecutionListener.recordApplicationEvents' -> false]]].
educationSystem 2022-01-13 13:55:35.204 [,] [Test worker] DEBUG o.s.t.c.c.DefaultCacheAwareContextLoaderDelegate - Retrieved ApplicationContext [1723848804] from cache with key [[WebMergedContextConfiguration@297ea53a testClass = EducationSystemApplicationTests, locations = '{}', classes = '{class by.akimova.educationSystem.EducationSystemApplication}', contextInitializerClasses = '[]', activeProfiles = '{}', propertySourceLocations = '{}', propertySourceProperties = '{org.springframework.boot.test.context.SpringBootTestContextBootstrapper=true}', contextCustomizers = set[org.springframework.boot.test.autoconfigure.actuate.metrics.MetricsExportContextCustomizerFactory$DisableMetricExportContextCustomizer@336f1079, org.springframework.boot.test.autoconfigure.properties.PropertyMappingContextCustomizer@0, org.springframework.boot.test.autoconfigure.web.servlet.WebDriverContextCustomizerFactory$Customizer@40db2a24, org.springframework.boot.test.context.filter.ExcludeFilterContextCustomizer@7f132176, org.springframework.boot.test.json.DuplicateJsonObjectContextCustomizerFactory$DuplicateJsonObjectContextCustomizer@6ed3f258, org.springframework.boot.test.mock.mockito.MockitoContextCustomizer@0, org.springframework.boot.test.web.client.TestRestTemplateContextCustomizer@53de625d, org.springframework.boot.test.context.SpringBootTestArgs@1, org.springframework.boot.test.context.SpringBootTestWebEnvironment@31e5415e], resourceBasePath = 'src/main/webapp', contextLoader = 'org.springframework.boot.test.context.SpringBootContextLoader', parent = [null]]]
educationSystem 2022-01-13 13:55:35.204 [,] [Test worker] DEBUG o.springframework.test.context.cache - Spring test ApplicationContext cache statistics: [DefaultContextCache@28468162 size = 1, maxSize = 32, parentContextCount = 0, hitCount = 1, missCount = 1]
educationSystem 2022-01-13 13:55:35.207 [,] [Test worker] DEBUG o.s.t.c.c.DefaultCacheAwareContextLoaderDelegate - Retrieved ApplicationContext [1723848804] from cache with key [[WebMergedContextConfiguration@297ea53a testClass = EducationSystemApplicationTests, locations = '{}', classes = '{class by.akimova.educationSystem.EducationSystemApplication}', contextInitializerClasses = '[]', activeProfiles = '{}', propertySourceLocations = '{}', propertySourceProperties = '{org.springframework.boot.test.context.SpringBootTestContextBootstrapper=true}', contextCustomizers = set[org.springframework.boot.test.autoconfigure.actuate.metrics.MetricsExportContextCustomizerFactory$DisableMetricExportContextCustomizer@336f1079, org.springframework.boot.test.autoconfigure.properties.PropertyMappingContextCustomizer@0, org.springframework.boot.test.autoconfigure.web.servlet.WebDriverContextCustomizerFactory$Customizer@40db2a24, org.springframework.boot.test.context.filter.ExcludeFilterContextCustomizer@7f132176, org.springframework.boot.test.json.DuplicateJsonObjectContextCustomizerFactory$DuplicateJsonObjectContextCustomizer@6ed3f258, org.springframework.boot.test.mock.mockito.MockitoContextCustomizer@0, org.springframework.boot.test.web.client.TestRestTemplateContextCustomizer@53de625d, org.springframework.boot.test.context.SpringBootTestArgs@1, org.springframework.boot.test.context.SpringBootTestWebEnvironment@31e5415e], resourceBasePath = 'src/main/webapp', contextLoader = 'org.springframework.boot.test.context.SpringBootContextLoader', parent = [null]]]
educationSystem 2022-01-13 13:55:35.207 [,] [Test worker] DEBUG o.springframework.test.context.cache - Spring test ApplicationContext cache statistics: [DefaultContextCache@28468162 size = 1, maxSize = 32, parentContextCount = 0, hitCount = 2, missCount = 1]
educationSystem 2022-01-13 13:55:35.212 [,] [Test worker] DEBUG o.s.t.c.s.AbstractDirtiesContextTestExecutionListener - Before test method: context [DefaultTestContext@132ddbab testClass = EducationSystemApplicationTests, testInstance = by.akimova.educationSystem.EducationSystemApplicationTests@21262bde, testMethod = contextLoads@EducationSystemApplicationTests, testException = [null], mergedContextConfiguration = [WebMergedContextConfiguration@297ea53a testClass = EducationSystemApplicationTests, locations = '{}', classes = '{class by.akimova.educationSystem.EducationSystemApplication}', contextInitializerClasses = '[]', activeProfiles = '{}', propertySourceLocations = '{}', propertySourceProperties = '{org.springframework.boot.test.context.SpringBootTestContextBootstrapper=true}', contextCustomizers = set[org.springframework.boot.test.autoconfigure.actuate.metrics.MetricsExportContextCustomizerFactory$DisableMetricExportContextCustomizer@336f1079, org.springframework.boot.test.autoconfigure.properties.PropertyMappingContextCustomizer@0, org.springframework.boot.test.autoconfigure.web.servlet.WebDriverContextCustomizerFactory$Customizer@40db2a24, org.springframework.boot.test.context.filter.ExcludeFilterContextCustomizer@7f132176, org.springframework.boot.test.json.DuplicateJsonObjectContextCustomizerFactory$DuplicateJsonObjectContextCustomizer@6ed3f258, org.springframework.boot.test.mock.mockito.MockitoContextCustomizer@0, org.springframework.boot.test.web.client.TestRestTemplateContextCustomizer@53de625d, org.springframework.boot.test.context.SpringBootTestArgs@1, org.springframework.boot.test.context.SpringBootTestWebEnvironment@31e5415e], resourceBasePath = 'src/main/webapp', contextLoader = 'org.springframework.boot.test.context.SpringBootContextLoader', parent = [null]], attributes = map['org.springframework.test.context.web.ServletTestExecutionListener.activateListener' -> true, 'org.springframework.test.context.web.ServletTestExecutionListener.populatedRequestContextHolder' -> true, 'org.springframework.test.context.web.ServletTestExecutionListener.resetRequestContextHolder' -> true, 'org.springframework.test.context.event.ApplicationEventsTestExecutionListener.recordApplicationEvents' -> false]], class annotated with @DirtiesContext [false] with mode [null], method annotated with @DirtiesContext [false] with mode [null].
educationSystem 2022-01-13 13:55:35.216 [,] [Test worker] DEBUG o.s.t.c.c.DefaultCacheAwareContextLoaderDelegate - Retrieved ApplicationContext [1723848804] from cache with key [[WebMergedContextConfiguration@297ea53a testClass = EducationSystemApplicationTests, locations = '{}', classes = '{class by.akimova.educationSystem.EducationSystemApplication}', contextInitializerClasses = '[]', activeProfiles = '{}', propertySourceLocations = '{}', propertySourceProperties = '{org.springframework.boot.test.context.SpringBootTestContextBootstrapper=true}', contextCustomizers = set[org.springframework.boot.test.autoconfigure.actuate.metrics.MetricsExportContextCustomizerFactory$DisableMetricExportContextCustomizer@336f1079, org.springframework.boot.test.autoconfigure.properties.PropertyMappingContextCustomizer@0, org.springframework.boot.test.autoconfigure.web.servlet.WebDriverContextCustomizerFactory$Customizer@40db2a24, org.springframework.boot.test.context.filter.ExcludeFilterContextCustomizer@7f132176, org.springframework.boot.test.json.DuplicateJsonObjectContextCustomizerFactory$DuplicateJsonObjectContextCustomizer@6ed3f258, org.springframework.boot.test.mock.mockito.MockitoContextCustomizer@0, org.springframework.boot.test.web.client.TestRestTemplateContextCustomizer@53de625d, org.springframework.boot.test.context.SpringBootTestArgs@1, org.springframework.boot.test.context.SpringBootTestWebEnvironment@31e5415e], resourceBasePath = 'src/main/webapp', contextLoader = 'org.springframework.boot.test.context.SpringBootContextLoader', parent = [null]]]
educationSystem 2022-01-13 13:55:35.216 [,] [Test worker] DEBUG o.springframework.test.context.cache - Spring test ApplicationContext cache statistics: [DefaultContextCache@28468162 size = 1, maxSize = 32, parentContextCount = 0, hitCount = 3, missCount = 1]
educationSystem 2022-01-13 13:55:35.218 [,] [Test worker] DEBUG o.s.t.c.c.DefaultCacheAwareContextLoaderDelegate - Retrieved ApplicationContext [1723848804] from cache with key [[WebMergedContextConfiguration@297ea53a testClass = EducationSystemApplicationTests, locations = '{}', classes = '{class by.akimova.educationSystem.EducationSystemApplication}', contextInitializerClasses = '[]', activeProfiles = '{}', propertySourceLocations = '{}', propertySourceProperties = '{org.springframework.boot.test.context.SpringBootTestContextBootstrapper=true}', contextCustomizers = set[org.springframework.boot.test.autoconfigure.actuate.metrics.MetricsExportContextCustomizerFactory$DisableMetricExportContextCustomizer@336f1079, org.springframework.boot.test.autoconfigure.properties.PropertyMappingContextCustomizer@0, org.springframework.boot.test.autoconfigure.web.servlet.WebDriverContextCustomizerFactory$Customizer@40db2a24, org.springframework.boot.test.context.filter.ExcludeFilterContextCustomizer@7f132176, org.springframework.boot.test.json.DuplicateJsonObjectContextCustomizerFactory$DuplicateJsonObjectContextCustomizer@6ed3f258, org.springframework.boot.test.mock.mockito.MockitoContextCustomizer@0, org.springframework.boot.test.web.client.TestRestTemplateContextCustomizer@53de625d, org.springframework.boot.test.context.SpringBootTestArgs@1, org.springframework.boot.test.context.SpringBootTestWebEnvironment@31e5415e], resourceBasePath = 'src/main/webapp', contextLoader = 'org.springframework.boot.test.context.SpringBootContextLoader', parent = [null]]]
educationSystem 2022-01-13 13:55:35.218 [,] [Test worker] DEBUG o.springframework.test.context.cache - Spring test ApplicationContext cache statistics: [DefaultContextCache@28468162 size = 1, maxSize = 32, parentContextCount = 0, hitCount = 4, missCount = 1]
educationSystem 2022-01-13 13:55:35.495 [,] [Test worker] DEBUG o.s.t.c.c.DefaultCacheAwareContextLoaderDelegate - Retrieved ApplicationContext [1723848804] from cache with key [[WebMergedContextConfiguration@297ea53a testClass = EducationSystemApplicationTests, locations = '{}', classes = '{class by.akimova.educationSystem.EducationSystemApplication}', contextInitializerClasses = '[]', activeProfiles = '{}', propertySourceLocations = '{}', propertySourceProperties = '{org.springframework.boot.test.context.SpringBootTestContextBootstrapper=true}', contextCustomizers = set[org.springframework.boot.test.autoconfigure.actuate.metrics.MetricsExportContextCustomizerFactory$DisableMetricExportContextCustomizer@336f1079, org.springframework.boot.test.autoconfigure.properties.PropertyMappingContextCustomizer@0, org.springframework.boot.test.autoconfigure.web.servlet.WebDriverContextCustomizerFactory$Customizer@40db2a24, org.springframework.boot.test.context.filter.ExcludeFilterContextCustomizer@7f132176, org.springframework.boot.test.json.DuplicateJsonObjectContextCustomizerFactory$DuplicateJsonObjectContextCustomizer@6ed3f258, org.springframework.boot.test.mock.mockito.MockitoContextCustomizer@0, org.springframework.boot.test.web.client.TestRestTemplateContextCustomizer@53de625d, org.springframework.boot.test.context.SpringBootTestArgs@1, org.springframework.boot.test.context.SpringBootTestWebEnvironment@31e5415e], resourceBasePath = 'src/main/webapp', contextLoader = 'org.springframework.boot.test.context.SpringBootContextLoader', parent = [null]]]
educationSystem 2022-01-13 13:55:35.495 [,] [Test worker] DEBUG o.springframework.test.context.cache - Spring test ApplicationContext cache statistics: [DefaultContextCache@28468162 size = 1, maxSize = 32, parentContextCount = 0, hitCount = 5, missCount = 1]
educationSystem 2022-01-13 13:55:35.503 [,] [Test worker] DEBUG o.s.t.c.c.DefaultCacheAwareContextLoaderDelegate - Retrieved ApplicationContext [1723848804] from cache with key [[WebMergedContextConfiguration@297ea53a testClass = EducationSystemApplicationTests, locations = '{}', classes = '{class by.akimova.educationSystem.EducationSystemApplication}', contextInitializerClasses = '[]', activeProfiles = '{}', propertySourceLocations = '{}', propertySourceProperties = '{org.springframework.boot.test.context.SpringBootTestContextBootstrapper=true}', contextCustomizers = set[org.springframework.boot.test.autoconfigure.actuate.metrics.MetricsExportContextCustomizerFactory$DisableMetricExportContextCustomizer@336f1079, org.springframework.boot.test.autoconfigure.properties.PropertyMappingContextCustomizer@0, org.springframework.boot.test.autoconfigure.web.servlet.WebDriverContextCustomizerFactory$Customizer@40db2a24, org.springframework.boot.test.context.filter.ExcludeFilterContextCustomizer@7f132176, org.springframework.boot.test.json.DuplicateJsonObjectContextCustomizerFactory$DuplicateJsonObjectContextCustomizer@6ed3f258, org.springframework.boot.test.mock.mockito.MockitoContextCustomizer@0, org.springframework.boot.test.web.client.TestRestTemplateContextCustomizer@53de625d, org.springframework.boot.test.context.SpringBootTestArgs@1, org.springframework.boot.test.context.SpringBootTestWebEnvironment@31e5415e], resourceBasePath = 'src/main/webapp', contextLoader = 'org.springframework.boot.test.context.SpringBootContextLoader', parent = [null]]]
educationSystem 2022-01-13 13:55:35.504 [,] [Test worker] DEBUG o.springframework.test.context.cache - Spring test ApplicationContext cache statistics: [DefaultContextCache@28468162 size = 1, maxSize = 32, parentContextCount = 0, hitCount = 6, missCount = 1]
educationSystem 2022-01-13 13:55:35.506 [,] [Test worker] DEBUG o.s.t.c.c.DefaultCacheAwareContextLoaderDelegate - Retrieved ApplicationContext [1723848804] from cache with key [[WebMergedContextConfiguration@297ea53a testClass = EducationSystemApplicationTests, locations = '{}', classes = '{class by.akimova.educationSystem.EducationSystemApplication}', contextInitializerClasses = '[]', activeProfiles = '{}', propertySourceLocations = '{}', propertySourceProperties = '{org.springframework.boot.test.context.SpringBootTestContextBootstrapper=true}', contextCustomizers = set[org.springframework.boot.test.autoconfigure.actuate.metrics.MetricsExportContextCustomizerFactory$DisableMetricExportContextCustomizer@336f1079, org.springframework.boot.test.autoconfigure.properties.PropertyMappingContextCustomizer@0, org.springframework.boot.test.autoconfigure.web.servlet.WebDriverContextCustomizerFactory$Customizer@40db2a24, org.springframework.boot.test.context.filter.ExcludeFilterContextCustomizer@7f132176, org.springframework.boot.test.json.DuplicateJsonObjectContextCustomizerFactory$DuplicateJsonObjectContextCustomizer@6ed3f258, org.springframework.boot.test.mock.mockito.MockitoContextCustomizer@0, org.springframework.boot.test.web.client.TestRestTemplateContextCustomizer@53de625d, org.springframework.boot.test.context.SpringBootTestArgs@1, org.springframework.boot.test.context.SpringBootTestWebEnvironment@31e5415e], resourceBasePath = 'src/main/webapp', contextLoader = 'org.springframework.boot.test.context.SpringBootContextLoader', parent = [null]]]
educationSystem 2022-01-13 13:55:35.506 [,] [Test worker] DEBUG o.springframework.test.context.cache - Spring test ApplicationContext cache statistics: [DefaultContextCache@28468162 size = 1, maxSize = 32, parentContextCount = 0, hitCount = 7, missCount = 1]
educationSystem 2022-01-13 13:55:35.508 [,] [Test worker] DEBUG o.s.t.c.c.DefaultCacheAwareContextLoaderDelegate - Retrieved ApplicationContext [1723848804] from cache with key [[WebMergedContextConfiguration@297ea53a testClass = EducationSystemApplicationTests, locations = '{}', classes = '{class by.akimova.educationSystem.EducationSystemApplication}', contextInitializerClasses = '[]', activeProfiles = '{}', propertySourceLocations = '{}', propertySourceProperties = '{org.springframework.boot.test.context.SpringBootTestContextBootstrapper=true}', contextCustomizers = set[org.springframework.boot.test.autoconfigure.actuate.metrics.MetricsExportContextCustomizerFactory$DisableMetricExportContextCustomizer@336f1079, org.springframework.boot.test.autoconfigure.properties.PropertyMappingContextCustomizer@0, org.springframework.boot.test.autoconfigure.web.servlet.WebDriverContextCustomizerFactory$Customizer@40db2a24, org.springframework.boot.test.context.filter.ExcludeFilterContextCustomizer@7f132176, org.springframework.boot.test.json.DuplicateJsonObjectContextCustomizerFactory$DuplicateJsonObjectContextCustomizer@6ed3f258, org.springframework.boot.test.mock.mockito.MockitoContextCustomizer@0, org.springframework.boot.test.web.client.TestRestTemplateContextCustomizer@53de625d, org.springframework.boot.test.context.SpringBootTestArgs@1, org.springframework.boot.test.context.SpringBootTestWebEnvironment@31e5415e], resourceBasePath = 'src/main/webapp', contextLoader = 'org.springframework.boot.test.context.SpringBootContextLoader', parent = [null]]]
educationSystem 2022-01-13 13:55:35.508 [,] [Test worker] DEBUG o.springframework.test.context.cache - Spring test ApplicationContext cache statistics: [DefaultContextCache@28468162 size = 1, maxSize = 32, parentContextCount = 0, hitCount = 8, missCount = 1]
educationSystem 2022-01-13 13:55:35.508 [,] [Test worker] DEBUG o.s.t.c.c.DefaultCacheAwareContextLoaderDelegate - Retrieved ApplicationContext [1723848804] from cache with key [[WebMergedContextConfiguration@297ea53a testClass = EducationSystemApplicationTests, locations = '{}', classes = '{class by.akimova.educationSystem.EducationSystemApplication}', contextInitializerClasses = '[]', activeProfiles = '{}', propertySourceLocations = '{}', propertySourceProperties = '{org.springframework.boot.test.context.SpringBootTestContextBootstrapper=true}', contextCustomizers = set[org.springframework.boot.test.autoconfigure.actuate.metrics.MetricsExportContextCustomizerFactory$DisableMetricExportContextCustomizer@336f1079, org.springframework.boot.test.autoconfigure.properties.PropertyMappingContextCustomizer@0, org.springframework.boot.test.autoconfigure.web.servlet.WebDriverContextCustomizerFactory$Customizer@40db2a24, org.springframework.boot.test.context.filter.ExcludeFilterContextCustomizer@7f132176, org.springframework.boot.test.json.DuplicateJsonObjectContextCustomizerFactory$DuplicateJsonObjectContextCustomizer@6ed3f258, org.springframework.boot.test.mock.mockito.MockitoContextCustomizer@0, org.springframework.boot.test.web.client.TestRestTemplateContextCustomizer@53de625d, org.springframework.boot.test.context.SpringBootTestArgs@1, org.springframework.boot.test.context.SpringBootTestWebEnvironment@31e5415e], resourceBasePath = 'src/main/webapp', contextLoader = 'org.springframework.boot.test.context.SpringBootContextLoader', parent = [null]]]
educationSystem 2022-01-13 13:55:35.508 [,] [Test worker] DEBUG o.springframework.test.context.cache - Spring test ApplicationContext cache statistics: [DefaultContextCache@28468162 size = 1, maxSize = 32, parentContextCount = 0, hitCount = 9, missCount = 1]
educationSystem 2022-01-13 13:55:35.510 [,] [Test worker] DEBUG o.s.t.c.c.DefaultCacheAwareContextLoaderDelegate - Retrieved ApplicationContext [1723848804] from cache with key [[WebMergedContextConfiguration@297ea53a testClass = EducationSystemApplicationTests, locations = '{}', classes = '{class by.akimova.educationSystem.EducationSystemApplication}', contextInitializerClasses = '[]', activeProfiles = '{}', propertySourceLocations = '{}', propertySourceProperties = '{org.springframework.boot.test.context.SpringBootTestContextBootstrapper=true}', contextCustomizers = set[org.springframework.boot.test.autoconfigure.actuate.metrics.MetricsExportContextCustomizerFactory$DisableMetricExportContextCustomizer@336f1079, org.springframework.boot.test.autoconfigure.properties.PropertyMappingContextCustomizer@0, org.springframework.boot.test.autoconfigure.web.servlet.WebDriverContextCustomizerFactory$Customizer@40db2a24, org.springframework.boot.test.context.filter.ExcludeFilterContextCustomizer@7f132176, org.springframework.boot.test.json.DuplicateJsonObjectContextCustomizerFactory$DuplicateJsonObjectContextCustomizer@6ed3f258, org.springframework.boot.test.mock.mockito.MockitoContextCustomizer@0, org.springframework.boot.test.web.client.TestRestTemplateContextCustomizer@53de625d, org.springframework.boot.test.context.SpringBootTestArgs@1, org.springframework.boot.test.context.SpringBootTestWebEnvironment@31e5415e], resourceBasePath = 'src/main/webapp', contextLoader = 'org.springframework.boot.test.context.SpringBootContextLoader', parent = [null]]]
educationSystem 2022-01-13 13:55:35.510 [,] [Test worker] DEBUG o.springframework.test.context.cache - Spring test ApplicationContext cache statistics: [DefaultContextCache@28468162 size = 1, maxSize = 32, parentContextCount = 0, hitCount = 10, missCount = 1]
educationSystem 2022-01-13 13:55:35.513 [,] [Test worker] DEBUG o.s.t.c.c.DefaultCacheAwareContextLoaderDelegate - Retrieved ApplicationContext [1723848804] from cache with key [[WebMergedContextConfiguration@297ea53a testClass = EducationSystemApplicationTests, locations = '{}', classes = '{class by.akimova.educationSystem.EducationSystemApplication}', contextInitializerClasses = '[]', activeProfiles = '{}', propertySourceLocations = '{}', propertySourceProperties = '{org.springframework.boot.test.context.SpringBootTestContextBootstrapper=true}', contextCustomizers = set[org.springframework.boot.test.autoconfigure.actuate.metrics.MetricsExportContextCustomizerFactory$DisableMetricExportContextCustomizer@336f1079, org.springframework.boot.test.autoconfigure.properties.PropertyMappingContextCustomizer@0, org.springframework.boot.test.autoconfigure.web.servlet.WebDriverContextCustomizerFactory$Customizer@40db2a24, org.springframework.boot.test.context.filter.ExcludeFilterContextCustomizer@7f132176, org.springframework.boot.test.json.DuplicateJsonObjectContextCustomizerFactory$DuplicateJsonObjectContextCustomizer@6ed3f258, org.springframework.boot.test.mock.mockito.MockitoContextCustomizer@0, org.springframework.boot.test.web.client.TestRestTemplateContextCustomizer@53de625d, org.springframework.boot.test.context.SpringBootTestArgs@1, org.springframework.boot.test.context.SpringBootTestWebEnvironment@31e5415e], resourceBasePath = 'src/main/webapp', contextLoader = 'org.springframework.boot.test.context.SpringBootContextLoader', parent = [null]]]
educationSystem 2022-01-13 13:55:35.513 [,] [Test worker] DEBUG o.springframework.test.context.cache - Spring test ApplicationContext cache statistics: [DefaultContextCache@28468162 size = 1, maxSize = 32, parentContextCount = 0, hitCount = 11, missCount = 1]
educationSystem 2022-01-13 13:55:35.514 [,] [Test worker] DEBUG o.s.t.c.s.AbstractDirtiesContextTestExecutionListener - After test method: context [DefaultTestContext@132ddbab testClass = EducationSystemApplicationTests, testInstance = by.akimova.educationSystem.EducationSystemApplicationTests@21262bde, testMethod = contextLoads@EducationSystemApplicationTests, testException = [null], mergedContextConfiguration = [WebMergedContextConfiguration@297ea53a testClass = EducationSystemApplicationTests, locations = '{}', classes = '{class by.akimova.educationSystem.EducationSystemApplication}', contextInitializerClasses = '[]', activeProfiles = '{}', propertySourceLocations = '{}', propertySourceProperties = '{org.springframework.boot.test.context.SpringBootTestContextBootstrapper=true}', contextCustomizers = set[org.springframework.boot.test.autoconfigure.actuate.metrics.MetricsExportContextCustomizerFactory$DisableMetricExportContextCustomizer@336f1079, org.springframework.boot.test.autoconfigure.properties.PropertyMappingContextCustomizer@0, org.springframework.boot.test.autoconfigure.web.servlet.WebDriverContextCustomizerFactory$Customizer@40db2a24, org.springframework.boot.test.context.filter.ExcludeFilterContextCustomizer@7f132176, org.springframework.boot.test.json.DuplicateJsonObjectContextCustomizerFactory$DuplicateJsonObjectContextCustomizer@6ed3f258, org.springframework.boot.test.mock.mockito.MockitoContextCustomizer@0, org.springframework.boot.test.web.client.TestRestTemplateContextCustomizer@53de625d, org.springframework.boot.test.context.SpringBootTestArgs@1, org.springframework.boot.test.context.SpringBootTestWebEnvironment@31e5415e], resourceBasePath = 'src/main/webapp', contextLoader = 'org.springframework.boot.test.context.SpringBootContextLoader', parent = [null]], attributes = map['org.springframework.test.context.web.ServletTestExecutionListener.activateListener' -> true, 'org.springframework.test.context.web.ServletTestExecutionListener.populatedRequestContextHolder' -> true, 'org.springframework.test.context.web.ServletTestExecutionListener.resetRequestContextHolder' -> true, 'org.springframework.test.context.event.ApplicationEventsTestExecutionListener.recordApplicationEvents' -> false]], class annotated with @DirtiesContext [false] with mode [null], method annotated with @DirtiesContext [false] with mode [null].
educationSystem 2022-01-13 13:55:35.514 [,] [Test worker] DEBUG o.s.t.c.w.ServletTestExecutionListener - Resetting RequestContextHolder for test context [DefaultTestContext@132ddbab testClass = EducationSystemApplicationTests, testInstance = by.akimova.educationSystem.EducationSystemApplicationTests@21262bde, testMethod = contextLoads@EducationSystemApplicationTests, testException = [null], mergedContextConfiguration = [WebMergedContextConfiguration@297ea53a testClass = EducationSystemApplicationTests, locations = '{}', classes = '{class by.akimova.educationSystem.EducationSystemApplication}', contextInitializerClasses = '[]', activeProfiles = '{}', propertySourceLocations = '{}', propertySourceProperties = '{org.springframework.boot.test.context.SpringBootTestContextBootstrapper=true}', contextCustomizers = set[org.springframework.boot.test.autoconfigure.actuate.metrics.MetricsExportContextCustomizerFactory$DisableMetricExportContextCustomizer@336f1079, org.springframework.boot.test.autoconfigure.properties.PropertyMappingContextCustomizer@0, org.springframework.boot.test.autoconfigure.web.servlet.WebDriverContextCustomizerFactory$Customizer@40db2a24, org.springframework.boot.test.context.filter.ExcludeFilterContextCustomizer@7f132176, org.springframework.boot.test.json.DuplicateJsonObjectContextCustomizerFactory$DuplicateJsonObjectContextCustomizer@6ed3f258, org.springframework.boot.test.mock.mockito.MockitoContextCustomizer@0, org.springframework.boot.test.web.client.TestRestTemplateContextCustomizer@53de625d, org.springframework.boot.test.context.SpringBootTestArgs@1, org.springframework.boot.test.context.SpringBootTestWebEnvironment@31e5415e], resourceBasePath = 'src/main/webapp', contextLoader = 'org.springframework.boot.test.context.SpringBootContextLoader', parent = [null]], attributes = map['org.springframework.test.context.web.ServletTestExecutionListener.activateListener' -> true, 'org.springframework.test.context.web.ServletTestExecutionListener.populatedRequestContextHolder' -> true, 'org.springframework.test.context.web.ServletTestExecutionListener.resetRequestContextHolder' -> true, 'org.springframework.test.context.event.ApplicationEventsTestExecutionListener.recordApplicationEvents' -> false]].
educationSystem 2022-01-13 13:55:35.524 [,] [Test worker] DEBUG o.s.t.c.c.DefaultCacheAwareContextLoaderDelegate - Retrieved ApplicationContext [1723848804] from cache with key [[WebMergedContextConfiguration@297ea53a testClass = EducationSystemApplicationTests, locations = '{}', classes = '{class by.akimova.educationSystem.EducationSystemApplication}', contextInitializerClasses = '[]', activeProfiles = '{}', propertySourceLocations = '{}', propertySourceProperties = '{org.springframework.boot.test.context.SpringBootTestContextBootstrapper=true}', contextCustomizers = set[org.springframework.boot.test.autoconfigure.actuate.metrics.MetricsExportContextCustomizerFactory$DisableMetricExportContextCustomizer@336f1079, org.springframework.boot.test.autoconfigure.properties.PropertyMappingContextCustomizer@0, org.springframework.boot.test.autoconfigure.web.servlet.WebDriverContextCustomizerFactory$Customizer@40db2a24, org.springframework.boot.test.context.filter.ExcludeFilterContextCustomizer@7f132176, org.springframework.boot.test.json.DuplicateJsonObjectContextCustomizerFactory$DuplicateJsonObjectContextCustomizer@6ed3f258, org.springframework.boot.test.mock.mockito.MockitoContextCustomizer@0, org.springframework.boot.test.web.client.TestRestTemplateContextCustomizer@53de625d, org.springframework.boot.test.context.SpringBootTestArgs@1, org.springframework.boot.test.context.SpringBootTestWebEnvironment@31e5415e], resourceBasePath = 'src/main/webapp', contextLoader = 'org.springframework.boot.test.context.SpringBootContextLoader', parent = [null]]]
educationSystem 2022-01-13 13:55:35.525 [,] [Test worker] DEBUG o.springframework.test.context.cache - Spring test ApplicationContext cache statistics: [DefaultContextCache@28468162 size = 1, maxSize = 32, parentContextCount = 0, hitCount = 12, missCount = 1]
educationSystem 2022-01-13 13:55:35.526 [,] [Test worker] DEBUG o.s.t.c.s.AbstractDirtiesContextTestExecutionListener - After test class: context [DefaultTestContext@132ddbab testClass = EducationSystemApplicationTests, testInstance = [null], testMethod = [null], testException = [null], mergedContextConfiguration = [WebMergedContextConfiguration@297ea53a testClass = EducationSystemApplicationTests, locations = '{}', classes = '{class by.akimova.educationSystem.EducationSystemApplication}', contextInitializerClasses = '[]', activeProfiles = '{}', propertySourceLocations = '{}', propertySourceProperties = '{org.springframework.boot.test.context.SpringBootTestContextBootstrapper=true}', contextCustomizers = set[org.springframework.boot.test.autoconfigure.actuate.metrics.MetricsExportContextCustomizerFactory$DisableMetricExportContextCustomizer@336f1079, org.springframework.boot.test.autoconfigure.properties.PropertyMappingContextCustomizer@0, org.springframework.boot.test.autoconfigure.web.servlet.WebDriverContextCustomizerFactory$Customizer@40db2a24, org.springframework.boot.test.context.filter.ExcludeFilterContextCustomizer@7f132176, org.springframework.boot.test.json.DuplicateJsonObjectContextCustomizerFactory$DuplicateJsonObjectContextCustomizer@6ed3f258, org.springframework.boot.test.mock.mockito.MockitoContextCustomizer@0, org.springframework.boot.test.web.client.TestRestTemplateContextCustomizer@53de625d, org.springframework.boot.test.context.SpringBootTestArgs@1, org.springframework.boot.test.context.SpringBootTestWebEnvironment@31e5415e], resourceBasePath = 'src/main/webapp', contextLoader = 'org.springframework.boot.test.context.SpringBootContextLoader', parent = [null]], attributes = map['org.springframework.test.context.web.ServletTestExecutionListener.activateListener' -> true, 'org.springframework.test.context.event.ApplicationEventsTestExecutionListener.recordApplicationEvents' -> false, 'org.springframework.test.context.support.DependencyInjectionTestExecutionListener.reinjectDependencies' -> true]], class annotated with @DirtiesContext [false] with mode [null].
]]></system-out>
  <system-err><![CDATA[]]></system-err>
</testsuite>
